#
# There is insufficient memory for the Java Runtime Environment to continue.
# Native memory allocation (malloc) failed to allocate 1045104 bytes for Chunk::new
# Possible reasons:
#   The system is out of physical RAM or swap space
#   The process is running with CompressedOops enabled, and the Java Heap may be blocking the growth of the native heap
# Possible solutions:
#   Reduce memory load on the system
#   Increase physical memory or swap space
#   Check if swap backing store is full
#   Decrease Java heap size (-Xmx/-Xms)
#   Decrease number of Java threads
#   Decrease Java thread stack sizes (-Xss)
#   Set larger code cache with -XX:ReservedCodeCacheSize=
#   JVM is running with Unscaled Compressed Oops mode in which the Java heap is
#     placed in the first 4GB address space. The Java Heap base address is the
#     maximum limit for the native heap growth. Please use -XX:HeapBaseMinAddress
#     to set the Java Heap base and to place the Java Heap above 4GB virtual address.
# This output file may be truncated or incomplete.
#
#  Out of Memory Error (arena.cpp:191), pid=5996, tid=18100
#
# JRE version: OpenJDK Runtime Environment (17.0.9) (build 17.0.9+0--11185874)
# Java VM: OpenJDK 64-Bit Server VM (17.0.9+0--11185874, mixed mode, tiered, compressed oops, compressed class ptrs, g1 gc, windows-amd64)
# No core dump will be written. Minidumps are not enabled by default on client versions of Windows
#

---------------  S U M M A R Y ------------

Command Line: org.jetbrains.kotlin.cli.jvm.K2JVMCompiler @C:\Users\Gustavo\Documents\USP\Sistemas\Paozim\frontend\app\build\20240624_1081088371257658710.compiler.options

Host: AMD Ryzen 5 5500U with Radeon Graphics         , 12 cores, 5G,  Windows 11 , 64 bit Build 22621 (10.0.22621.3672)
Time: Mon Jun 24 17:16:49 2024 Hora oficial do Brasil elapsed time: 16.243306 seconds (0d 0h 0m 16s)

---------------  T H R E A D  ---------------

Current thread (0x00000228d54477b0):  JavaThread "C2 CompilerThread0" daemon [_thread_in_native, id=18100, stack(0x0000008168800000,0x0000008168900000)]


Current CompileTask:
C2:  16243 10104   !   4       jdk.internal.loader.BuiltinClassLoader::loadClassOrNull (143 bytes)

Stack: [0x0000008168800000,0x0000008168900000]
Native frames: (J=compiled Java code, j=interpreted, Vv=VM code, C=native code)
V  [jvm.dll+0x6886e9]
V  [jvm.dll+0x841e4a]
V  [jvm.dll+0x843a8e]
V  [jvm.dll+0x8440f3]
V  [jvm.dll+0x24c14f]
V  [jvm.dll+0xac44c]
V  [jvm.dll+0xaca9c]
V  [jvm.dll+0x36c1f7]
V  [jvm.dll+0x1be336]
V  [jvm.dll+0x21df09]
V  [jvm.dll+0x21d1d1]
V  [jvm.dll+0x1a674d]
V  [jvm.dll+0x22d088]
V  [jvm.dll+0x22b1c0]
V  [jvm.dll+0x7f62f7]
V  [jvm.dll+0x7f06aa]
V  [jvm.dll+0x687565]
C  [ucrtbase.dll+0x29333]
C  [KERNEL32.DLL+0x1257d]
C  [ntdll.dll+0x5af28]


---------------  P R O C E S S  ---------------

Threads class SMR info:
_java_thread_list=0x00000228dac81d10, length=12, elements={
0x00000228ba4dcd60, 0x00000228d52fb260, 0x00000228d52fc0e0, 0x00000228d52e7800,
0x00000228d52e83c0, 0x00000228d5446100, 0x00000228d5446ac0, 0x00000228d54477b0,
0x00000228d5448260, 0x00000228d544ac70, 0x00000228d55c65a0, 0x00000228d55d81b0
}

Java Threads: ( => current thread )
  0x00000228ba4dcd60 JavaThread "main" [_thread_in_native, id=24728, stack(0x0000008167b00000,0x0000008167c00000)]
  0x00000228d52fb260 JavaThread "Reference Handler" daemon [_thread_blocked, id=12736, stack(0x0000008168200000,0x0000008168300000)]
  0x00000228d52fc0e0 JavaThread "Finalizer" daemon [_thread_blocked, id=7508, stack(0x0000008168300000,0x0000008168400000)]
  0x00000228d52e7800 JavaThread "Signal Dispatcher" daemon [_thread_blocked, id=16976, stack(0x0000008168400000,0x0000008168500000)]
  0x00000228d52e83c0 JavaThread "Attach Listener" daemon [_thread_blocked, id=10600, stack(0x0000008168500000,0x0000008168600000)]
  0x00000228d5446100 JavaThread "Service Thread" daemon [_thread_blocked, id=11808, stack(0x0000008168600000,0x0000008168700000)]
  0x00000228d5446ac0 JavaThread "Monitor Deflation Thread" daemon [_thread_blocked, id=13888, stack(0x0000008168700000,0x0000008168800000)]
=>0x00000228d54477b0 JavaThread "C2 CompilerThread0" daemon [_thread_in_native, id=18100, stack(0x0000008168800000,0x0000008168900000)]
  0x00000228d5448260 JavaThread "C1 CompilerThread0" daemon [_thread_blocked, id=10624, stack(0x0000008168900000,0x0000008168a00000)]
  0x00000228d544ac70 JavaThread "Sweeper thread" daemon [_thread_blocked, id=1264, stack(0x0000008168a00000,0x0000008168b00000)]
  0x00000228d55c65a0 JavaThread "Notification Thread" daemon [_thread_blocked, id=2832, stack(0x0000008168b00000,0x0000008168c00000)]
  0x00000228d55d81b0 JavaThread "Common-Cleaner" daemon [_thread_blocked, id=11436, stack(0x0000008168d00000,0x0000008168e00000)]

Other Threads:
  0x00000228d52bd4c0 VMThread "VM Thread" [stack: 0x0000008168100000,0x0000008168200000] [id=18304]
  0x00000228d55c6c90 WatcherThread [stack: 0x0000008168c00000,0x0000008168d00000] [id=11236]
  0x00000228ba52bf80 GCTaskThread "GC Thread#0" [stack: 0x0000008167c00000,0x0000008167d00000] [id=22236]
  0x00000228da369840 GCTaskThread "GC Thread#1" [stack: 0x0000008168f00000,0x0000008169000000] [id=22344]
  0x00000228da3a2450 GCTaskThread "GC Thread#2" [stack: 0x0000008169000000,0x0000008169100000] [id=6276]
  0x00000228da3a2710 GCTaskThread "GC Thread#3" [stack: 0x0000008169100000,0x0000008169200000] [id=15840]
  0x00000228da3a89f0 GCTaskThread "GC Thread#4" [stack: 0x0000008169200000,0x0000008169300000] [id=9168]
  0x00000228da9fa0d0 GCTaskThread "GC Thread#5" [stack: 0x0000008169300000,0x0000008169400000] [id=21476]
  0x00000228da9fa390 GCTaskThread "GC Thread#6" [stack: 0x0000008169400000,0x0000008169500000] [id=4080]
  0x00000228da9fa650 GCTaskThread "GC Thread#7" [stack: 0x0000008169500000,0x0000008169600000] [id=6280]
  0x00000228da9fa910 GCTaskThread "GC Thread#8" [stack: 0x0000008169600000,0x0000008169700000] [id=15344]
  0x00000228da9fabd0 GCTaskThread "GC Thread#9" [stack: 0x0000008169700000,0x0000008169800000] [id=15744]
  0x00000228ba538a90 ConcurrentGCThread "G1 Main Marker" [stack: 0x0000008167d00000,0x0000008167e00000] [id=14140]
  0x00000228ba5394b0 ConcurrentGCThread "G1 Conc#0" [stack: 0x0000008167e00000,0x0000008167f00000] [id=19448]
  0x00000228da9fc2e0 ConcurrentGCThread "G1 Conc#1" [stack: 0x0000008169800000,0x0000008169900000] [id=16112]
  0x00000228dad432b0 ConcurrentGCThread "G1 Conc#2" [stack: 0x0000008169900000,0x0000008169a00000] [id=12704]
  0x00000228d51320c0 ConcurrentGCThread "G1 Refine#0" [stack: 0x0000008167f00000,0x0000008168000000] [id=8776]
  0x00000228da7033a0 ConcurrentGCThread "G1 Refine#1" [stack: 0x0000008168e00000,0x0000008168f00000] [id=9700]
  0x00000228da704830 ConcurrentGCThread "G1 Refine#2" [stack: 0x0000008169a00000,0x0000008169b00000] [id=5988]
  0x00000228da703690 ConcurrentGCThread "G1 Refine#3" [stack: 0x0000008169b00000,0x0000008169c00000] [id=3472]
  0x00000228da7030b0 ConcurrentGCThread "G1 Refine#4" [stack: 0x0000008169c00000,0x0000008169d00000] [id=2356]
  0x00000228da701930 ConcurrentGCThread "G1 Refine#5" [stack: 0x0000008169d00000,0x0000008169e00000] [id=15656]
  0x00000228da702dc0 ConcurrentGCThread "G1 Refine#6" [stack: 0x0000008169e00000,0x0000008169f00000] [id=8408]
  0x00000228da701c20 ConcurrentGCThread "G1 Refine#7" [stack: 0x0000008169f00000,0x000000816a000000] [id=4820]
  0x00000228da701f10 ConcurrentGCThread "G1 Refine#8" [stack: 0x000000816a000000,0x000000816a100000] [id=17524]
  0x00000228da703980 ConcurrentGCThread "G1 Refine#9" [stack: 0x000000816a100000,0x000000816a200000] [id=20140]
  0x00000228d5132af0 ConcurrentGCThread "G1 Service" [stack: 0x0000008168000000,0x0000008168100000] [id=17760]

Threads with active compile tasks:
C2 CompilerThread0    17047 10104   !   4       jdk.internal.loader.BuiltinClassLoader::loadClassOrNull (143 bytes)

VM state: not at safepoint (normal execution)

VM Mutex/Monitor currently owned by a thread: None

Heap address: 0x00000000a2200000, size: 1502 MB, Compressed Oops mode: 32-bit

CDS archive(s) not mapped
Compressed class space mapped at: 0x0000000100000000-0x0000000140000000, reserved size: 1073741824
Narrow klass base: 0x0000000000000000, Narrow klass shift: 3, Narrow klass range: 0x140000000

GC Precious Log:
 CPUs: 12 total, 12 available
 Memory: 6005M
 Large Page Support: Disabled
 NUMA Support: Disabled
 Compressed Oops: Enabled (32-bit)
 Heap Region Size: 1M
 Heap Min Capacity: 8M
 Heap Initial Capacity: 94M
 Heap Max Capacity: 1502M
 Pre-touch: Disabled
 Parallel Workers: 10
 Concurrent Workers: 3
 Concurrent Refinement Workers: 10
 Periodic GC: Disabled

Heap:
 garbage-first heap   total 208896K, used 80528K [0x00000000a2200000, 0x0000000100000000)
  region size 1024K, 5 young (5120K), 2 survivors (2048K)
 Metaspace       used 71496K, committed 71808K, reserved 1114112K
  class space    used 8168K, committed 8320K, reserved 1048576K

Heap Regions: E=young(eden), S=young(survivor), O=old, HS=humongous(starts), HC=humongous(continues), CS=collection set, F=free, OA=open archive, CA=closed archive, TAMS=top-at-mark-start (previous, next)
|   0|0x00000000a2200000, 0x00000000a2300000, 0x00000000a2300000|100%|HS|  |TAMS 0x00000000a2300000, 0x00000000a2200000| Complete 
|   1|0x00000000a2300000, 0x00000000a2400000, 0x00000000a2400000|100%|HC|  |TAMS 0x00000000a2400000, 0x00000000a2300000| Complete 
|   2|0x00000000a2400000, 0x00000000a2500000, 0x00000000a2500000|100%|HC|  |TAMS 0x00000000a2500000, 0x00000000a2400000| Complete 
|   3|0x00000000a2500000, 0x00000000a2600000, 0x00000000a2600000|100%|HC|  |TAMS 0x00000000a2600000, 0x00000000a2500000| Complete 
|   4|0x00000000a2600000, 0x00000000a2700000, 0x00000000a2700000|100%| O|  |TAMS 0x00000000a2700000, 0x00000000a2600000| Untracked 
|   5|0x00000000a2700000, 0x00000000a2800000, 0x00000000a2800000|100%| O|  |TAMS 0x00000000a2800000, 0x00000000a2700000| Untracked 
|   6|0x00000000a2800000, 0x00000000a2900000, 0x00000000a2900000|100%| O|  |TAMS 0x00000000a2900000, 0x00000000a2800000| Untracked 
|   7|0x00000000a2900000, 0x00000000a2a00000, 0x00000000a2a00000|100%| O|  |TAMS 0x00000000a2a00000, 0x00000000a2900000| Untracked 
|   8|0x00000000a2a00000, 0x00000000a2b00000, 0x00000000a2b00000|100%| O|  |TAMS 0x00000000a2a00000, 0x00000000a2a00000| Untracked 
|   9|0x00000000a2b00000, 0x00000000a2c00000, 0x00000000a2c00000|100%| O|  |TAMS 0x00000000a2c00000, 0x00000000a2b00000| Untracked 
|  10|0x00000000a2c00000, 0x00000000a2d00000, 0x00000000a2d00000|100%| O|  |TAMS 0x00000000a2d00000, 0x00000000a2c00000| Untracked 
|  11|0x00000000a2d00000, 0x00000000a2e00000, 0x00000000a2e00000|100%| O|  |TAMS 0x00000000a2e00000, 0x00000000a2d00000| Untracked 
|  12|0x00000000a2e00000, 0x00000000a2f00000, 0x00000000a2f00000|100%| O|  |TAMS 0x00000000a2f00000, 0x00000000a2e00000| Untracked 
|  13|0x00000000a2f00000, 0x00000000a3000000, 0x00000000a3000000|100%| O|  |TAMS 0x00000000a3000000, 0x00000000a2f00000| Untracked 
|  14|0x00000000a3000000, 0x00000000a3100000, 0x00000000a3100000|100%| O|  |TAMS 0x00000000a3100000, 0x00000000a3000000| Untracked 
|  15|0x00000000a3100000, 0x00000000a3200000, 0x00000000a3200000|100%| O|  |TAMS 0x00000000a3200000, 0x00000000a3100000| Untracked 
|  16|0x00000000a3200000, 0x00000000a3300000, 0x00000000a3300000|100%| O|  |TAMS 0x00000000a3300000, 0x00000000a3200000| Untracked 
|  17|0x00000000a3300000, 0x00000000a3400000, 0x00000000a3400000|100%| O|  |TAMS 0x00000000a3400000, 0x00000000a3300000| Untracked 
|  18|0x00000000a3400000, 0x00000000a3500000, 0x00000000a3500000|100%| O|  |TAMS 0x00000000a3500000, 0x00000000a3400000| Untracked 
|  19|0x00000000a3500000, 0x00000000a3600000, 0x00000000a3600000|100%|HS|  |TAMS 0x00000000a3600000, 0x00000000a3500000| Complete 
|  20|0x00000000a3600000, 0x00000000a3700000, 0x00000000a3700000|100%|HC|  |TAMS 0x00000000a3700000, 0x00000000a3600000| Complete 
|  21|0x00000000a3700000, 0x00000000a3800000, 0x00000000a3800000|100%| O|  |TAMS 0x00000000a3800000, 0x00000000a3700000| Untracked 
|  22|0x00000000a3800000, 0x00000000a3900000, 0x00000000a3900000|100%| O|  |TAMS 0x00000000a3900000, 0x00000000a3800000| Untracked 
|  23|0x00000000a3900000, 0x00000000a3a00000, 0x00000000a3a00000|100%| O|  |TAMS 0x00000000a3a00000, 0x00000000a3900000| Untracked 
|  24|0x00000000a3a00000, 0x00000000a3b00000, 0x00000000a3b00000|100%| O|  |TAMS 0x00000000a3b00000, 0x00000000a3a00000| Untracked 
|  25|0x00000000a3b00000, 0x00000000a3c00000, 0x00000000a3c00000|100%| O|  |TAMS 0x00000000a3c00000, 0x00000000a3b00000| Untracked 
|  26|0x00000000a3c00000, 0x00000000a3d00000, 0x00000000a3d00000|100%| O|  |TAMS 0x00000000a3d00000, 0x00000000a3c00000| Untracked 
|  27|0x00000000a3d00000, 0x00000000a3e00000, 0x00000000a3e00000|100%| O|  |TAMS 0x00000000a3e00000, 0x00000000a3d00000| Untracked 
|  28|0x00000000a3e00000, 0x00000000a3f00000, 0x00000000a3f00000|100%| O|  |TAMS 0x00000000a3f00000, 0x00000000a3e00000| Untracked 
|  29|0x00000000a3f00000, 0x00000000a4000000, 0x00000000a4000000|100%| O|  |TAMS 0x00000000a4000000, 0x00000000a3f00000| Untracked 
|  30|0x00000000a4000000, 0x00000000a4100000, 0x00000000a4100000|100%| O|  |TAMS 0x00000000a4100000, 0x00000000a4000000| Untracked 
|  31|0x00000000a4100000, 0x00000000a4200000, 0x00000000a4200000|100%| O|  |TAMS 0x00000000a4200000, 0x00000000a4100000| Untracked 
|  32|0x00000000a4200000, 0x00000000a4200000, 0x00000000a4300000|  0%| F|  |TAMS 0x00000000a4200000, 0x00000000a4200000| Untracked 
|  33|0x00000000a4300000, 0x00000000a4400000, 0x00000000a4400000|100%| O|  |TAMS 0x00000000a4400000, 0x00000000a4300000| Untracked 
|  34|0x00000000a4400000, 0x00000000a4500000, 0x00000000a4500000|100%| O|  |TAMS 0x00000000a4500000, 0x00000000a4400000| Untracked 
|  35|0x00000000a4500000, 0x00000000a4600000, 0x00000000a4600000|100%| O|  |TAMS 0x00000000a4600000, 0x00000000a4500000| Untracked 
|  36|0x00000000a4600000, 0x00000000a4700000, 0x00000000a4700000|100%| O|  |TAMS 0x00000000a4700000, 0x00000000a4600000| Untracked 
|  37|0x00000000a4700000, 0x00000000a4800000, 0x00000000a4800000|100%| O|  |TAMS 0x00000000a4800000, 0x00000000a4700000| Untracked 
|  38|0x00000000a4800000, 0x00000000a4900000, 0x00000000a4900000|100%| O|  |TAMS 0x00000000a4900000, 0x00000000a4800000| Untracked 
|  39|0x00000000a4900000, 0x00000000a4a00000, 0x00000000a4a00000|100%| O|  |TAMS 0x00000000a4a00000, 0x00000000a4900000| Untracked 
|  40|0x00000000a4a00000, 0x00000000a4b00000, 0x00000000a4b00000|100%| O|  |TAMS 0x00000000a4b00000, 0x00000000a4a00000| Untracked 
|  41|0x00000000a4b00000, 0x00000000a4c00000, 0x00000000a4c00000|100%| O|  |TAMS 0x00000000a4c00000, 0x00000000a4b00000| Untracked 
|  42|0x00000000a4c00000, 0x00000000a4d00000, 0x00000000a4d00000|100%| O|  |TAMS 0x00000000a4d00000, 0x00000000a4c00000| Untracked 
|  43|0x00000000a4d00000, 0x00000000a4e00000, 0x00000000a4e00000|100%| O|  |TAMS 0x00000000a4e00000, 0x00000000a4d00000| Untracked 
|  44|0x00000000a4e00000, 0x00000000a4f00000, 0x00000000a4f00000|100%| O|  |TAMS 0x00000000a4f00000, 0x00000000a4e00000| Untracked 
|  45|0x00000000a4f00000, 0x00000000a5000000, 0x00000000a5000000|100%| O|  |TAMS 0x00000000a5000000, 0x00000000a4f00000| Untracked 
|  46|0x00000000a5000000, 0x00000000a5100000, 0x00000000a5100000|100%| O|  |TAMS 0x00000000a5100000, 0x00000000a5000000| Untracked 
|  47|0x00000000a5100000, 0x00000000a5200000, 0x00000000a5200000|100%| O|  |TAMS 0x00000000a5200000, 0x00000000a5100000| Untracked 
|  48|0x00000000a5200000, 0x00000000a5300000, 0x00000000a5300000|100%| O|  |TAMS 0x00000000a5300000, 0x00000000a5200000| Untracked 
|  49|0x00000000a5300000, 0x00000000a5400000, 0x00000000a5400000|100%| O|  |TAMS 0x00000000a5400000, 0x00000000a5300000| Untracked 
|  50|0x00000000a5400000, 0x00000000a5500000, 0x00000000a5500000|100%| O|  |TAMS 0x00000000a5500000, 0x00000000a5400000| Untracked 
|  51|0x00000000a5500000, 0x00000000a5600000, 0x00000000a5600000|100%| O|  |TAMS 0x00000000a5600000, 0x00000000a5500000| Untracked 
|  52|0x00000000a5600000, 0x00000000a5700000, 0x00000000a5700000|100%| O|  |TAMS 0x00000000a5700000, 0x00000000a5600000| Untracked 
|  53|0x00000000a5700000, 0x00000000a5800000, 0x00000000a5800000|100%| O|  |TAMS 0x00000000a5800000, 0x00000000a5700000| Untracked 
|  54|0x00000000a5800000, 0x00000000a5900000, 0x00000000a5900000|100%| O|  |TAMS 0x00000000a5900000, 0x00000000a5800000| Untracked 
|  55|0x00000000a5900000, 0x00000000a5a00000, 0x00000000a5a00000|100%| O|  |TAMS 0x00000000a5a00000, 0x00000000a5900000| Untracked 
|  56|0x00000000a5a00000, 0x00000000a5b00000, 0x00000000a5b00000|100%| O|  |TAMS 0x00000000a5a71800, 0x00000000a5a00000| Untracked 
|  57|0x00000000a5b00000, 0x00000000a5c00000, 0x00000000a5c00000|100%| O|  |TAMS 0x00000000a5b00000, 0x00000000a5b00000| Untracked 
|  58|0x00000000a5c00000, 0x00000000a5d00000, 0x00000000a5d00000|100%| O|  |TAMS 0x00000000a5c00000, 0x00000000a5c00000| Untracked 
|  59|0x00000000a5d00000, 0x00000000a5e00000, 0x00000000a5e00000|100%| O|  |TAMS 0x00000000a5d00000, 0x00000000a5d00000| Untracked 
|  60|0x00000000a5e00000, 0x00000000a5f00000, 0x00000000a5f00000|100%| O|  |TAMS 0x00000000a5e00000, 0x00000000a5e00000| Untracked 
|  61|0x00000000a5f00000, 0x00000000a6000000, 0x00000000a6000000|100%| O|  |TAMS 0x00000000a5f00000, 0x00000000a5f00000| Untracked 
|  62|0x00000000a6000000, 0x00000000a6100000, 0x00000000a6100000|100%| O|  |TAMS 0x00000000a6000000, 0x00000000a6000000| Untracked 
|  63|0x00000000a6100000, 0x00000000a6200000, 0x00000000a6200000|100%| O|  |TAMS 0x00000000a6100000, 0x00000000a6100000| Untracked 
|  64|0x00000000a6200000, 0x00000000a6300000, 0x00000000a6300000|100%| O|  |TAMS 0x00000000a6200000, 0x00000000a6200000| Untracked 
|  65|0x00000000a6300000, 0x00000000a6400000, 0x00000000a6400000|100%| O|  |TAMS 0x00000000a6300000, 0x00000000a6300000| Untracked 
|  66|0x00000000a6400000, 0x00000000a6500000, 0x00000000a6500000|100%| O|  |TAMS 0x00000000a6400000, 0x00000000a6400000| Untracked 
|  67|0x00000000a6500000, 0x00000000a6500000, 0x00000000a6600000|  0%| F|  |TAMS 0x00000000a6500000, 0x00000000a6500000| Untracked 
|  68|0x00000000a6600000, 0x00000000a6600000, 0x00000000a6700000|  0%| F|  |TAMS 0x00000000a6600000, 0x00000000a6600000| Untracked 
|  69|0x00000000a6700000, 0x00000000a6700000, 0x00000000a6800000|  0%| F|  |TAMS 0x00000000a6700000, 0x00000000a6700000| Untracked 
|  70|0x00000000a6800000, 0x00000000a6800000, 0x00000000a6900000|  0%| F|  |TAMS 0x00000000a6800000, 0x00000000a6800000| Untracked 
|  71|0x00000000a6900000, 0x00000000a6900000, 0x00000000a6a00000|  0%| F|  |TAMS 0x00000000a6900000, 0x00000000a6900000| Untracked 
|  72|0x00000000a6a00000, 0x00000000a6a00000, 0x00000000a6b00000|  0%| F|  |TAMS 0x00000000a6a00000, 0x00000000a6a00000| Untracked 
|  73|0x00000000a6b00000, 0x00000000a6c00000, 0x00000000a6c00000|100%| O|  |TAMS 0x00000000a6b00000, 0x00000000a6b00000| Untracked 
|  74|0x00000000a6c00000, 0x00000000a6d00000, 0x00000000a6d00000|100%| O|  |TAMS 0x00000000a6c00000, 0x00000000a6c00000| Untracked 
|  75|0x00000000a6d00000, 0x00000000a6e00000, 0x00000000a6e00000|100%| O|  |TAMS 0x00000000a6d00000, 0x00000000a6d00000| Untracked 
|  76|0x00000000a6e00000, 0x00000000a6f00000, 0x00000000a6f00000|100%| O|  |TAMS 0x00000000a6e00000, 0x00000000a6e00000| Untracked 
|  77|0x00000000a6f00000, 0x00000000a6f00000, 0x00000000a7000000|  0%| F|  |TAMS 0x00000000a6f00000, 0x00000000a6f00000| Untracked 
|  78|0x00000000a7000000, 0x00000000a7000000, 0x00000000a7100000|  0%| F|  |TAMS 0x00000000a7000000, 0x00000000a7000000| Untracked 
|  79|0x00000000a7100000, 0x00000000a7100000, 0x00000000a7200000|  0%| F|  |TAMS 0x00000000a7100000, 0x00000000a7100000| Untracked 
|  80|0x00000000a7200000, 0x00000000a7200000, 0x00000000a7300000|  0%| F|  |TAMS 0x00000000a7200000, 0x00000000a7200000| Untracked 
|  81|0x00000000a7300000, 0x00000000a7300000, 0x00000000a7400000|  0%| F|  |TAMS 0x00000000a7300000, 0x00000000a7300000| Untracked 
|  82|0x00000000a7400000, 0x00000000a7400000, 0x00000000a7500000|  0%| F|  |TAMS 0x00000000a7400000, 0x00000000a7400000| Untracked 
|  83|0x00000000a7500000, 0x00000000a7500000, 0x00000000a7600000|  0%| F|  |TAMS 0x00000000a7500000, 0x00000000a7500000| Untracked 
|  84|0x00000000a7600000, 0x00000000a7600000, 0x00000000a7700000|  0%| F|  |TAMS 0x00000000a7600000, 0x00000000a7600000| Untracked 
|  85|0x00000000a7700000, 0x00000000a7700000, 0x00000000a7800000|  0%| F|  |TAMS 0x00000000a7700000, 0x00000000a7700000| Untracked 
|  86|0x00000000a7800000, 0x00000000a7800000, 0x00000000a7900000|  0%| F|  |TAMS 0x00000000a7800000, 0x00000000a7800000| Untracked 
|  87|0x00000000a7900000, 0x00000000a7a00000, 0x00000000a7a00000|100%| O|  |TAMS 0x00000000a7900000, 0x00000000a7900000| Untracked 
|  88|0x00000000a7a00000, 0x00000000a7b00000, 0x00000000a7b00000|100%| O|  |TAMS 0x00000000a7a00000, 0x00000000a7a00000| Untracked 
|  89|0x00000000a7b00000, 0x00000000a7c00000, 0x00000000a7c00000|100%| O|  |TAMS 0x00000000a7b00000, 0x00000000a7b00000| Untracked 
|  90|0x00000000a7c00000, 0x00000000a7d00000, 0x00000000a7d00000|100%| O|  |TAMS 0x00000000a7c00000, 0x00000000a7c00000| Untracked 
|  91|0x00000000a7d00000, 0x00000000a7e00000, 0x00000000a7e00000|100%| O|  |TAMS 0x00000000a7d00000, 0x00000000a7d00000| Untracked 
|  92|0x00000000a7e00000, 0x00000000a7e24000, 0x00000000a7f00000| 14%| O|  |TAMS 0x00000000a7e00000, 0x00000000a7e00000| Untracked 
|  93|0x00000000a7f00000, 0x00000000a7f00000, 0x00000000a8000000|  0%| F|  |TAMS 0x00000000a7f00000, 0x00000000a7f00000| Untracked 
|  94|0x00000000a8000000, 0x00000000a8000000, 0x00000000a8100000|  0%| F|  |TAMS 0x00000000a8000000, 0x00000000a8000000| Untracked 
|  95|0x00000000a8100000, 0x00000000a8100000, 0x00000000a8200000|  0%| F|  |TAMS 0x00000000a8100000, 0x00000000a8100000| Untracked 
|  96|0x00000000a8200000, 0x00000000a8200000, 0x00000000a8300000|  0%| F|  |TAMS 0x00000000a8200000, 0x00000000a8200000| Untracked 
|  97|0x00000000a8300000, 0x00000000a8300000, 0x00000000a8400000|  0%| F|  |TAMS 0x00000000a8300000, 0x00000000a8300000| Untracked 
|  98|0x00000000a8400000, 0x00000000a8400000, 0x00000000a8500000|  0%| F|  |TAMS 0x00000000a8400000, 0x00000000a8400000| Untracked 
|  99|0x00000000a8500000, 0x00000000a8500000, 0x00000000a8600000|  0%| F|  |TAMS 0x00000000a8500000, 0x00000000a8500000| Untracked 
| 100|0x00000000a8600000, 0x00000000a8600000, 0x00000000a8700000|  0%| F|  |TAMS 0x00000000a8600000, 0x00000000a8600000| Untracked 
| 101|0x00000000a8700000, 0x00000000a8700000, 0x00000000a8800000|  0%| F|  |TAMS 0x00000000a8700000, 0x00000000a8700000| Untracked 
| 102|0x00000000a8800000, 0x00000000a8800000, 0x00000000a8900000|  0%| F|  |TAMS 0x00000000a8800000, 0x00000000a8800000| Untracked 
| 103|0x00000000a8900000, 0x00000000a8900000, 0x00000000a8a00000|  0%| F|  |TAMS 0x00000000a8900000, 0x00000000a8900000| Untracked 
| 104|0x00000000a8a00000, 0x00000000a8a00000, 0x00000000a8b00000|  0%| F|  |TAMS 0x00000000a8a00000, 0x00000000a8a00000| Untracked 
| 105|0x00000000a8b00000, 0x00000000a8b00000, 0x00000000a8c00000|  0%| F|  |TAMS 0x00000000a8b00000, 0x00000000a8b00000| Untracked 
| 106|0x00000000a8c00000, 0x00000000a8c00000, 0x00000000a8d00000|  0%| F|  |TAMS 0x00000000a8c00000, 0x00000000a8c00000| Untracked 
| 107|0x00000000a8d00000, 0x00000000a8d00000, 0x00000000a8e00000|  0%| F|  |TAMS 0x00000000a8d00000, 0x00000000a8d00000| Untracked 
| 108|0x00000000a8e00000, 0x00000000a8e00000, 0x00000000a8f00000|  0%| F|  |TAMS 0x00000000a8e00000, 0x00000000a8e00000| Untracked 
| 109|0x00000000a8f00000, 0x00000000a8f00000, 0x00000000a9000000|  0%| F|  |TAMS 0x00000000a8f00000, 0x00000000a8f00000| Untracked 
| 110|0x00000000a9000000, 0x00000000a9000000, 0x00000000a9100000|  0%| F|  |TAMS 0x00000000a9000000, 0x00000000a9000000| Untracked 
| 111|0x00000000a9100000, 0x00000000a9100000, 0x00000000a9200000|  0%| F|  |TAMS 0x00000000a9100000, 0x00000000a9100000| Untracked 
| 112|0x00000000a9200000, 0x00000000a9200000, 0x00000000a9300000|  0%| F|  |TAMS 0x00000000a9200000, 0x00000000a9200000| Untracked 
| 113|0x00000000a9300000, 0x00000000a9300000, 0x00000000a9400000|  0%| F|  |TAMS 0x00000000a9300000, 0x00000000a9300000| Untracked 
| 114|0x00000000a9400000, 0x00000000a9400000, 0x00000000a9500000|  0%| F|  |TAMS 0x00000000a9400000, 0x00000000a9400000| Untracked 
| 115|0x00000000a9500000, 0x00000000a9500000, 0x00000000a9600000|  0%| F|  |TAMS 0x00000000a9500000, 0x00000000a9500000| Untracked 
| 116|0x00000000a9600000, 0x00000000a9600000, 0x00000000a9700000|  0%| F|  |TAMS 0x00000000a9600000, 0x00000000a9600000| Untracked 
| 117|0x00000000a9700000, 0x00000000a9700000, 0x00000000a9800000|  0%| F|  |TAMS 0x00000000a9700000, 0x00000000a9700000| Untracked 
| 118|0x00000000a9800000, 0x00000000a9800000, 0x00000000a9900000|  0%| F|  |TAMS 0x00000000a9800000, 0x00000000a9800000| Untracked 
| 119|0x00000000a9900000, 0x00000000a9900000, 0x00000000a9a00000|  0%| F|  |TAMS 0x00000000a9900000, 0x00000000a9900000| Untracked 
| 120|0x00000000a9a00000, 0x00000000a9a00000, 0x00000000a9b00000|  0%| F|  |TAMS 0x00000000a9a00000, 0x00000000a9a00000| Untracked 
| 121|0x00000000a9b00000, 0x00000000a9b00000, 0x00000000a9c00000|  0%| F|  |TAMS 0x00000000a9b00000, 0x00000000a9b00000| Untracked 
| 122|0x00000000a9c00000, 0x00000000a9c00000, 0x00000000a9d00000|  0%| F|  |TAMS 0x00000000a9c00000, 0x00000000a9c00000| Untracked 
| 123|0x00000000a9d00000, 0x00000000a9d00000, 0x00000000a9e00000|  0%| F|  |TAMS 0x00000000a9d00000, 0x00000000a9d00000| Untracked 
| 124|0x00000000a9e00000, 0x00000000a9e00000, 0x00000000a9f00000|  0%| F|  |TAMS 0x00000000a9e00000, 0x00000000a9e00000| Untracked 
| 125|0x00000000a9f00000, 0x00000000a9f00000, 0x00000000aa000000|  0%| F|  |TAMS 0x00000000a9f00000, 0x00000000a9f00000| Untracked 
| 126|0x00000000aa000000, 0x00000000aa000000, 0x00000000aa100000|  0%| F|  |TAMS 0x00000000aa000000, 0x00000000aa000000| Untracked 
| 127|0x00000000aa100000, 0x00000000aa100000, 0x00000000aa200000|  0%| F|  |TAMS 0x00000000aa100000, 0x00000000aa100000| Untracked 
| 128|0x00000000aa200000, 0x00000000aa200000, 0x00000000aa300000|  0%| F|  |TAMS 0x00000000aa200000, 0x00000000aa200000| Untracked 
| 129|0x00000000aa300000, 0x00000000aa300000, 0x00000000aa400000|  0%| F|  |TAMS 0x00000000aa300000, 0x00000000aa300000| Untracked 
| 130|0x00000000aa400000, 0x00000000aa400000, 0x00000000aa500000|  0%| F|  |TAMS 0x00000000aa400000, 0x00000000aa400000| Untracked 
| 131|0x00000000aa500000, 0x00000000aa500000, 0x00000000aa600000|  0%| F|  |TAMS 0x00000000aa500000, 0x00000000aa500000| Untracked 
| 132|0x00000000aa600000, 0x00000000aa600000, 0x00000000aa700000|  0%| F|  |TAMS 0x00000000aa600000, 0x00000000aa600000| Untracked 
| 133|0x00000000aa700000, 0x00000000aa700000, 0x00000000aa800000|  0%| F|  |TAMS 0x00000000aa700000, 0x00000000aa700000| Untracked 
| 134|0x00000000aa800000, 0x00000000aa800000, 0x00000000aa900000|  0%| F|  |TAMS 0x00000000aa800000, 0x00000000aa800000| Untracked 
| 135|0x00000000aa900000, 0x00000000aa900000, 0x00000000aaa00000|  0%| F|  |TAMS 0x00000000aa900000, 0x00000000aa900000| Untracked 
| 136|0x00000000aaa00000, 0x00000000aaa00000, 0x00000000aab00000|  0%| F|  |TAMS 0x00000000aaa00000, 0x00000000aaa00000| Untracked 
| 137|0x00000000aab00000, 0x00000000aab00000, 0x00000000aac00000|  0%| F|  |TAMS 0x00000000aab00000, 0x00000000aab00000| Untracked 
| 138|0x00000000aac00000, 0x00000000aac00000, 0x00000000aad00000|  0%| F|  |TAMS 0x00000000aac00000, 0x00000000aac00000| Untracked 
| 139|0x00000000aad00000, 0x00000000aad00000, 0x00000000aae00000|  0%| F|  |TAMS 0x00000000aad00000, 0x00000000aad00000| Untracked 
| 140|0x00000000aae00000, 0x00000000aae00000, 0x00000000aaf00000|  0%| F|  |TAMS 0x00000000aae00000, 0x00000000aae00000| Untracked 
| 141|0x00000000aaf00000, 0x00000000aaf00000, 0x00000000ab000000|  0%| F|  |TAMS 0x00000000aaf00000, 0x00000000aaf00000| Untracked 
| 142|0x00000000ab000000, 0x00000000ab000000, 0x00000000ab100000|  0%| F|  |TAMS 0x00000000ab000000, 0x00000000ab000000| Untracked 
| 143|0x00000000ab100000, 0x00000000ab100000, 0x00000000ab200000|  0%| F|  |TAMS 0x00000000ab100000, 0x00000000ab100000| Untracked 
| 144|0x00000000ab200000, 0x00000000ab200000, 0x00000000ab300000|  0%| F|  |TAMS 0x00000000ab200000, 0x00000000ab200000| Untracked 
| 145|0x00000000ab300000, 0x00000000ab300000, 0x00000000ab400000|  0%| F|  |TAMS 0x00000000ab300000, 0x00000000ab300000| Untracked 
| 146|0x00000000ab400000, 0x00000000ab400000, 0x00000000ab500000|  0%| F|  |TAMS 0x00000000ab400000, 0x00000000ab400000| Untracked 
| 147|0x00000000ab500000, 0x00000000ab500000, 0x00000000ab600000|  0%| F|  |TAMS 0x00000000ab500000, 0x00000000ab500000| Untracked 
| 148|0x00000000ab600000, 0x00000000ab600000, 0x00000000ab700000|  0%| F|  |TAMS 0x00000000ab600000, 0x00000000ab600000| Untracked 
| 149|0x00000000ab700000, 0x00000000ab700000, 0x00000000ab800000|  0%| F|  |TAMS 0x00000000ab700000, 0x00000000ab700000| Untracked 
| 150|0x00000000ab800000, 0x00000000ab800000, 0x00000000ab900000|  0%| F|  |TAMS 0x00000000ab800000, 0x00000000ab800000| Untracked 
| 151|0x00000000ab900000, 0x00000000ab900000, 0x00000000aba00000|  0%| F|  |TAMS 0x00000000ab900000, 0x00000000ab900000| Untracked 
| 152|0x00000000aba00000, 0x00000000aba00000, 0x00000000abb00000|  0%| F|  |TAMS 0x00000000aba00000, 0x00000000aba00000| Untracked 
| 153|0x00000000abb00000, 0x00000000abb00000, 0x00000000abc00000|  0%| F|  |TAMS 0x00000000abb00000, 0x00000000abb00000| Untracked 
| 154|0x00000000abc00000, 0x00000000abc00000, 0x00000000abd00000|  0%| F|  |TAMS 0x00000000abc00000, 0x00000000abc00000| Untracked 
| 155|0x00000000abd00000, 0x00000000abd00000, 0x00000000abe00000|  0%| F|  |TAMS 0x00000000abd00000, 0x00000000abd00000| Untracked 
| 156|0x00000000abe00000, 0x00000000abe00000, 0x00000000abf00000|  0%| F|  |TAMS 0x00000000abe00000, 0x00000000abe00000| Untracked 
| 157|0x00000000abf00000, 0x00000000abf00000, 0x00000000ac000000|  0%| F|  |TAMS 0x00000000abf00000, 0x00000000abf00000| Untracked 
| 158|0x00000000ac000000, 0x00000000ac000000, 0x00000000ac100000|  0%| F|  |TAMS 0x00000000ac000000, 0x00000000ac000000| Untracked 
| 159|0x00000000ac100000, 0x00000000ac100000, 0x00000000ac200000|  0%| F|  |TAMS 0x00000000ac100000, 0x00000000ac100000| Untracked 
| 160|0x00000000ac200000, 0x00000000ac200000, 0x00000000ac300000|  0%| F|  |TAMS 0x00000000ac200000, 0x00000000ac200000| Untracked 
| 161|0x00000000ac300000, 0x00000000ac300000, 0x00000000ac400000|  0%| F|  |TAMS 0x00000000ac300000, 0x00000000ac300000| Untracked 
| 162|0x00000000ac400000, 0x00000000ac400000, 0x00000000ac500000|  0%| F|  |TAMS 0x00000000ac400000, 0x00000000ac400000| Untracked 
| 163|0x00000000ac500000, 0x00000000ac500000, 0x00000000ac600000|  0%| F|  |TAMS 0x00000000ac500000, 0x00000000ac500000| Untracked 
| 164|0x00000000ac600000, 0x00000000ac600000, 0x00000000ac700000|  0%| F|  |TAMS 0x00000000ac600000, 0x00000000ac600000| Untracked 
| 165|0x00000000ac700000, 0x00000000ac700000, 0x00000000ac800000|  0%| F|  |TAMS 0x00000000ac700000, 0x00000000ac700000| Untracked 
| 166|0x00000000ac800000, 0x00000000ac800000, 0x00000000ac900000|  0%| F|  |TAMS 0x00000000ac800000, 0x00000000ac800000| Untracked 
| 167|0x00000000ac900000, 0x00000000ac900000, 0x00000000aca00000|  0%| F|  |TAMS 0x00000000ac900000, 0x00000000ac900000| Untracked 
| 168|0x00000000aca00000, 0x00000000aca00000, 0x00000000acb00000|  0%| F|  |TAMS 0x00000000aca00000, 0x00000000aca00000| Untracked 
| 169|0x00000000acb00000, 0x00000000acb00000, 0x00000000acc00000|  0%| F|  |TAMS 0x00000000acb00000, 0x00000000acb00000| Untracked 
| 170|0x00000000acc00000, 0x00000000acc00000, 0x00000000acd00000|  0%| F|  |TAMS 0x00000000acc00000, 0x00000000acc00000| Untracked 
| 171|0x00000000acd00000, 0x00000000acd00000, 0x00000000ace00000|  0%| F|  |TAMS 0x00000000acd00000, 0x00000000acd00000| Untracked 
| 172|0x00000000ace00000, 0x00000000ace00000, 0x00000000acf00000|  0%| F|  |TAMS 0x00000000ace00000, 0x00000000ace00000| Untracked 
| 173|0x00000000acf00000, 0x00000000acf00000, 0x00000000ad000000|  0%| F|  |TAMS 0x00000000acf00000, 0x00000000acf00000| Untracked 
| 174|0x00000000ad000000, 0x00000000ad000000, 0x00000000ad100000|  0%| F|  |TAMS 0x00000000ad000000, 0x00000000ad000000| Untracked 
| 175|0x00000000ad100000, 0x00000000ad100000, 0x00000000ad200000|  0%| F|  |TAMS 0x00000000ad100000, 0x00000000ad100000| Untracked 
| 176|0x00000000ad200000, 0x00000000ad200000, 0x00000000ad300000|  0%| F|  |TAMS 0x00000000ad200000, 0x00000000ad200000| Untracked 
| 177|0x00000000ad300000, 0x00000000ad300000, 0x00000000ad400000|  0%| F|  |TAMS 0x00000000ad300000, 0x00000000ad300000| Untracked 
| 178|0x00000000ad400000, 0x00000000ad400000, 0x00000000ad500000|  0%| F|  |TAMS 0x00000000ad400000, 0x00000000ad400000| Untracked 
| 179|0x00000000ad500000, 0x00000000ad500000, 0x00000000ad600000|  0%| F|  |TAMS 0x00000000ad500000, 0x00000000ad500000| Untracked 
| 180|0x00000000ad600000, 0x00000000ad600000, 0x00000000ad700000|  0%| F|  |TAMS 0x00000000ad600000, 0x00000000ad600000| Untracked 
| 181|0x00000000ad700000, 0x00000000ad700000, 0x00000000ad800000|  0%| F|  |TAMS 0x00000000ad700000, 0x00000000ad700000| Untracked 
| 182|0x00000000ad800000, 0x00000000ad800000, 0x00000000ad900000|  0%| F|  |TAMS 0x00000000ad800000, 0x00000000ad800000| Untracked 
| 183|0x00000000ad900000, 0x00000000ad900000, 0x00000000ada00000|  0%| F|  |TAMS 0x00000000ad900000, 0x00000000ad900000| Untracked 
| 184|0x00000000ada00000, 0x00000000ada00000, 0x00000000adb00000|  0%| F|  |TAMS 0x00000000ada00000, 0x00000000ada00000| Untracked 
| 185|0x00000000adb00000, 0x00000000adb00000, 0x00000000adc00000|  0%| F|  |TAMS 0x00000000adb00000, 0x00000000adb00000| Untracked 
| 186|0x00000000adc00000, 0x00000000adc00000, 0x00000000add00000|  0%| F|  |TAMS 0x00000000adc00000, 0x00000000adc00000| Untracked 
| 187|0x00000000add00000, 0x00000000add00000, 0x00000000ade00000|  0%| F|  |TAMS 0x00000000add00000, 0x00000000add00000| Untracked 
| 188|0x00000000ade00000, 0x00000000ade00000, 0x00000000adf00000|  0%| F|  |TAMS 0x00000000ade00000, 0x00000000ade00000| Untracked 
| 189|0x00000000adf00000, 0x00000000adf00000, 0x00000000ae000000|  0%| F|  |TAMS 0x00000000adf00000, 0x00000000adf00000| Untracked 
| 190|0x00000000ae000000, 0x00000000ae000000, 0x00000000ae100000|  0%| F|  |TAMS 0x00000000ae000000, 0x00000000ae000000| Untracked 
| 191|0x00000000ae100000, 0x00000000ae100000, 0x00000000ae200000|  0%| F|  |TAMS 0x00000000ae100000, 0x00000000ae100000| Untracked 
| 192|0x00000000ae200000, 0x00000000ae200000, 0x00000000ae300000|  0%| F|  |TAMS 0x00000000ae200000, 0x00000000ae200000| Untracked 
| 193|0x00000000ae300000, 0x00000000ae300000, 0x00000000ae400000|  0%| F|  |TAMS 0x00000000ae300000, 0x00000000ae300000| Untracked 
| 194|0x00000000ae400000, 0x00000000ae400000, 0x00000000ae500000|  0%| F|  |TAMS 0x00000000ae400000, 0x00000000ae400000| Untracked 
| 195|0x00000000ae500000, 0x00000000ae500000, 0x00000000ae600000|  0%| F|  |TAMS 0x00000000ae500000, 0x00000000ae500000| Untracked 
| 196|0x00000000ae600000, 0x00000000ae600000, 0x00000000ae700000|  0%| F|  |TAMS 0x00000000ae600000, 0x00000000ae600000| Untracked 
| 197|0x00000000ae700000, 0x00000000ae700000, 0x00000000ae800000|  0%| F|  |TAMS 0x00000000ae700000, 0x00000000ae700000| Untracked 
| 198|0x00000000ae800000, 0x00000000ae800000, 0x00000000ae900000|  0%| F|  |TAMS 0x00000000ae800000, 0x00000000ae800000| Untracked 
| 199|0x00000000ae900000, 0x00000000aea00000, 0x00000000aea00000|100%| E|  |TAMS 0x00000000ae900000, 0x00000000ae900000| Complete 
| 200|0x00000000aea00000, 0x00000000aeb00000, 0x00000000aeb00000|100%| E|CS|TAMS 0x00000000aea00000, 0x00000000aea00000| Complete 
| 201|0x00000000aeb00000, 0x00000000aeb80000, 0x00000000aec00000| 50%| S|CS|TAMS 0x00000000aeb00000, 0x00000000aeb00000| Complete 
| 202|0x00000000aec00000, 0x00000000aed00000, 0x00000000aed00000|100%| S|CS|TAMS 0x00000000aec00000, 0x00000000aec00000| Complete 
| 278|0x00000000b3800000, 0x00000000b3900000, 0x00000000b3900000|100%| E|CS|TAMS 0x00000000b3800000, 0x00000000b3800000| Complete 

Card table byte_map: [0x00000228cf110000,0x00000228cf400000] _byte_map_base: 0x00000228cebff000

Marking Bits (Prev, Next): (CMBitMap*) 0x00000228ba52c5e0, (CMBitMap*) 0x00000228ba52c5a0
 Prev Bits: [0x00000228d0e70000, 0x00000228d25e8000)
 Next Bits: [0x00000228cf6f0000, 0x00000228d0e68000)

Polling page: 0x00000228ba590000

Metaspace:

Usage:
  Non-class:     61.88 MB used.
      Class:      7.98 MB used.
       Both:     69.86 MB used.

Virtual space:
  Non-class space:       64.00 MB reserved,      62.06 MB ( 97%) committed,  1 nodes.
      Class space:        1.00 GB reserved,       8.12 MB ( <1%) committed,  1 nodes.
             Both:        1.06 GB reserved,      70.19 MB (  6%) committed. 

Chunk freelists:
   Non-Class:  1.84 MB
       Class:  7.91 MB
        Both:  9.75 MB

MaxMetaspaceSize: unlimited
CompressedClassSpaceSize: 1.00 GB
Initial GC threshold: 21.00 MB
Current GC threshold: 100.88 MB
CDS: off
MetaspaceReclaimPolicy: balanced
 - commit_granule_bytes: 65536.
 - commit_granule_words: 8192.
 - virtual_space_node_default_size: 8388608.
 - enlarge_chunks_in_place: 1.
 - new_chunks_are_fully_committed: 0.
 - uncommit_free_chunks: 1.
 - use_allocation_guard: 0.
 - handle_deallocations: 1.


Internal statistics:

num_allocs_failed_limit: 6.
num_arena_births: 282.
num_arena_deaths: 0.
num_vsnodes_births: 2.
num_vsnodes_deaths: 0.
num_space_committed: 1121.
num_space_uncommitted: 0.
num_chunks_returned_to_freelist: 6.
num_chunks_taken_from_freelist: 2546.
num_chunk_merges: 6.
num_chunk_splits: 2099.
num_chunks_enlarged: 1864.
num_inconsistent_stats: 0.

CodeHeap 'non-profiled nmethods': size=120000Kb used=3365Kb max_used=3900Kb free=116634Kb
 bounds [0x00000228c6c50000, 0x00000228c7020000, 0x00000228ce180000]
CodeHeap 'profiled nmethods': size=120000Kb used=17806Kb max_used=19172Kb free=102193Kb
 bounds [0x00000228bf180000, 0x00000228c0490000, 0x00000228c66b0000]
CodeHeap 'non-nmethods': size=5760Kb used=1363Kb max_used=1390Kb free=4396Kb
 bounds [0x00000228c66b0000, 0x00000228c6920000, 0x00000228c6c50000]
 total_blobs=9484 nmethods=8799 adapters=595
 compilation: enabled
              stopped_count=0, restarted_count=0
 full_count=0

Compilation events (20 events):
Event: 15.700 Thread 0x00000228d5448260 10384       2       org.jetbrains.kotlin.backend.common.BodyLoweringVisitor::visitDeclaration (16 bytes)
Event: 15.700 Thread 0x00000228d5448260 nmethod 10384 0x00000228c01a0510 code [0x00000228c01a0700, 0x00000228c01a09e8]
Event: 15.700 Thread 0x00000228d5448260 10385       2       org.jetbrains.kotlin.backend.common.BodyLoweringVisitor::visitValueParameter (13 bytes)
Event: 15.701 Thread 0x00000228d5448260 nmethod 10385 0x00000228c0196590 code [0x00000228c01967c0, 0x00000228c0196ca8]
Event: 15.701 Thread 0x00000228d5448260 10386       2       org.jetbrains.kotlin.backend.common.BodyLoweringVisitor::visitValueParameter (8 bytes)
Event: 15.701 Thread 0x00000228d5448260 nmethod 10386 0x00000228c01cf310 code [0x00000228c01cf540, 0x00000228c01cf9c8]
Event: 15.701 Thread 0x00000228d5448260 10387       2       org.jetbrains.kotlin.ir.visitors.IrElementVisitor$DefaultImpls::visitValueParameter (18 bytes)
Event: 15.701 Thread 0x00000228d5448260 nmethod 10387 0x00000228bfd6c510 code [0x00000228bfd6c700, 0x00000228bfd6c9c8]
Event: 15.701 Thread 0x00000228d5448260 10388       2       org.jetbrains.kotlin.ir.visitors.IrElementVisitor$DefaultImpls::visitFunction (18 bytes)
Event: 15.701 Thread 0x00000228d5448260 nmethod 10388 0x00000228c01d8b90 code [0x00000228c01d8d80, 0x00000228c01d9048]
Event: 15.701 Thread 0x00000228d5448260 10389       2       org.jetbrains.kotlin.backend.common.BodyLoweringVisitor::visitFunction (13 bytes)
Event: 15.701 Thread 0x00000228d5448260 nmethod 10389 0x00000228bf943c90 code [0x00000228bf943ec0, 0x00000228bf9443a8]
Event: 15.705 Thread 0x00000228d5448260 10390       2       org.jetbrains.kotlin.ir.declarations.lazy.IrLazyConstructor::getParent (19 bytes)
Event: 15.705 Thread 0x00000228d5448260 nmethod 10390 0x00000228bf396290 code [0x00000228bf396440, 0x00000228bf3965e8]
Event: 15.705 Thread 0x00000228d5448260 10391       2       org.jetbrains.kotlin.name.JvmNames::getJVM_OVERLOADS_FQ_NAME (4 bytes)
Event: 15.705 Thread 0x00000228d5448260 nmethod 10391 0x00000228bf401f90 code [0x00000228bf402120, 0x00000228bf402238]
Event: 15.751 Thread 0x00000228d5448260 10392       2       org.jetbrains.kotlin.backend.common.IrElementTransformerVoidWithContext::visitFunction (38 bytes)
Event: 15.752 Thread 0x00000228d5448260 nmethod 10392 0x00000228c020b910 code [0x00000228c020bbc0, 0x00000228c020c288]
Event: 15.752 Thread 0x00000228d5448260 10394       2       org.jetbrains.kotlin.backend.common.IrElementTransformerVoidWithContext::visitValueParameter (38 bytes)
Event: 15.753 Thread 0x00000228d5448260 nmethod 10394 0x00000228bf662310 code [0x00000228bf662680, 0x00000228bf6631a8]

GC Heap History (20 events):
Event: 4.468 GC heap before
{Heap before GC invocations=15 (full 0):
 garbage-first heap   total 81920K, used 62383K [0x00000000a2200000, 0x0000000100000000)
  region size 1024K, 26 young (26624K), 2 survivors (2048K)
 Metaspace       used 50502K, committed 50752K, reserved 1114112K
  class space    used 6092K, committed 6208K, reserved 1048576K
}
Event: 4.473 GC heap after
{Heap after GC invocations=16 (full 0):
 garbage-first heap   total 81920K, used 39125K [0x00000000a2200000, 0x0000000100000000)
  region size 1024K, 4 young (4096K), 4 survivors (4096K)
 Metaspace       used 50502K, committed 50752K, reserved 1114112K
  class space    used 6092K, committed 6208K, reserved 1048576K
}
Event: 5.089 GC heap before
{Heap before GC invocations=16 (full 0):
 garbage-first heap   total 81920K, used 61653K [0x00000000a2200000, 0x0000000100000000)
  region size 1024K, 27 young (27648K), 4 survivors (4096K)
 Metaspace       used 53152K, committed 53440K, reserved 1114112K
  class space    used 6414K, committed 6528K, reserved 1048576K
}
Event: 5.099 GC heap after
{Heap after GC invocations=17 (full 0):
 garbage-first heap   total 81920K, used 43400K [0x00000000a2200000, 0x0000000100000000)
  region size 1024K, 4 young (4096K), 4 survivors (4096K)
 Metaspace       used 53152K, committed 53440K, reserved 1114112K
  class space    used 6414K, committed 6528K, reserved 1048576K
}
Event: 5.754 GC heap before
{Heap before GC invocations=17 (full 0):
 garbage-first heap   total 81920K, used 63880K [0x00000000a2200000, 0x0000000100000000)
  region size 1024K, 24 young (24576K), 4 survivors (4096K)
 Metaspace       used 54654K, committed 54912K, reserved 1114112K
  class space    used 6495K, committed 6656K, reserved 1048576K
}
Event: 5.768 GC heap after
{Heap after GC invocations=18 (full 0):
 garbage-first heap   total 81920K, used 47088K [0x00000000a2200000, 0x0000000100000000)
  region size 1024K, 3 young (3072K), 3 survivors (3072K)
 Metaspace       used 54654K, committed 54912K, reserved 1114112K
  class space    used 6495K, committed 6656K, reserved 1048576K
}
Event: 6.071 GC heap before
{Heap before GC invocations=19 (full 0):
 garbage-first heap   total 81920K, used 64496K [0x00000000a2200000, 0x0000000100000000)
  region size 1024K, 20 young (20480K), 3 survivors (3072K)
 Metaspace       used 54825K, committed 55104K, reserved 1114112K
  class space    used 6510K, committed 6656K, reserved 1048576K
}
Event: 6.083 GC heap after
{Heap after GC invocations=20 (full 0):
 garbage-first heap   total 104448K, used 50562K [0x00000000a2200000, 0x0000000100000000)
  region size 1024K, 3 young (3072K), 3 survivors (3072K)
 Metaspace       used 54825K, committed 55104K, reserved 1114112K
  class space    used 6510K, committed 6656K, reserved 1048576K
}
Event: 6.111 GC heap before
{Heap before GC invocations=20 (full 0):
 garbage-first heap   total 104448K, used 52610K [0x00000000a2200000, 0x0000000100000000)
  region size 1024K, 5 young (5120K), 3 survivors (3072K)
 Metaspace       used 54830K, committed 55104K, reserved 1114112K
  class space    used 6512K, committed 6656K, reserved 1048576K
}
Event: 6.119 GC heap after
{Heap after GC invocations=21 (full 0):
 garbage-first heap   total 104448K, used 51081K [0x00000000a2200000, 0x0000000100000000)
  region size 1024K, 1 young (1024K), 1 survivors (1024K)
 Metaspace       used 54830K, committed 55104K, reserved 1114112K
  class space    used 6512K, committed 6656K, reserved 1048576K
}
Event: 6.794 GC heap before
{Heap before GC invocations=21 (full 0):
 garbage-first heap   total 104448K, used 78729K [0x00000000a2200000, 0x0000000100000000)
  region size 1024K, 28 young (28672K), 1 survivors (1024K)
 Metaspace       used 58845K, committed 59136K, reserved 1114112K
  class space    used 7044K, committed 7168K, reserved 1048576K
}
Event: 6.802 GC heap after
{Heap after GC invocations=22 (full 0):
 garbage-first heap   total 104448K, used 53008K [0x00000000a2200000, 0x0000000100000000)
  region size 1024K, 3 young (3072K), 3 survivors (3072K)
 Metaspace       used 58845K, committed 59136K, reserved 1114112K
  class space    used 7044K, committed 7168K, reserved 1048576K
}
Event: 7.510 GC heap before
{Heap before GC invocations=23 (full 0):
 garbage-first heap   total 104448K, used 80656K [0x00000000a2200000, 0x0000000100000000)
  region size 1024K, 30 young (30720K), 3 survivors (3072K)
 Metaspace       used 60396K, committed 60736K, reserved 1114112K
  class space    used 7207K, committed 7360K, reserved 1048576K
}
Event: 7.526 GC heap after
{Heap after GC invocations=24 (full 0):
 garbage-first heap   total 104448K, used 57049K [0x00000000a2200000, 0x0000000100000000)
  region size 1024K, 4 young (4096K), 4 survivors (4096K)
 Metaspace       used 60396K, committed 60736K, reserved 1114112K
  class space    used 7207K, committed 7360K, reserved 1048576K
}
Event: 7.536 GC heap before
{Heap before GC invocations=24 (full 0):
 garbage-first heap   total 104448K, used 58073K [0x00000000a2200000, 0x0000000100000000)
  region size 1024K, 5 young (5120K), 4 survivors (4096K)
 Metaspace       used 60396K, committed 60736K, reserved 1114112K
  class space    used 7207K, committed 7360K, reserved 1048576K
}
Event: 7.556 GC heap after
{Heap after GC invocations=25 (full 0):
 garbage-first heap   total 104448K, used 57484K [0x00000000a2200000, 0x0000000100000000)
  region size 1024K, 1 young (1024K), 1 survivors (1024K)
 Metaspace       used 60396K, committed 60736K, reserved 1114112K
  class space    used 7207K, committed 7360K, reserved 1048576K
}
Event: 8.374 GC heap before
{Heap before GC invocations=25 (full 0):
 garbage-first heap   total 104448K, used 81036K [0x00000000a2200000, 0x0000000100000000)
  region size 1024K, 25 young (25600K), 1 survivors (1024K)
 Metaspace       used 61627K, committed 61888K, reserved 1114112K
  class space    used 7296K, committed 7424K, reserved 1048576K
}
Event: 8.384 GC heap after
{Heap after GC invocations=26 (full 0):
 garbage-first heap   total 285696K, used 61440K [0x00000000a2200000, 0x0000000100000000)
  region size 1024K, 4 young (4096K), 4 survivors (4096K)
 Metaspace       used 61627K, committed 61888K, reserved 1114112K
  class space    used 7296K, committed 7424K, reserved 1048576K
}
Event: 15.707 GC heap before
{Heap before GC invocations=27 (full 0):
 garbage-first heap   total 208896K, used 180224K [0x00000000a2200000, 0x0000000100000000)
  region size 1024K, 121 young (123904K), 4 survivors (4096K)
 Metaspace       used 70848K, committed 71168K, reserved 1114112K
  class space    used 8093K, committed 8256K, reserved 1048576K
}
Event: 15.728 GC heap after
{Heap after GC invocations=28 (full 0):
 garbage-first heap   total 208896K, used 77284K [0x00000000a2200000, 0x0000000100000000)
  region size 1024K, 16 young (16384K), 16 survivors (16384K)
 Metaspace       used 70848K, committed 71168K, reserved 1114112K
  class space    used 8093K, committed 8256K, reserved 1048576K
}

Dll operation events (2 events):
Event: 0.008 Loaded shared library C:\Program Files\Android\Android Studio\jbr\bin\java.dll
Event: 1.557 Loaded shared library C:\Program Files\Android\Android Studio\jbr\bin\verify.dll

Deoptimization events (20 events):
Event: 15.649 Thread 0x00000228ba4dcd60 Uncommon trap: trap_request=0xffffffde fr.pc=0x00000228c6d98bb8 relative=0x0000000000000578
Event: 15.649 Thread 0x00000228ba4dcd60 Uncommon trap: reason=class_check action=maybe_recompile pc=0x00000228c6d98bb8 method=java.util.regex.Matcher.search(I)Z @ 121 c2
Event: 15.649 Thread 0x00000228ba4dcd60 DEOPT PACKING pc=0x00000228c6d98bb8 sp=0x0000008167bfda70
Event: 15.649 Thread 0x00000228ba4dcd60 DEOPT UNPACKING pc=0x00000228c67069a3 sp=0x0000008167bfd9a8 mode 2
Event: 15.651 Thread 0x00000228ba4dcd60 Uncommon trap: trap_request=0xffffffde fr.pc=0x00000228c6d98bb8 relative=0x0000000000000578
Event: 15.651 Thread 0x00000228ba4dcd60 Uncommon trap: reason=class_check action=maybe_recompile pc=0x00000228c6d98bb8 method=java.util.regex.Matcher.search(I)Z @ 121 c2
Event: 15.651 Thread 0x00000228ba4dcd60 DEOPT PACKING pc=0x00000228c6d98bb8 sp=0x0000008167bfda70
Event: 15.651 Thread 0x00000228ba4dcd60 DEOPT UNPACKING pc=0x00000228c67069a3 sp=0x0000008167bfd9a8 mode 2
Event: 15.651 Thread 0x00000228ba4dcd60 Uncommon trap: trap_request=0xffffffde fr.pc=0x00000228c6d98bb8 relative=0x0000000000000578
Event: 15.651 Thread 0x00000228ba4dcd60 Uncommon trap: reason=class_check action=maybe_recompile pc=0x00000228c6d98bb8 method=java.util.regex.Matcher.search(I)Z @ 121 c2
Event: 15.651 Thread 0x00000228ba4dcd60 DEOPT PACKING pc=0x00000228c6d98bb8 sp=0x0000008167bfda70
Event: 15.651 Thread 0x00000228ba4dcd60 DEOPT UNPACKING pc=0x00000228c67069a3 sp=0x0000008167bfd9a8 mode 2
Event: 15.651 Thread 0x00000228ba4dcd60 Uncommon trap: trap_request=0xffffffde fr.pc=0x00000228c6d98bb8 relative=0x0000000000000578
Event: 15.651 Thread 0x00000228ba4dcd60 Uncommon trap: reason=class_check action=maybe_recompile pc=0x00000228c6d98bb8 method=java.util.regex.Matcher.search(I)Z @ 121 c2
Event: 15.651 Thread 0x00000228ba4dcd60 DEOPT PACKING pc=0x00000228c6d98bb8 sp=0x0000008167bfda70
Event: 15.651 Thread 0x00000228ba4dcd60 DEOPT UNPACKING pc=0x00000228c67069a3 sp=0x0000008167bfd9a8 mode 2
Event: 15.652 Thread 0x00000228ba4dcd60 Uncommon trap: trap_request=0xffffffde fr.pc=0x00000228c6df58fc relative=0x000000000000051c
Event: 15.652 Thread 0x00000228ba4dcd60 Uncommon trap: reason=class_check action=maybe_recompile pc=0x00000228c6df58fc method=java.util.regex.Matcher.search(I)Z @ 121 c2
Event: 15.652 Thread 0x00000228ba4dcd60 DEOPT PACKING pc=0x00000228c6df58fc sp=0x0000008167bfda00
Event: 15.652 Thread 0x00000228ba4dcd60 DEOPT UNPACKING pc=0x00000228c67069a3 sp=0x0000008167bfd9b0 mode 2

Classes unloaded (0 events):
No events

Classes redefined (0 events):
No events

Internal exceptions (20 events):
Event: 2.998 Thread 0x00000228ba4dcd60 Exception <a 'java/lang/NoSuchMethodError'{0x00000000a5075048}: 'java.lang.Object java.lang.invoke.DirectMethodHandle$Holder.newInvokeSpecial(java.lang.Object, java.lang.Object, int)'> (0x00000000a5075048) 
thrown [s\src\hotspot\share\interpreter\linkResolver.cpp, line 771]
Event: 3.061 Thread 0x00000228ba4dcd60 Implicit null exception at 0x00000228c6d9c288 to 0x00000228c6d9cb40
Event: 3.068 Thread 0x00000228ba4dcd60 Implicit null exception at 0x00000228c6d91acc to 0x00000228c6d91ba8
Event: 3.241 Thread 0x00000228ba4dcd60 Exception <a 'java/lang/NoSuchMethodError'{0x00000000a7ef5dc0}: 'java.lang.Object java.lang.invoke.DirectMethodHandle$Holder.newInvokeSpecial(java.lang.Object, java.lang.Object, java.lang.Object, int)'> (0x00000000a7ef5dc0) 
thrown [s\src\hotspot\share\interpreter\linkResolver.cpp, line 771]
Event: 3.241 Thread 0x00000228ba4dcd60 Exception <a 'java/lang/NoSuchMethodError'{0x00000000a7efa448}: 'java.lang.Object java.lang.invoke.DirectMethodHandle$Holder.invokeSpecial(java.lang.Object, java.lang.Object, java.lang.Object, java.lang.Object, int)'> (0x00000000a7efa448) 
thrown [s\src\hotspot\share\interpreter\linkResolver.cpp, line 771]
Event: 3.242 Thread 0x00000228ba4dcd60 Exception <a 'java/lang/NoSuchMethodError'{0x00000000a7efe2b8}: 'java.lang.Object java.lang.invoke.Invokers$Holder.linkToTargetMethod(java.lang.Object, java.lang.Object, int, java.lang.Object)'> (0x00000000a7efe2b8) 
thrown [s\src\hotspot\share\interpreter\linkResolver.cpp, line 771]
Event: 3.576 Thread 0x00000228ba4dcd60 Implicit null exception at 0x00000228c6d88f53 to 0x00000228c6d89054
Event: 3.668 Thread 0x00000228ba4dcd60 Exception <a 'java/lang/NoSuchMethodError'{0x00000000a541e540}: 'java.lang.Object java.lang.invoke.DirectMethodHandle$Holder.newInvokeSpecial(java.lang.Object, java.lang.Object, java.lang.Object, java.lang.Object, java.lang.Object, java.lang.Object)'> (0x00000000a541e540) 
thrown [s\src\hotspot\share\interpreter\linkResolver.cpp, line 771]
Event: 5.190 Thread 0x00000228ba4dcd60 Exception <a 'java/lang/NoSuchMethodError'{0x00000000a7b27218}: 'java.lang.Object java.lang.invoke.DirectMethodHandle$Holder.invokeStaticInit(java.lang.Object, java.lang.Object, java.lang.Object)'> (0x00000000a7b27218) 
thrown [s\src\hotspot\share\interpreter\linkResolver.cpp, line 771]
Event: 5.891 Thread 0x00000228ba4dcd60 Implicit null exception at 0x00000228c6c9a5ec to 0x00000228c6c9a7c8
Event: 5.892 Thread 0x00000228ba4dcd60 Implicit null exception at 0x00000228c6cc848f to 0x00000228c6cc8505
Event: 5.999 Thread 0x00000228ba4dcd60 Exception <a 'java/lang/NoSuchMethodError'{0x00000000a64086b8}: 'java.lang.Object java.lang.invoke.DirectMethodHandle$Holder.newInvokeSpecial(java.lang.Object, int, java.lang.Object)'> (0x00000000a64086b8) 
thrown [s\src\hotspot\share\interpreter\linkResolver.cpp, line 771]
Event: 6.000 Thread 0x00000228ba4dcd60 Exception <a 'java/lang/NoSuchMethodError'{0x00000000a640ed08}: 'int java.lang.invoke.DirectMethodHandle$Holder.invokeInterface(java.lang.Object, java.lang.Object)'> (0x00000000a640ed08) 
thrown [s\src\hotspot\share\interpreter\linkResolver.cpp, line 771]
Event: 6.752 Thread 0x00000228ba4dcd60 Exception <a 'java/lang/NoSuchMethodError'{0x00000000a6df5a08}: 'java.lang.Object java.lang.invoke.DirectMethodHandle$Holder.invokeStatic(java.lang.Object, java.lang.Object, java.lang.Object, java.lang.Object, int)'> (0x00000000a6df5a08) 
thrown [s\src\hotspot\share\interpreter\linkResolver.cpp, line 771]
Event: 6.753 Thread 0x00000228ba4dcd60 Exception <a 'java/lang/NoSuchMethodError'{0x00000000a6dff5f8}: 'java.lang.Object java.lang.invoke.DirectMethodHandle$Holder.newInvokeSpecial(java.lang.Object, java.lang.Object, java.lang.Object, java.lang.Object, int)'> (0x00000000a6dff5f8) 
thrown [s\src\hotspot\share\interpreter\linkResolver.cpp, line 771]
Event: 6.753 Thread 0x00000228ba4dcd60 Exception <a 'java/lang/NoSuchMethodError'{0x00000000a6c07f18}: 'java.lang.Object java.lang.invoke.Invokers$Holder.linkToTargetMethod(java.lang.Object, java.lang.Object, java.lang.Object, int, java.lang.Object)'> (0x00000000a6c07f18) 
thrown [s\src\hotspot\share\interpreter\linkResolver.cpp, line 771]
Event: 7.112 Thread 0x00000228ba4dcd60 Implicit null exception at 0x00000228c6d5d489 to 0x00000228c6d5d570
Event: 7.112 Thread 0x00000228ba4dcd60 Implicit null exception at 0x00000228c6cb45d8 to 0x00000228c6cb466a
Event: 7.691 Thread 0x00000228ba4dcd60 Exception <a 'java/lang/NoSuchMethodError'{0x00000000a80d0888}: 'int java.lang.invoke.DirectMethodHandle$Holder.invokeStaticInit(java.lang.Object, int)'> (0x00000000a80d0888) 
thrown [s\src\hotspot\share\interpreter\linkResolver.cpp, line 771]
Event: 9.752 Thread 0x00000228ba4dcd60 Implicit null exception at 0x00000228c6f7c34f to 0x00000228c6f7cd28

VM Operations (20 events):
Event: 15.454 Executing VM operation: HandshakeAllThreads
Event: 15.454 Executing VM operation: HandshakeAllThreads done
Event: 15.456 Executing VM operation: HandshakeAllThreads
Event: 15.456 Executing VM operation: HandshakeAllThreads done
Event: 15.472 Executing VM operation: ICBufferFull
Event: 15.472 Executing VM operation: ICBufferFull done
Event: 15.489 Executing VM operation: HandshakeAllThreads
Event: 15.489 Executing VM operation: HandshakeAllThreads done
Event: 15.558 Executing VM operation: HandshakeAllThreads
Event: 15.558 Executing VM operation: HandshakeAllThreads done
Event: 15.655 Executing VM operation: ICBufferFull
Event: 15.655 Executing VM operation: ICBufferFull done
Event: 15.707 Executing VM operation: G1CollectForAllocation
Event: 15.728 Executing VM operation: G1CollectForAllocation done
Event: 15.744 Executing VM operation: HandshakeAllThreads
Event: 15.744 Executing VM operation: HandshakeAllThreads done
Event: 15.746 Executing VM operation: HandshakeAllThreads
Event: 15.746 Executing VM operation: HandshakeAllThreads done
Event: 16.081 Executing VM operation: HandshakeAllThreads
Event: 16.081 Executing VM operation: HandshakeAllThreads done

Events (20 events):
Event: 15.582 Thread 0x00000228d544ac70 flushing nmethod 0x00000228c02fd410
Event: 15.582 Thread 0x00000228d544ac70 flushing nmethod 0x00000228c0303c10
Event: 15.583 Thread 0x00000228d544ac70 flushing nmethod 0x00000228c0328790
Event: 15.583 Thread 0x00000228d544ac70 flushing nmethod 0x00000228c032b890
Event: 15.583 Thread 0x00000228d544ac70 flushing nmethod 0x00000228c037d910
Event: 15.583 Thread 0x00000228d544ac70 flushing nmethod 0x00000228c038cf10
Event: 15.583 Thread 0x00000228d544ac70 flushing nmethod 0x00000228c038eb10
Event: 15.583 Thread 0x00000228d544ac70 flushing nmethod 0x00000228c0392210
Event: 15.583 Thread 0x00000228d544ac70 flushing nmethod 0x00000228c0399e10
Event: 15.583 Thread 0x00000228d544ac70 flushing nmethod 0x00000228c039a190
Event: 15.583 Thread 0x00000228d544ac70 flushing nmethod 0x00000228c03e5990
Event: 15.583 Thread 0x00000228d544ac70 flushing nmethod 0x00000228c03eae10
Event: 15.583 Thread 0x00000228d544ac70 flushing nmethod 0x00000228c03ed690
Event: 15.583 Thread 0x00000228d544ac70 flushing nmethod 0x00000228c03f0a10
Event: 15.583 Thread 0x00000228d544ac70 flushing nmethod 0x00000228c03f8f10
Event: 15.583 Thread 0x00000228d544ac70 flushing nmethod 0x00000228c0407e90
Event: 15.583 Thread 0x00000228d544ac70 flushing nmethod 0x00000228c0409910
Event: 15.583 Thread 0x00000228d544ac70 flushing nmethod 0x00000228c040d010
Event: 15.583 Thread 0x00000228d544ac70 flushing nmethod 0x00000228c041d310
Event: 15.583 Thread 0x00000228d544ac70 flushing nmethod 0x00000228c041ed10


Dynamic libraries:
0x00007ff6e4650000 - 0x00007ff6e465a000 	C:\Program Files\Android\Android Studio\jbr\bin\java.exe
0x00007ffefc810000 - 0x00007ffefca27000 	C:\WINDOWS\SYSTEM32\ntdll.dll
0x00007ffefaf40000 - 0x00007ffefb004000 	C:\WINDOWS\System32\KERNEL32.DLL
0x00007ffef9d80000 - 0x00007ffefa12c000 	C:\WINDOWS\System32\KERNELBASE.dll
0x00007ffefa1a0000 - 0x00007ffefa2b1000 	C:\WINDOWS\System32\ucrtbase.dll
0x00007ffecda80000 - 0x00007ffecda97000 	C:\Program Files\Android\Android Studio\jbr\bin\jli.dll
0x00007ffeda770000 - 0x00007ffeda78b000 	C:\Program Files\Android\Android Studio\jbr\bin\VCRUNTIME140.dll
0x00007ffefbb00000 - 0x00007ffefbcae000 	C:\WINDOWS\System32\USER32.dll
0x00007ffee0420000 - 0x00007ffee06b3000 	C:\WINDOWS\WinSxS\amd64_microsoft.windows.common-controls_6595b64144ccf1df_6.0.22621.3672_none_2713b9d173822955\COMCTL32.dll
0x00007ffefa380000 - 0x00007ffefa3a6000 	C:\WINDOWS\System32\win32u.dll
0x00007ffefac10000 - 0x00007ffefacb7000 	C:\WINDOWS\System32\msvcrt.dll
0x00007ffefbcb0000 - 0x00007ffefbcd9000 	C:\WINDOWS\System32\GDI32.dll
0x00007ffefa3b0000 - 0x00007ffefa4c9000 	C:\WINDOWS\System32\gdi32full.dll
0x00007ffef9b70000 - 0x00007ffef9c0a000 	C:\WINDOWS\System32\msvcp_win.dll
0x00007ffefa900000 - 0x00007ffefa931000 	C:\WINDOWS\System32\IMM32.DLL
0x00007ffee29a0000 - 0x00007ffee29ac000 	C:\Program Files\Android\Android Studio\jbr\bin\vcruntime140_1.dll
0x00007ffeca020000 - 0x00007ffeca0ad000 	C:\Program Files\Android\Android Studio\jbr\bin\msvcp140.dll
0x00007ffe87740000 - 0x00007ffe883c3000 	C:\Program Files\Android\Android Studio\jbr\bin\server\jvm.dll
0x00007ffefa6b0000 - 0x00007ffefa762000 	C:\WINDOWS\System32\ADVAPI32.dll
0x00007ffefae90000 - 0x00007ffefaf3a000 	C:\WINDOWS\System32\sechost.dll
0x00007ffef9b40000 - 0x00007ffef9b68000 	C:\WINDOWS\System32\bcrypt.dll
0x00007ffefaaf0000 - 0x00007ffefac05000 	C:\WINDOWS\System32\RPCRT4.dll
0x00007ffee5120000 - 0x00007ffee5129000 	C:\WINDOWS\SYSTEM32\WSOCK32.dll
0x00007ffef9850000 - 0x00007ffef989d000 	C:\WINDOWS\SYSTEM32\POWRPROF.dll
0x00007ffef4aa0000 - 0x00007ffef4aaa000 	C:\WINDOWS\SYSTEM32\VERSION.dll
0x00007ffefb010000 - 0x00007ffefb081000 	C:\WINDOWS\System32\WS2_32.dll
0x00007ffef40e0000 - 0x00007ffef4114000 	C:\WINDOWS\SYSTEM32\WINMM.dll
0x00007ffef9830000 - 0x00007ffef9843000 	C:\WINDOWS\SYSTEM32\UMPDC.dll
0x00007ffef8b50000 - 0x00007ffef8b68000 	C:\WINDOWS\SYSTEM32\kernel.appcore.dll
0x00007ffeed960000 - 0x00007ffeed96a000 	C:\Program Files\Android\Android Studio\jbr\bin\jimage.dll
0x00007ffef7510000 - 0x00007ffef7742000 	C:\WINDOWS\SYSTEM32\DBGHELP.DLL
0x00007ffefbe70000 - 0x00007ffefc1f8000 	C:\WINDOWS\System32\combase.dll
0x00007ffefc270000 - 0x00007ffefc347000 	C:\WINDOWS\System32\OLEAUT32.dll
0x00007ffee79c0000 - 0x00007ffee79f2000 	C:\WINDOWS\SYSTEM32\dbgcore.DLL
0x00007ffefa4d0000 - 0x00007ffefa54b000 	C:\WINDOWS\System32\bcryptPrimitives.dll
0x00007ffee3470000 - 0x00007ffee3495000 	C:\Program Files\Android\Android Studio\jbr\bin\java.dll
0x00007ffeed940000 - 0x00007ffeed958000 	C:\Program Files\Android\Android Studio\jbr\bin\zip.dll
0x00007ffefb2a0000 - 0x00007ffefbafc000 	C:\WINDOWS\System32\SHELL32.dll
0x00007ffef7a40000 - 0x00007ffef8337000 	C:\WINDOWS\SYSTEM32\windows.storage.dll
0x00007ffef7900000 - 0x00007ffef7a3f000 	C:\WINDOWS\SYSTEM32\wintypes.dll
0x00007ffefa550000 - 0x00007ffefa644000 	C:\WINDOWS\System32\SHCORE.dll
0x00007ffefbce0000 - 0x00007ffefbd3e000 	C:\WINDOWS\System32\shlwapi.dll
0x00007ffef9a70000 - 0x00007ffef9a91000 	C:\WINDOWS\SYSTEM32\profapi.dll
0x00007ffee44d0000 - 0x00007ffee44e9000 	C:\Program Files\Android\Android Studio\jbr\bin\net.dll
0x00007ffef4890000 - 0x00007ffef49c6000 	C:\WINDOWS\SYSTEM32\WINHTTP.dll
0x00007ffef8fe0000 - 0x00007ffef9049000 	C:\WINDOWS\system32\mswsock.dll
0x00007ffed3900000 - 0x00007ffed3916000 	C:\Program Files\Android\Android Studio\jbr\bin\nio.dll
0x00007ffee3460000 - 0x00007ffee3470000 	C:\Program Files\Android\Android Studio\jbr\bin\verify.dll

dbghelp: loaded successfully - version: 4.0.5 - missing functions: none
symbol engine: initialized successfully - sym options: 0x614 - pdb path: .;C:\Program Files\Android\Android Studio\jbr\bin;C:\WINDOWS\SYSTEM32;C:\WINDOWS\WinSxS\amd64_microsoft.windows.common-controls_6595b64144ccf1df_6.0.22621.3672_none_2713b9d173822955;C:\Program Files\Android\Android Studio\jbr\bin\server

VM Arguments:
java_command: org.jetbrains.kotlin.cli.jvm.K2JVMCompiler @C:\Users\Gustavo\Documents\USP\Sistemas\Paozim\frontend\app\build\20240624_1081088371257658710.compiler.options
java_class_path (initial): C:\Users\Gustavo\.gradle\caches\modules-2\files-2.1\org.jetbrains.kotlin\kotlin-compiler-embeddable\1.9.0\2c8c3a7402becca891f12739b3e9fd2dc2adbd7a\kotlin-compiler-embeddable-1.9.0.jar;C:\Users\Gustavo\.gradle\caches\modules-2\files-2.1\org.jetbrains.kotlin\kotlin-stdlib\1.9.0\8ee15ef0c67dc83d874f412d84378d7f0eb50b63\kotlin-stdlib-1.9.0.jar;C:\Users\Gustavo\.gradle\caches\modules-2\files-2.1\org.jetbrains.kotlin\kotlin-script-runtime\1.9.0\4b3102cbbb7e1b58d9d1adf89563f00069ffa7d1\kotlin-script-runtime-1.9.0.jar;C:\Users\Gustavo\.gradle\caches\modules-2\files-2.1\org.jetbrains.kotlin\kotlin-reflect\1.6.10\1cbe9c92c12a94eea200d23c2bbaedaf3daf5132\kotlin-reflect-1.6.10.jar;C:\Users\Gustavo\.gradle\caches\modules-2\files-2.1\org.jetbrains.kotlin\kotlin-daemon-embeddable\1.9.0\186543f5e28cf8d9a0290fecc2cf34301c40a65c\kotlin-daemon-embeddable-1.9.0.jar;C:\Users\Gustavo\.gradle\caches\modules-2\files-2.1\org.jetbrains.intellij.deps\trove4j\1.0.20200330\3afb14d5f9ceb459d724e907a21145e8ff394f02\trove4j-1.0.20200330.jar;C:\Users\Gustavo\.gradle\caches\modules-2\files-2.1\org.jetbrains.kotlin\kotlin-stdlib-common\1.9.0\cd65c21cfd1eec4d44ef09f9f52b6d9f8a720636\kotlin-stdlib-common-1.9.0.jar;C:\Users\Gustavo\.gradle\caches\modules-2\files-2.1\org.jetbrains\annotations\13.0\919f0dfe192fb4e063e7dacadee7f8bb9a2672a9\annotations-13.0.jar
Launcher Type: SUN_STANDARD

[Global flags]
     intx CICompilerCount                          = 4                                         {product} {ergonomic}
     uint ConcGCThreads                            = 3                                         {product} {ergonomic}
     uint G1ConcRefinementThreads                  = 10                                        {product} {ergonomic}
   size_t G1HeapRegionSize                         = 1048576                                   {product} {ergonomic}
    uintx GCDrainStackTargetSize                   = 64                                        {product} {ergonomic}
   size_t InitialHeapSize                          = 98566144                                  {product} {ergonomic}
   size_t MarkStackSize                            = 4194304                                   {product} {ergonomic}
   size_t MaxHeapSize                              = 1574961152                                {product} {ergonomic}
   size_t MaxNewSize                               = 944766976                                 {product} {ergonomic}
   size_t MinHeapDeltaBytes                        = 1048576                                   {product} {ergonomic}
   size_t MinHeapSize                              = 8388608                                   {product} {ergonomic}
    uintx NonNMethodCodeHeapSize                   = 5839372                                {pd product} {ergonomic}
    uintx NonProfiledCodeHeapSize                  = 122909434                              {pd product} {ergonomic}
    uintx ProfiledCodeHeapSize                     = 122909434                              {pd product} {ergonomic}
    uintx ReservedCodeCacheSize                    = 251658240                              {pd product} {ergonomic}
     bool SegmentedCodeCache                       = true                                      {product} {ergonomic}
   size_t SoftMaxHeapSize                          = 1574961152                             {manageable} {ergonomic}
     bool UseCompressedClassPointers               = true                           {product lp64_product} {ergonomic}
     bool UseCompressedOops                        = true                           {product lp64_product} {ergonomic}
     bool UseG1GC                                  = true                                      {product} {ergonomic}
     bool UseLargePagesIndividualAllocation        = false                                  {pd product} {ergonomic}

Logging:
Log output configuration:
 #0: stdout all=warning uptime,level,tags
 #1: stderr all=off uptime,level,tags

Environment Variables:
PATH=C:\Program Files\Common Files\Oracle\Java\javapath;C:\WINDOWS\system32;C:\WINDOWS;C:\WINDOWS\System32\Wbem;C:\WINDOWS\System32\WindowsPowerShell\v1.0\;C:\WINDOWS\System32\OpenSSH\;C:\Program Files\Git\cmd;C:\Users\Gustavo\AppData\Local\Microsoft\WindowsApps;C:\Users\Gustavo\AppData\Local\Programs\Microsoft VS Code\bin;C:\Users\Gustavo\AppData\Local\GitHubDesktop\bin;
USERNAME=Gustavo
OS=Windows_NT
PROCESSOR_IDENTIFIER=AMD64 Family 23 Model 104 Stepping 1, AuthenticAMD
TMP=C:\Users\Gustavo\AppData\Local\Temp
TEMP=C:\Users\Gustavo\AppData\Local\Temp



Periodic native trim disabled

JNI global refs:
JNI global refs: 9, weak refs: 34

JNI global refs memory usage: 843, weak refs: 841

OOME stack traces (most recent first):
Classloader memory used:
Loader jdk.internal.loader.ClassLoaders$AppClassLoader                                 : 7530K
Loader bootstrap                                                                       : 1371K
Loader java.net.URLClassLoader                                                         : 23142B
Loader jdk.internal.reflect.DelegatingClassLoader                                      : 19934B
Loader jdk.internal.loader.ClassLoaders$PlatformClassLoader                            : 2276B


---------------  S Y S T E M  ---------------

OS:
 Windows 11 , 64 bit Build 22621 (10.0.22621.3672)
OS uptime: 11 days 21:05 hours
Hyper-V role detected

CPU: total 12 (initial active 12) (12 cores per cpu, 2 threads per core) family 23 model 104 stepping 1 microcode 0x0, cx8, cmov, fxsr, ht, mmx, 3dnowpref, sse, sse2, sse3, ssse3, sse4a, sse4.1, sse4.2, popcnt, lzcnt, tsc, tscinvbit, avx, avx2, aes, clmul, bmi1, bmi2, adx, sha, fma, vzeroupper, clflush, clflushopt, hv
Processor Information for processor 0
  Max Mhz: 2100, Current Mhz: 1988, Mhz Limit: 2100
Processor Information for processor 1
  Max Mhz: 2100, Current Mhz: 1988, Mhz Limit: 2100
Processor Information for processor 2
  Max Mhz: 2100, Current Mhz: 1988, Mhz Limit: 2100
Processor Information for processor 3
  Max Mhz: 2100, Current Mhz: 2100, Mhz Limit: 2100
Processor Information for processor 4
  Max Mhz: 2100, Current Mhz: 1988, Mhz Limit: 2100
Processor Information for processor 5
  Max Mhz: 2100, Current Mhz: 1988, Mhz Limit: 2100
Processor Information for processor 6
  Max Mhz: 2100, Current Mhz: 1988, Mhz Limit: 2100
Processor Information for processor 7
  Max Mhz: 2100, Current Mhz: 2100, Mhz Limit: 2100
Processor Information for processor 8
  Max Mhz: 2100, Current Mhz: 1988, Mhz Limit: 2100
Processor Information for processor 9
  Max Mhz: 2100, Current Mhz: 1988, Mhz Limit: 2100
Processor Information for processor 10
  Max Mhz: 2100, Current Mhz: 1988, Mhz Limit: 2100
Processor Information for processor 11
  Max Mhz: 2100, Current Mhz: 2100, Mhz Limit: 2100

Memory: 4k page, system-wide physical 6005M (251M free)
TotalPageFile size 24437M (AvailPageFile size 20M)
current process WorkingSet (physical memory assigned to process): 379M, peak: 381M
current process commit charge ("private bytes"): 427M, peak: 491M

vm_info: OpenJDK 64-Bit Server VM (17.0.9+0--11185874) for windows-amd64 JRE (17.0.9+0--11185874), built on Dec  6 2023 18:57:44 by "androidbuild" with MS VC++ 16.10 / 16.11 (VS2019)

END.
