#
# There is insufficient memory for the Java Runtime Environment to continue.
# Native memory allocation (mmap) failed to map 98566144 bytes for Failed to commit area from 0x00000000a2200000 to 0x00000000a8000000 of length 98566144.
# Possible reasons:
#   The system is out of physical RAM or swap space
#   The process is running with CompressedOops enabled, and the Java Heap may be blocking the growth of the native heap
# Possible solutions:
#   Reduce memory load on the system
#   Increase physical memory or swap space
#   Check if swap backing store is full
#   Decrease Java heap size (-Xmx/-Xms)
#   Decrease number of Java threads
#   Decrease Java thread stack sizes (-Xss)
#   Set larger code cache with -XX:ReservedCodeCacheSize=
# This output file may be truncated or incomplete.
#
#  Out of Memory Error (os_windows.cpp:3388), pid=13060, tid=17432
#
# JRE version:  (11.0.22+7) (build )
# Java VM: OpenJDK 64-Bit Server VM (11.0.22+7-LTS, mixed mode, sharing, tiered, compressed oops, g1 gc, windows-amd64)
# No core dump will be written. Minidumps are not enabled by default on client versions of Windows
#

---------------  S U M M A R Y ------------

Command Line: -javaagent:C:\Program Files\JetBrains\IntelliJ IDEA 2024.1\lib\idea_rt.jar=61797:C:\Program Files\JetBrains\IntelliJ IDEA 2024.1\bin -Dfile.encoding=UTF-8 com.pao.ApplicationKt

Host: AMD Ryzen 5 5500U with Radeon Graphics         , 12 cores, 5G,  Windows 11 , 64 bit Build 22621 (10.0.22621.3672)
Time: Mon Jun 24 17:23:47 2024 Hora oficial do Brasil elapsed time: 0.017544 seconds (0d 0h 0m 0s)

---------------  T H R E A D  ---------------

Current thread (0x000001f239189000):  JavaThread "Unknown thread" [_thread_in_vm, id=17432, stack(0x00000024ef000000,0x00000024ef100000)]

Stack: [0x00000024ef000000,0x00000024ef100000]
Native frames: (J=compiled Java code, j=interpreted, Vv=VM code, C=native code)
V  [jvm.dll+0x64585a]
V  [jvm.dll+0x7d9bb9]
V  [jvm.dll+0x7db2b9]
V  [jvm.dll+0x7db9a3]
V  [jvm.dll+0x2694e5]
V  [jvm.dll+0x642a79]
V  [jvm.dll+0x636fc5]
V  [jvm.dll+0x3254fc]
V  [jvm.dll+0x325382]
V  [jvm.dll+0x329f56]
V  [jvm.dll+0x3723d2]
V  [jvm.dll+0x371e31]
V  [jvm.dll+0x300c38]
V  [jvm.dll+0x301d35]
V  [jvm.dll+0x7b2cf7]
V  [jvm.dll+0x7b44bf]
V  [jvm.dll+0x37f7f9]
V  [jvm.dll+0x794e9f]
V  [jvm.dll+0x3f02b7]
V  [jvm.dll+0x3f27a1]
C  [jli.dll+0x52ef]
C  [ucrtbase.dll+0x29333]
C  [KERNEL32.DLL+0x1257d]
C  [ntdll.dll+0x5af28]


---------------  P R O C E S S  ---------------

Threads class SMR info:
_java_thread_list=0x000001f236fb3040, length=0, elements={
}

Java Threads: ( => current thread )

Other Threads:
  0x000001f2391a3800 GCTaskThread "GC Thread#0" [stack: 0x00000024ef100000,0x00000024ef200000] [id=17968]
  0x000001f2391c8800 ConcurrentGCThread "G1 Main Marker" [stack: 0x00000024ef200000,0x00000024ef300000] [id=18900]
  0x000001f2391ca000 ConcurrentGCThread "G1 Conc#0" [stack: 0x00000024ef300000,0x00000024ef400000] [id=7512]

[error occurred during error reporting (printing all threads), id 0xc0000005, EXCEPTION_ACCESS_VIOLATION (0xc0000005) at pc=0x00007ffe8dde1677]

VM state:not at safepoint (not fully initialized)

VM Mutex/Monitor currently owned by a thread:  ([mutex/lock_event])
[0x000001f239185380] Heap_lock - owner thread: 0x000001f239189000

Heap address: 0x00000000a2200000, size: 1502 MB, Compressed Oops mode: Non-zero based: 0x00000000a2200000
Narrow klass base: 0x0000000000000000, Narrow klass shift: 0

GC Heap History (0 events):
No events

Deoptimization events (0 events):
No events

Classes redefined (0 events):
No events

Internal exceptions (0 events):
No events

Events (1 events):
Event: 0.011 Loaded shared library C:\Users\Gustavo\.jdks\corretto-11.0.22\bin\zip.dll


Dynamic libraries:
0x00007ff66b720000 - 0x00007ff66b72e000 	C:\Users\Gustavo\.jdks\corretto-11.0.22\bin\java.exe
0x00007ffefc810000 - 0x00007ffefca27000 	C:\WINDOWS\SYSTEM32\ntdll.dll
0x00007ffefaf40000 - 0x00007ffefb004000 	C:\WINDOWS\System32\KERNEL32.DLL
0x00007ffef9d80000 - 0x00007ffefa12c000 	C:\WINDOWS\System32\KERNELBASE.dll
0x00007ffefa1a0000 - 0x00007ffefa2b1000 	C:\WINDOWS\System32\ucrtbase.dll
0x00007ffedbfe0000 - 0x00007ffedbff7000 	C:\Users\Gustavo\.jdks\corretto-11.0.22\bin\jli.dll
0x00007ffed03e0000 - 0x00007ffed03fb000 	C:\Users\Gustavo\.jdks\corretto-11.0.22\bin\VCRUNTIME140.dll
0x00007ffefbb00000 - 0x00007ffefbcae000 	C:\WINDOWS\System32\USER32.dll
0x00007ffefa380000 - 0x00007ffefa3a6000 	C:\WINDOWS\System32\win32u.dll
0x00007ffee0420000 - 0x00007ffee06b3000 	C:\WINDOWS\WinSxS\amd64_microsoft.windows.common-controls_6595b64144ccf1df_6.0.22621.3672_none_2713b9d173822955\COMCTL32.dll
0x00007ffefbcb0000 - 0x00007ffefbcd9000 	C:\WINDOWS\System32\GDI32.dll
0x00007ffefac10000 - 0x00007ffefacb7000 	C:\WINDOWS\System32\msvcrt.dll
0x00007ffefa3b0000 - 0x00007ffefa4c9000 	C:\WINDOWS\System32\gdi32full.dll
0x00007ffef9b70000 - 0x00007ffef9c0a000 	C:\WINDOWS\System32\msvcp_win.dll
0x00007ffefa900000 - 0x00007ffefa931000 	C:\WINDOWS\System32\IMM32.DLL
0x00007ffedc0f0000 - 0x00007ffedc0fc000 	C:\Users\Gustavo\.jdks\corretto-11.0.22\bin\vcruntime140_1.dll
0x00007ffeaf650000 - 0x00007ffeaf6dd000 	C:\Users\Gustavo\.jdks\corretto-11.0.22\bin\msvcp140.dll
0x00007ffe8dad0000 - 0x00007ffe8e693000 	C:\Users\Gustavo\.jdks\corretto-11.0.22\bin\server\jvm.dll
0x00007ffefa6b0000 - 0x00007ffefa762000 	C:\WINDOWS\System32\ADVAPI32.dll
0x00007ffefae90000 - 0x00007ffefaf3a000 	C:\WINDOWS\System32\sechost.dll
0x00007ffef9b40000 - 0x00007ffef9b68000 	C:\WINDOWS\System32\bcrypt.dll
0x00007ffefaaf0000 - 0x00007ffefac05000 	C:\WINDOWS\System32\RPCRT4.dll
0x00007ffefc200000 - 0x00007ffefc208000 	C:\WINDOWS\System32\PSAPI.DLL
0x00007ffef40e0000 - 0x00007ffef4114000 	C:\WINDOWS\SYSTEM32\WINMM.dll
0x00007ffef4aa0000 - 0x00007ffef4aaa000 	C:\WINDOWS\SYSTEM32\VERSION.dll
0x00007ffee5120000 - 0x00007ffee5129000 	C:\WINDOWS\SYSTEM32\WSOCK32.dll
0x00007ffefb010000 - 0x00007ffefb081000 	C:\WINDOWS\System32\WS2_32.dll
0x00007ffef8b50000 - 0x00007ffef8b68000 	C:\WINDOWS\SYSTEM32\kernel.appcore.dll
0x00007ffedbfd0000 - 0x00007ffedbfe0000 	C:\Users\Gustavo\.jdks\corretto-11.0.22\bin\verify.dll
0x00007ffef7510000 - 0x00007ffef7742000 	C:\WINDOWS\SYSTEM32\DBGHELP.DLL
0x00007ffefbe70000 - 0x00007ffefc1f8000 	C:\WINDOWS\System32\combase.dll
0x00007ffefc270000 - 0x00007ffefc347000 	C:\WINDOWS\System32\OLEAUT32.dll
0x00007ffee79c0000 - 0x00007ffee79f2000 	C:\WINDOWS\SYSTEM32\dbgcore.DLL
0x00007ffefa4d0000 - 0x00007ffefa54b000 	C:\WINDOWS\System32\bcryptPrimitives.dll
0x00007ffec9f40000 - 0x00007ffec9f68000 	C:\Users\Gustavo\.jdks\corretto-11.0.22\bin\java.dll
0x00007ffed5b90000 - 0x00007ffed5b9a000 	C:\Users\Gustavo\.jdks\corretto-11.0.22\bin\jimage.dll
0x00007ffed59e0000 - 0x00007ffed59ee000 	C:\Users\Gustavo\.jdks\corretto-11.0.22\bin\instrument.dll
0x00007ffec9e90000 - 0x00007ffec9ea8000 	C:\Users\Gustavo\.jdks\corretto-11.0.22\bin\zip.dll

dbghelp: loaded successfully - version: 4.0.5 - missing functions: none
symbol engine: initialized successfully - sym options: 0x614 - pdb path: .;C:\Users\Gustavo\.jdks\corretto-11.0.22\bin;C:\WINDOWS\SYSTEM32;C:\WINDOWS\WinSxS\amd64_microsoft.windows.common-controls_6595b64144ccf1df_6.0.22621.3672_none_2713b9d173822955;C:\Users\Gustavo\.jdks\corretto-11.0.22\bin\server

VM Arguments:
jvm_args: -javaagent:C:\Program Files\JetBrains\IntelliJ IDEA 2024.1\lib\idea_rt.jar=61797:C:\Program Files\JetBrains\IntelliJ IDEA 2024.1\bin -Dfile.encoding=UTF-8 
java_command: com.pao.ApplicationKt
java_class_path (initial): C:\Users\Gustavo\Documents\USP\Sistemas\Paozim\backend\build\classes\kotlin\main;C:\Users\Gustavo\Documents\USP\Sistemas\Paozim\backend\build\tmp\kapt3\classes\main;C:\Users\Gustavo\Documents\USP\Sistemas\Paozim\backend\build\resources\main;C:\Users\Gustavo\.gradle\caches\modules-2\files-2.1\org.jetbrains.exposed\exposed-dao\0.51.1\f5f7b6e326803b97722ab176160b239bc0c64535\exposed-dao-0.51.1.jar;C:\Users\Gustavo\.gradle\caches\modules-2\files-2.1\org.jetbrains.exposed\exposed-jdbc\0.51.1\d77b3420d7ec09a31c6de8934a324e16b7b03eff\exposed-jdbc-0.51.1.jar;C:\Users\Gustavo\.gradle\caches\modules-2\files-2.1\org.jetbrains.exposed\exposed-kotlin-datetime\0.51.1\75e33968ebc07d28c7f19ef2e7f95a740999b9d7\exposed-kotlin-datetime-0.51.1.jar;C:\Users\Gustavo\.gradle\caches\modules-2\files-2.1\org.jetbrains.exposed\exposed-core\0.51.1\e5e4dbb7a4a67112118e6a7e20612d0860e1986b\exposed-core-0.51.1.jar;C:\Users\Gustavo\.gradle\caches\modules-2\files-2.1\io.ktor\ktor-server-auth-jwt-jvm\2.3.10\ff0ff484bb574d1bfa62f63c1e0c3f9d06ff6e18\ktor-server-auth-jwt-jvm-2.3.10.jar;C:\Users\Gustavo\.gradle\caches\modules-2\files-2.1\io.ktor\ktor-server-netty-jvm\2.3.10\e6012ef15337527062bf85be8ccab4684391d2c6\ktor-server-netty-jvm-2.3.10.jar;C:\Users\Gustavo\.gradle\caches\modules-2\files-2.1\io.ktor\ktor-server-host-common-jvm\2.3.10\967a4fbbbd39c4630c88c34662eaffdc967a7397\ktor-server-host-common-jvm-2.3.10.jar;C:\Users\Gustavo\.gradle\caches\modules-2\files-2.1\io.ktor\ktor-server-auth-jvm\2.3.10\48a557ad377d39ad07bd067813b10cd345f9ae57\ktor-server-auth-jvm-2.3.10.jar;C:\Users\Gustavo\.gradle\caches\modules-2\files-2.1\io.ktor\ktor-server-call-logging-jvm\2.3.10\f8f606baca64cbce52c8c5fb838c2a960e1b7365\ktor-server-call-logging-jvm-2.3.10.jar;C:\Users\Gustavo\.gradle\caches\modules-2\files-2.1\io.ktor\ktor-server-content-negotiation-jvm\2.3.10\e0cb40781e1756b9fd1b6108f60be334b3cc2295\ktor-server-content-negotiation-jvm-2.3.10.jar;C:\Users\Gustavo\.gradle\caches\module
Launcher Type: SUN_STANDARD

[Global flags]
     intx CICompilerCount                          = 4                                         {product} {ergonomic}
     uint ConcGCThreads                            = 3                                         {product} {ergonomic}
     uint G1ConcRefinementThreads                  = 10                                        {product} {ergonomic}
   size_t G1HeapRegionSize                         = 1048576                                   {product} {ergonomic}
    uintx GCDrainStackTargetSize                   = 64                                        {product} {ergonomic}
   size_t InitialHeapSize                          = 98566144                                  {product} {ergonomic}
   size_t MarkStackSize                            = 4194304                                   {product} {ergonomic}
   size_t MaxHeapSize                              = 1574961152                                {product} {ergonomic}
   size_t MinHeapDeltaBytes                        = 1048576                                   {product} {ergonomic}
    uintx NonNMethodCodeHeapSize                   = 5836300                                {pd product} {ergonomic}
    uintx NonProfiledCodeHeapSize                  = 122910970                              {pd product} {ergonomic}
    uintx ProfiledCodeHeapSize                     = 122910970                              {pd product} {ergonomic}
    uintx ReservedCodeCacheSize                    = 251658240                              {pd product} {ergonomic}
     bool SegmentedCodeCache                       = true                                      {product} {ergonomic}
     bool UseCompressedClassPointers               = true                                 {lp64_product} {ergonomic}
     bool UseCompressedOops                        = true                                 {lp64_product} {ergonomic}
     bool UseG1GC                                  = true                                      {product} {ergonomic}
     bool UseLargePagesIndividualAllocation        = false                                  {pd product} {ergonomic}

Logging:
Log output configuration:
 #0: stdout all=warning uptime,level,tags
 #1: stderr all=off uptime,level,tags

Environment Variables:
PATH=C:\Program Files\Common Files\Oracle\Java\javapath;C:\WINDOWS\system32;C:\WINDOWS;C:\WINDOWS\System32\Wbem;C:\WINDOWS\System32\WindowsPowerShell\v1.0\;C:\WINDOWS\System32\OpenSSH\;C:\Program Files\Git\cmd;C:\Users\Gustavo\AppData\Local\Microsoft\WindowsApps;C:\Users\Gustavo\AppData\Local\Programs\Microsoft VS Code\bin;C:\Users\Gustavo\AppData\Local\GitHubDesktop\bin;
USERNAME=Gustavo
OS=Windows_NT
PROCESSOR_IDENTIFIER=AMD64 Family 23 Model 104 Stepping 1, AuthenticAMD
TMP=C:\Users\Gustavo\AppData\Local\Temp
TEMP=C:\Users\Gustavo\AppData\Local\Temp



---------------  S Y S T E M  ---------------

OS: Windows 11 , 64 bit Build 22621 (10.0.22621.3672)
OS uptime: 11 days 21:12 hours
Hyper-V role detected

CPU:total 12 (initial active 12) (12 cores per cpu, 2 threads per core) family 23 model 104 stepping 1 microcode 0x0, cmov, cx8, fxsr, mmx, sse, sse2, sse3, ssse3, sse4.1, sse4.2, popcnt, avx, avx2, aes, clmul, mmxext, 3dnowpref, lzcnt, sse4a, ht, tsc, tscinvbit, tscinv, bmi1, bmi2, adx, sha, fma

Memory: 4k page, system-wide physical 6005M (124M free)
TotalPageFile size 24437M (AvailPageFile size 77M)
current process WorkingSet (physical memory assigned to process): 10M, peak: 10M
current process commit charge ("private bytes"): 64M, peak: 158M

vm_info: OpenJDK 64-Bit Server VM (11.0.22+7-LTS) for windows-amd64 JRE (11.0.22+7-LTS), built on Jan 10 2024 19:54:00 by "Administrator" with MS VC++ 16.10 / 16.11 (VS2019)

END.
