#
# There is insufficient memory for the Java Runtime Environment to continue.
# Native memory allocation (malloc) failed to allocate 1845776 bytes for Chunk::new
# Possible reasons:
#   The system is out of physical RAM or swap space
#   The process is running with CompressedOops enabled, and the Java Heap may be blocking the growth of the native heap
# Possible solutions:
#   Reduce memory load on the system
#   Increase physical memory or swap space
#   Check if swap backing store is full
#   Decrease Java heap size (-Xmx/-Xms)
#   Decrease number of Java threads
#   Decrease Java thread stack sizes (-Xss)
#   Set larger code cache with -XX:ReservedCodeCacheSize=
#   JVM is running with Unscaled Compressed Oops mode in which the Java heap is
#     placed in the first 4GB address space. The Java Heap base address is the
#     maximum limit for the native heap growth. Please use -XX:HeapBaseMinAddress
#     to set the Java Heap base and to place the Java Heap above 4GB virtual address.
# This output file may be truncated or incomplete.
#
#  Out of Memory Error (arena.cpp:197), pid=20212, tid=14500
#
# JRE version: OpenJDK Runtime Environment Corretto-11.0.22.7.1 (11.0.22+7) (build 11.0.22+7-LTS)
# Java VM: OpenJDK 64-Bit Server VM Corretto-11.0.22.7.1 (11.0.22+7-LTS, mixed mode, tiered, compressed oops, g1 gc, windows-amd64)
# No core dump will be written. Minidumps are not enabled by default on client versions of Windows
#

---------------  S U M M A R Y ------------

Command Line: --add-opens=java.base/java.util=ALL-UNNAMED --add-opens=java.base/java.lang=ALL-UNNAMED --add-opens=java.base/java.lang.invoke=ALL-UNNAMED --add-opens=java.prefs/java.util.prefs=ALL-UNNAMED --add-opens=java.base/java.nio.charset=ALL-UNNAMED --add-opens=java.base/java.net=ALL-UNNAMED --add-opens=java.base/java.util.concurrent.atomic=ALL-UNNAMED -XX:MaxMetaspaceSize=384m -XX:+HeapDumpOnOutOfMemoryError -Xms256m -Xmx512m -Dfile.encoding=windows-1252 -Duser.country=BR -Duser.language=pt -Duser.variant -javaagent:C:\Users\Gustavo\.gradle\wrapper\dists\gradle-8.4-bin\1w5dpkrfk8irigvoxmyhowfim\gradle-8.4\lib\agents\gradle-instrumentation-agent-8.4.jar org.gradle.launcher.daemon.bootstrap.GradleDaemon 8.4

Host: AMD Ryzen 5 5500U with Radeon Graphics         , 12 cores, 5G,  Windows 11 , 64 bit Build 22621 (10.0.22621.3672)
Time: Mon Jun 24 17:22:29 2024 Hora oficial do Brasil elapsed time: 10.520055 seconds (0d 0h 0m 10s)

---------------  T H R E A D  ---------------

Current thread (0x000002174fd69800):  JavaThread "C2 CompilerThread0" daemon [_thread_in_native, id=14500, stack(0x000000940c800000,0x000000940c900000)]


Current CompileTask:
C2:  10520 2818       4       java.lang.invoke.MethodType::makeImpl (108 bytes)

Stack: [0x000000940c800000,0x000000940c900000]
Native frames: (J=compiled Java code, j=interpreted, Vv=VM code, C=native code)
V  [jvm.dll+0x64585a]
V  [jvm.dll+0x7d9bb9]
V  [jvm.dll+0x7db2b9]
V  [jvm.dll+0x7db9a3]
V  [jvm.dll+0x2694e5]
V  [jvm.dll+0xc1d7c]
V  [jvm.dll+0xc232c]
V  [jvm.dll+0x379967]
V  [jvm.dll+0x3446a5]
V  [jvm.dll+0x343a7a]
V  [jvm.dll+0x22173f]
V  [jvm.dll+0x220748]
V  [jvm.dll+0x19e521]
V  [jvm.dll+0x2305e9]
V  [jvm.dll+0x22e75f]
V  [jvm.dll+0x79ae51]
V  [jvm.dll+0x793b24]
V  [jvm.dll+0x644615]
C  [ucrtbase.dll+0x29333]
C  [KERNEL32.DLL+0x1257d]
C  [ntdll.dll+0x5af28]


---------------  P R O C E S S  ---------------

Threads class SMR info:
_java_thread_list=0x000002174fe15d40, length=33, elements={
0x000002173387a000, 0x000002174f4e3000, 0x000002174f4eb800, 0x000002174f4fe000,
0x000002174fd67800, 0x000002174fd68800, 0x000002174fd69800, 0x000002174fd6e000,
0x000002174fd6f000, 0x000002174f498000, 0x000002175203d800, 0x0000021751640000,
0x0000021751443800, 0x000002175213c000, 0x0000021751fe0000, 0x0000021751942000,
0x0000021751943000, 0x0000021750b77800, 0x00000217509a0800, 0x00000217519cd000,
0x00000217519cc000, 0x00000217519ce000, 0x00000217519cb800, 0x0000021752722800,
0x0000021752724000, 0x0000021752723800, 0x0000021752721800, 0x0000021752721000,
0x0000021752720000, 0x0000021752725000, 0x000002175271f800, 0x0000021752728800,
0x0000021752729000
}

Java Threads: ( => current thread )
  0x000002173387a000 JavaThread "main" [_thread_blocked, id=9024, stack(0x000000940bc00000,0x000000940bd00000)]
  0x000002174f4e3000 JavaThread "Reference Handler" daemon [_thread_blocked, id=20000, stack(0x000000940c300000,0x000000940c400000)]
  0x000002174f4eb800 JavaThread "Finalizer" daemon [_thread_blocked, id=5320, stack(0x000000940c400000,0x000000940c500000)]
  0x000002174f4fe000 JavaThread "Signal Dispatcher" daemon [_thread_blocked, id=23020, stack(0x000000940c500000,0x000000940c600000)]
  0x000002174fd67800 JavaThread "Attach Listener" daemon [_thread_blocked, id=4648, stack(0x000000940c600000,0x000000940c700000)]
  0x000002174fd68800 JavaThread "Service Thread" daemon [_thread_blocked, id=516, stack(0x000000940c700000,0x000000940c800000)]
=>0x000002174fd69800 JavaThread "C2 CompilerThread0" daemon [_thread_in_native, id=14500, stack(0x000000940c800000,0x000000940c900000)]
  0x000002174fd6e000 JavaThread "C1 CompilerThread0" daemon [_thread_blocked, id=15504, stack(0x000000940c900000,0x000000940ca00000)]
  0x000002174fd6f000 JavaThread "Sweeper thread" daemon [_thread_blocked, id=7332, stack(0x000000940ca00000,0x000000940cb00000)]
  0x000002174f498000 JavaThread "Common-Cleaner" daemon [_thread_blocked, id=4572, stack(0x000000940cb00000,0x000000940cc00000)]
  0x000002175203d800 JavaThread "Daemon health stats" [_thread_blocked, id=14420, stack(0x000000940d200000,0x000000940d300000)]
  0x0000021751640000 JavaThread "Incoming local TCP Connector on port 61776" [_thread_in_native, id=3836, stack(0x000000940d300000,0x000000940d400000)]
  0x0000021751443800 JavaThread "Daemon periodic checks" [_thread_blocked, id=6692, stack(0x000000940d400000,0x000000940d500000)]
  0x000002175213c000 JavaThread "Daemon" [_thread_blocked, id=13372, stack(0x000000940d500000,0x000000940d600000)]
  0x0000021751fe0000 JavaThread "Handler for socket connection from /127.0.0.1:61776 to /127.0.0.1:61777" [_thread_in_native, id=9156, stack(0x000000940d600000,0x000000940d700000)]
  0x0000021751942000 JavaThread "Cancel handler" [_thread_blocked, id=5036, stack(0x000000940d700000,0x000000940d800000)]
  0x0000021751943000 JavaThread "Daemon worker" [_thread_in_vm, id=6528, stack(0x000000940d800000,0x000000940d900000)]
  0x0000021750b77800 JavaThread "Asynchronous log dispatcher for DefaultDaemonConnection: socket connection from /127.0.0.1:61776 to /127.0.0.1:61777" [_thread_blocked, id=20748, stack(0x000000940d900000,0x000000940da00000)]
  0x00000217509a0800 JavaThread "Stdin handler" [_thread_blocked, id=8228, stack(0x000000940da00000,0x000000940db00000)]
  0x00000217519cd000 JavaThread "Daemon client event forwarder" [_thread_blocked, id=12848, stack(0x000000940db00000,0x000000940dc00000)]
  0x00000217519cc000 JavaThread "Cache worker for journal cache (C:\Users\Gustavo\.gradle\caches\journal-1)" [_thread_blocked, id=12920, stack(0x000000940e200000,0x000000940e300000)]
  0x00000217519ce000 JavaThread "File lock request listener" [_thread_in_native, id=22632, stack(0x000000940e300000,0x000000940e400000)]
  0x00000217519cb800 JavaThread "Cache worker for file hash cache (C:\Users\Gustavo\.gradle\caches\8.4\fileHashes)" [_thread_blocked, id=11372, stack(0x000000940e400000,0x000000940e500000)]
  0x0000021752722800 JavaThread "File watcher server" daemon [_thread_in_native, id=20992, stack(0x000000940e500000,0x000000940e600000)]
  0x0000021752724000 JavaThread "File watcher consumer" daemon [_thread_blocked, id=25064, stack(0x000000940e600000,0x000000940e700000)]
  0x0000021752723800 JavaThread "Cache worker for checksums cache (C:\Users\Gustavo\Documents\USP\Sistemas\Paozim\backend\.gradle\8.4\checksums)" [_thread_blocked, id=25104, stack(0x000000940e700000,0x000000940e800000)]
  0x0000021752721800 JavaThread "Cache worker for file hash cache (C:\Users\Gustavo\Documents\USP\Sistemas\Paozim\backend\.gradle\8.4\fileHashes)" [_thread_blocked, id=17304, stack(0x000000940e800000,0x000000940e900000)]
  0x0000021752721000 JavaThread "Cache worker for cache directory md-supplier (C:\Users\Gustavo\.gradle\caches\8.4\md-supplier)" [_thread_blocked, id=1700, stack(0x000000940e900000,0x000000940ea00000)]
  0x0000021752720000 JavaThread "Cache worker for file content cache (C:\Users\Gustavo\.gradle\caches\8.4\fileContent)" [_thread_blocked, id=4380, stack(0x000000940ea00000,0x000000940eb00000)]
  0x0000021752725000 JavaThread "Cache worker for cache directory md-rule (C:\Users\Gustavo\.gradle\caches\8.4\md-rule)" [_thread_blocked, id=23972, stack(0x000000940eb00000,0x000000940ec00000)]
  0x000002175271f800 JavaThread "Cache worker for execution history cache (C:\Users\Gustavo\.gradle\caches\8.4\executionHistory)" [_thread_blocked, id=11384, stack(0x000000940ec00000,0x000000940ed00000)]
  0x0000021752728800 JavaThread "jar transforms" [_thread_blocked, id=15168, stack(0x000000940ed00000,0x000000940ee00000)]
  0x0000021752729000 JavaThread "jar transforms Thread 2" [_thread_blocked, id=20392, stack(0x000000940ee00000,0x000000940ef00000)]

Other Threads:
  0x000002174f4dd000 VMThread "VM Thread" [stack: 0x000000940c200000,0x000000940c300000] [id=6964]
  0x000002175023f800 WatcherThread [stack: 0x000000940cc00000,0x000000940cd00000] [id=4060]
  0x0000021733894000 GCTaskThread "GC Thread#0" [stack: 0x000000940bd00000,0x000000940be00000] [id=19428]
  0x0000021750d34800 GCTaskThread "GC Thread#1" [stack: 0x000000940cd00000,0x000000940ce00000] [id=23760]
  0x0000021750d35000 GCTaskThread "GC Thread#2" [stack: 0x000000940ce00000,0x000000940cf00000] [id=8700]
  0x00000217511c8800 GCTaskThread "GC Thread#3" [stack: 0x000000940cf00000,0x000000940d000000] [id=10192]
  0x00000217511c9800 GCTaskThread "GC Thread#4" [stack: 0x000000940d000000,0x000000940d100000] [id=836]
  0x0000021750911800 GCTaskThread "GC Thread#5" [stack: 0x000000940d100000,0x000000940d200000] [id=11964]
  0x0000021750e3b800 GCTaskThread "GC Thread#6" [stack: 0x000000940dc00000,0x000000940dd00000] [id=24732]
  0x0000021750d75000 GCTaskThread "GC Thread#7" [stack: 0x000000940dd00000,0x000000940de00000] [id=1996]
  0x0000021750459800 GCTaskThread "GC Thread#8" [stack: 0x000000940de00000,0x000000940df00000] [id=25456]
  0x0000021750d6a000 GCTaskThread "GC Thread#9" [stack: 0x000000940df00000,0x000000940e000000] [id=10660]
  0x00000217338a4800 ConcurrentGCThread "G1 Main Marker" [stack: 0x000000940be00000,0x000000940bf00000] [id=2364]
  0x00000217338a6000 ConcurrentGCThread "G1 Conc#0" [stack: 0x000000940bf00000,0x000000940c000000] [id=7516]
  0x000002175044e000 ConcurrentGCThread "G1 Conc#1" [stack: 0x000000940e000000,0x000000940e100000] [id=17856]
  0x00000217512d1000 ConcurrentGCThread "G1 Conc#2" [stack: 0x000000940e100000,0x000000940e200000] [id=16532]
  0x000002174f36e800 ConcurrentGCThread "G1 Refine#0" [stack: 0x000000940c000000,0x000000940c100000] [id=6524]
  0x000002174f36f800 ConcurrentGCThread "G1 Young RemSet Sampling" [stack: 0x000000940c100000,0x000000940c200000] [id=13688]

Threads with active compile tasks:
C2 CompilerThread0    10558 2818       4       java.lang.invoke.MethodType::makeImpl (108 bytes)

VM state:not at safepoint (normal execution)

VM Mutex/Monitor currently owned by a thread: None

Heap address: 0x00000000e0000000, size: 512 MB, Compressed Oops mode: 32-bit
Narrow klass base: 0x0000000000000000, Narrow klass shift: 3
Compressed class space size: 394264576 Address: 0x0000000100000000

Heap:
 garbage-first heap   total 262144K, used 27193K [0x00000000e0000000, 0x0000000100000000)
  region size 1024K, 11 young (11264K), 6 survivors (6144K)
 Metaspace       used 35575K, capacity 36535K, committed 36816K, reserved 417792K
  class space    used 4722K, capacity 5092K, committed 5168K, reserved 385024K
Heap Regions: E=young(eden), S=young(survivor), O=old, HS=humongous(starts), HC=humongous(continues), CS=collection set, F=free, A=archive, TAMS=top-at-mark-start (previous, next)
|   0|0x00000000e0000000, 0x00000000e0100000, 0x00000000e0100000|100%|HS|  |TAMS 0x00000000e0100000, 0x00000000e0000000| Complete 
|   1|0x00000000e0100000, 0x00000000e0200000, 0x00000000e0200000|100%|HC|  |TAMS 0x00000000e0200000, 0x00000000e0100000| Complete 
|   2|0x00000000e0200000, 0x00000000e0300000, 0x00000000e0300000|100%|HC|  |TAMS 0x00000000e0300000, 0x00000000e0200000| Complete 
|   3|0x00000000e0300000, 0x00000000e0400000, 0x00000000e0400000|100%|HC|  |TAMS 0x00000000e0400000, 0x00000000e0300000| Complete 
|   4|0x00000000e0400000, 0x00000000e0500000, 0x00000000e0500000|100%| O|  |TAMS 0x00000000e0500000, 0x00000000e0400000| Untracked 
|   5|0x00000000e0500000, 0x00000000e0600000, 0x00000000e0600000|100%| O|  |TAMS 0x00000000e0600000, 0x00000000e0500000| Untracked 
|   6|0x00000000e0600000, 0x00000000e0700000, 0x00000000e0700000|100%| O|  |TAMS 0x00000000e0700000, 0x00000000e0600000| Untracked 
|   7|0x00000000e0700000, 0x00000000e0800000, 0x00000000e0800000|100%| O|  |TAMS 0x00000000e0800000, 0x00000000e0700000| Untracked 
|   8|0x00000000e0800000, 0x00000000e0900000, 0x00000000e0900000|100%| O|  |TAMS 0x00000000e0900000, 0x00000000e0800000| Untracked 
|   9|0x00000000e0900000, 0x00000000e0a00000, 0x00000000e0a00000|100%| O|  |TAMS 0x00000000e0a00000, 0x00000000e0900000| Untracked 
|  10|0x00000000e0a00000, 0x00000000e0b00000, 0x00000000e0b00000|100%| O|  |TAMS 0x00000000e0b00000, 0x00000000e0a00000| Untracked 
|  11|0x00000000e0b00000, 0x00000000e0c00000, 0x00000000e0c00000|100%| O|  |TAMS 0x00000000e0c00000, 0x00000000e0b00000| Untracked 
|  12|0x00000000e0c00000, 0x00000000e0d00000, 0x00000000e0d00000|100%| O|  |TAMS 0x00000000e0d00000, 0x00000000e0c00000| Untracked 
|  13|0x00000000e0d00000, 0x00000000e0e00000, 0x00000000e0e00000|100%| O|  |TAMS 0x00000000e0e00000, 0x00000000e0d00000| Untracked 
|  14|0x00000000e0e00000, 0x00000000e0f00000, 0x00000000e0f00000|100%| O|  |TAMS 0x00000000e0f00000, 0x00000000e0e00000| Untracked 
|  15|0x00000000e0f00000, 0x00000000e1000000, 0x00000000e1000000|100%| O|  |TAMS 0x00000000e1000000, 0x00000000e0f00000| Untracked 
|  16|0x00000000e1000000, 0x00000000e1100000, 0x00000000e1100000|100%| O|  |TAMS 0x00000000e1100000, 0x00000000e1000000| Untracked 
|  17|0x00000000e1100000, 0x00000000e1179e00, 0x00000000e1200000| 47%| O|  |TAMS 0x00000000e1179e00, 0x00000000e1100000| Untracked 
|  18|0x00000000e1200000, 0x00000000e1200000, 0x00000000e1300000|  0%| F|  |TAMS 0x00000000e1200000, 0x00000000e1200000| Untracked 
|  19|0x00000000e1300000, 0x00000000e1300000, 0x00000000e1400000|  0%| F|  |TAMS 0x00000000e1300000, 0x00000000e1300000| Untracked 
|  20|0x00000000e1400000, 0x00000000e1400000, 0x00000000e1500000|  0%| F|  |TAMS 0x00000000e1400000, 0x00000000e1400000| Untracked 
|  21|0x00000000e1500000, 0x00000000e1500000, 0x00000000e1600000|  0%| F|  |TAMS 0x00000000e1500000, 0x00000000e1500000| Untracked 
|  22|0x00000000e1600000, 0x00000000e1600000, 0x00000000e1700000|  0%| F|  |TAMS 0x00000000e1600000, 0x00000000e1600000| Untracked 
|  23|0x00000000e1700000, 0x00000000e1700000, 0x00000000e1800000|  0%| F|  |TAMS 0x00000000e1700000, 0x00000000e1700000| Untracked 
|  24|0x00000000e1800000, 0x00000000e1800000, 0x00000000e1900000|  0%| F|  |TAMS 0x00000000e1800000, 0x00000000e1800000| Untracked 
|  25|0x00000000e1900000, 0x00000000e1900000, 0x00000000e1a00000|  0%| F|  |TAMS 0x00000000e1900000, 0x00000000e1900000| Untracked 
|  26|0x00000000e1a00000, 0x00000000e1a00000, 0x00000000e1b00000|  0%| F|  |TAMS 0x00000000e1a00000, 0x00000000e1a00000| Untracked 
|  27|0x00000000e1b00000, 0x00000000e1b00000, 0x00000000e1c00000|  0%| F|  |TAMS 0x00000000e1b00000, 0x00000000e1b00000| Untracked 
|  28|0x00000000e1c00000, 0x00000000e1c00000, 0x00000000e1d00000|  0%| F|  |TAMS 0x00000000e1c00000, 0x00000000e1c00000| Untracked 
|  29|0x00000000e1d00000, 0x00000000e1d00000, 0x00000000e1e00000|  0%| F|  |TAMS 0x00000000e1d00000, 0x00000000e1d00000| Untracked 
|  30|0x00000000e1e00000, 0x00000000e1e00000, 0x00000000e1f00000|  0%| F|  |TAMS 0x00000000e1e00000, 0x00000000e1e00000| Untracked 
|  31|0x00000000e1f00000, 0x00000000e1f00000, 0x00000000e2000000|  0%| F|  |TAMS 0x00000000e1f00000, 0x00000000e1f00000| Untracked 
|  32|0x00000000e2000000, 0x00000000e2000000, 0x00000000e2100000|  0%| F|  |TAMS 0x00000000e2000000, 0x00000000e2000000| Untracked 
|  33|0x00000000e2100000, 0x00000000e2100000, 0x00000000e2200000|  0%| F|  |TAMS 0x00000000e2100000, 0x00000000e2100000| Untracked 
|  34|0x00000000e2200000, 0x00000000e2200000, 0x00000000e2300000|  0%| F|  |TAMS 0x00000000e2200000, 0x00000000e2200000| Untracked 
|  35|0x00000000e2300000, 0x00000000e2300000, 0x00000000e2400000|  0%| F|  |TAMS 0x00000000e2300000, 0x00000000e2300000| Untracked 
|  36|0x00000000e2400000, 0x00000000e2400000, 0x00000000e2500000|  0%| F|  |TAMS 0x00000000e2400000, 0x00000000e2400000| Untracked 
|  37|0x00000000e2500000, 0x00000000e2500000, 0x00000000e2600000|  0%| F|  |TAMS 0x00000000e2500000, 0x00000000e2500000| Untracked 
|  38|0x00000000e2600000, 0x00000000e2600000, 0x00000000e2700000|  0%| F|  |TAMS 0x00000000e2600000, 0x00000000e2600000| Untracked 
|  39|0x00000000e2700000, 0x00000000e2700000, 0x00000000e2800000|  0%| F|  |TAMS 0x00000000e2700000, 0x00000000e2700000| Untracked 
|  40|0x00000000e2800000, 0x00000000e2800000, 0x00000000e2900000|  0%| F|  |TAMS 0x00000000e2800000, 0x00000000e2800000| Untracked 
|  41|0x00000000e2900000, 0x00000000e2900000, 0x00000000e2a00000|  0%| F|  |TAMS 0x00000000e2900000, 0x00000000e2900000| Untracked 
|  42|0x00000000e2a00000, 0x00000000e2a00000, 0x00000000e2b00000|  0%| F|  |TAMS 0x00000000e2a00000, 0x00000000e2a00000| Untracked 
|  43|0x00000000e2b00000, 0x00000000e2b00000, 0x00000000e2c00000|  0%| F|  |TAMS 0x00000000e2b00000, 0x00000000e2b00000| Untracked 
|  44|0x00000000e2c00000, 0x00000000e2c00000, 0x00000000e2d00000|  0%| F|  |TAMS 0x00000000e2c00000, 0x00000000e2c00000| Untracked 
|  45|0x00000000e2d00000, 0x00000000e2d00000, 0x00000000e2e00000|  0%| F|  |TAMS 0x00000000e2d00000, 0x00000000e2d00000| Untracked 
|  46|0x00000000e2e00000, 0x00000000e2e00000, 0x00000000e2f00000|  0%| F|  |TAMS 0x00000000e2e00000, 0x00000000e2e00000| Untracked 
|  47|0x00000000e2f00000, 0x00000000e2f00000, 0x00000000e3000000|  0%| F|  |TAMS 0x00000000e2f00000, 0x00000000e2f00000| Untracked 
|  48|0x00000000e3000000, 0x00000000e3000000, 0x00000000e3100000|  0%| F|  |TAMS 0x00000000e3000000, 0x00000000e3000000| Untracked 
|  49|0x00000000e3100000, 0x00000000e3100000, 0x00000000e3200000|  0%| F|  |TAMS 0x00000000e3100000, 0x00000000e3100000| Untracked 
|  50|0x00000000e3200000, 0x00000000e3200000, 0x00000000e3300000|  0%| F|  |TAMS 0x00000000e3200000, 0x00000000e3200000| Untracked 
|  51|0x00000000e3300000, 0x00000000e3300000, 0x00000000e3400000|  0%| F|  |TAMS 0x00000000e3300000, 0x00000000e3300000| Untracked 
|  52|0x00000000e3400000, 0x00000000e3400000, 0x00000000e3500000|  0%| F|  |TAMS 0x00000000e3400000, 0x00000000e3400000| Untracked 
|  53|0x00000000e3500000, 0x00000000e3500000, 0x00000000e3600000|  0%| F|  |TAMS 0x00000000e3500000, 0x00000000e3500000| Untracked 
|  54|0x00000000e3600000, 0x00000000e3600000, 0x00000000e3700000|  0%| F|  |TAMS 0x00000000e3600000, 0x00000000e3600000| Untracked 
|  55|0x00000000e3700000, 0x00000000e3700000, 0x00000000e3800000|  0%| F|  |TAMS 0x00000000e3700000, 0x00000000e3700000| Untracked 
|  56|0x00000000e3800000, 0x00000000e3800000, 0x00000000e3900000|  0%| F|  |TAMS 0x00000000e3800000, 0x00000000e3800000| Untracked 
|  57|0x00000000e3900000, 0x00000000e3900000, 0x00000000e3a00000|  0%| F|  |TAMS 0x00000000e3900000, 0x00000000e3900000| Untracked 
|  58|0x00000000e3a00000, 0x00000000e3a00000, 0x00000000e3b00000|  0%| F|  |TAMS 0x00000000e3a00000, 0x00000000e3a00000| Untracked 
|  59|0x00000000e3b00000, 0x00000000e3b00000, 0x00000000e3c00000|  0%| F|  |TAMS 0x00000000e3b00000, 0x00000000e3b00000| Untracked 
|  60|0x00000000e3c00000, 0x00000000e3c00000, 0x00000000e3d00000|  0%| F|  |TAMS 0x00000000e3c00000, 0x00000000e3c00000| Untracked 
|  61|0x00000000e3d00000, 0x00000000e3d00000, 0x00000000e3e00000|  0%| F|  |TAMS 0x00000000e3d00000, 0x00000000e3d00000| Untracked 
|  62|0x00000000e3e00000, 0x00000000e3e00000, 0x00000000e3f00000|  0%| F|  |TAMS 0x00000000e3e00000, 0x00000000e3e00000| Untracked 
|  63|0x00000000e3f00000, 0x00000000e3f00000, 0x00000000e4000000|  0%| F|  |TAMS 0x00000000e3f00000, 0x00000000e3f00000| Untracked 
|  64|0x00000000e4000000, 0x00000000e4000000, 0x00000000e4100000|  0%| F|  |TAMS 0x00000000e4000000, 0x00000000e4000000| Untracked 
|  65|0x00000000e4100000, 0x00000000e4100000, 0x00000000e4200000|  0%| F|  |TAMS 0x00000000e4100000, 0x00000000e4100000| Untracked 
|  66|0x00000000e4200000, 0x00000000e4200000, 0x00000000e4300000|  0%| F|  |TAMS 0x00000000e4200000, 0x00000000e4200000| Untracked 
|  67|0x00000000e4300000, 0x00000000e4300000, 0x00000000e4400000|  0%| F|  |TAMS 0x00000000e4300000, 0x00000000e4300000| Untracked 
|  68|0x00000000e4400000, 0x00000000e4400000, 0x00000000e4500000|  0%| F|  |TAMS 0x00000000e4400000, 0x00000000e4400000| Untracked 
|  69|0x00000000e4500000, 0x00000000e4500000, 0x00000000e4600000|  0%| F|  |TAMS 0x00000000e4500000, 0x00000000e4500000| Untracked 
|  70|0x00000000e4600000, 0x00000000e4600000, 0x00000000e4700000|  0%| F|  |TAMS 0x00000000e4600000, 0x00000000e4600000| Untracked 
|  71|0x00000000e4700000, 0x00000000e4700000, 0x00000000e4800000|  0%| F|  |TAMS 0x00000000e4700000, 0x00000000e4700000| Untracked 
|  72|0x00000000e4800000, 0x00000000e4800000, 0x00000000e4900000|  0%| F|  |TAMS 0x00000000e4800000, 0x00000000e4800000| Untracked 
|  73|0x00000000e4900000, 0x00000000e4900000, 0x00000000e4a00000|  0%| F|  |TAMS 0x00000000e4900000, 0x00000000e4900000| Untracked 
|  74|0x00000000e4a00000, 0x00000000e4a00000, 0x00000000e4b00000|  0%| F|  |TAMS 0x00000000e4a00000, 0x00000000e4a00000| Untracked 
|  75|0x00000000e4b00000, 0x00000000e4b00000, 0x00000000e4c00000|  0%| F|  |TAMS 0x00000000e4b00000, 0x00000000e4b00000| Untracked 
|  76|0x00000000e4c00000, 0x00000000e4c00000, 0x00000000e4d00000|  0%| F|  |TAMS 0x00000000e4c00000, 0x00000000e4c00000| Untracked 
|  77|0x00000000e4d00000, 0x00000000e4d00000, 0x00000000e4e00000|  0%| F|  |TAMS 0x00000000e4d00000, 0x00000000e4d00000| Untracked 
|  78|0x00000000e4e00000, 0x00000000e4e00000, 0x00000000e4f00000|  0%| F|  |TAMS 0x00000000e4e00000, 0x00000000e4e00000| Untracked 
|  79|0x00000000e4f00000, 0x00000000e4f00000, 0x00000000e5000000|  0%| F|  |TAMS 0x00000000e4f00000, 0x00000000e4f00000| Untracked 
|  80|0x00000000e5000000, 0x00000000e5000000, 0x00000000e5100000|  0%| F|  |TAMS 0x00000000e5000000, 0x00000000e5000000| Untracked 
|  81|0x00000000e5100000, 0x00000000e5100000, 0x00000000e5200000|  0%| F|  |TAMS 0x00000000e5100000, 0x00000000e5100000| Untracked 
|  82|0x00000000e5200000, 0x00000000e5200000, 0x00000000e5300000|  0%| F|  |TAMS 0x00000000e5200000, 0x00000000e5200000| Untracked 
|  83|0x00000000e5300000, 0x00000000e5300000, 0x00000000e5400000|  0%| F|  |TAMS 0x00000000e5300000, 0x00000000e5300000| Untracked 
|  84|0x00000000e5400000, 0x00000000e5400000, 0x00000000e5500000|  0%| F|  |TAMS 0x00000000e5400000, 0x00000000e5400000| Untracked 
|  85|0x00000000e5500000, 0x00000000e5500000, 0x00000000e5600000|  0%| F|  |TAMS 0x00000000e5500000, 0x00000000e5500000| Untracked 
|  86|0x00000000e5600000, 0x00000000e5600000, 0x00000000e5700000|  0%| F|  |TAMS 0x00000000e5600000, 0x00000000e5600000| Untracked 
|  87|0x00000000e5700000, 0x00000000e5700000, 0x00000000e5800000|  0%| F|  |TAMS 0x00000000e5700000, 0x00000000e5700000| Untracked 
|  88|0x00000000e5800000, 0x00000000e5800000, 0x00000000e5900000|  0%| F|  |TAMS 0x00000000e5800000, 0x00000000e5800000| Untracked 
|  89|0x00000000e5900000, 0x00000000e5900000, 0x00000000e5a00000|  0%| F|  |TAMS 0x00000000e5900000, 0x00000000e5900000| Untracked 
|  90|0x00000000e5a00000, 0x00000000e5a00000, 0x00000000e5b00000|  0%| F|  |TAMS 0x00000000e5a00000, 0x00000000e5a00000| Untracked 
|  91|0x00000000e5b00000, 0x00000000e5b00000, 0x00000000e5c00000|  0%| F|  |TAMS 0x00000000e5b00000, 0x00000000e5b00000| Untracked 
|  92|0x00000000e5c00000, 0x00000000e5c00000, 0x00000000e5d00000|  0%| F|  |TAMS 0x00000000e5c00000, 0x00000000e5c00000| Untracked 
|  93|0x00000000e5d00000, 0x00000000e5d00000, 0x00000000e5e00000|  0%| F|  |TAMS 0x00000000e5d00000, 0x00000000e5d00000| Untracked 
|  94|0x00000000e5e00000, 0x00000000e5e00000, 0x00000000e5f00000|  0%| F|  |TAMS 0x00000000e5e00000, 0x00000000e5e00000| Untracked 
|  95|0x00000000e5f00000, 0x00000000e5f00000, 0x00000000e6000000|  0%| F|  |TAMS 0x00000000e5f00000, 0x00000000e5f00000| Untracked 
|  96|0x00000000e6000000, 0x00000000e6000000, 0x00000000e6100000|  0%| F|  |TAMS 0x00000000e6000000, 0x00000000e6000000| Untracked 
|  97|0x00000000e6100000, 0x00000000e6100000, 0x00000000e6200000|  0%| F|  |TAMS 0x00000000e6100000, 0x00000000e6100000| Untracked 
|  98|0x00000000e6200000, 0x00000000e6200000, 0x00000000e6300000|  0%| F|  |TAMS 0x00000000e6200000, 0x00000000e6200000| Untracked 
|  99|0x00000000e6300000, 0x00000000e6300000, 0x00000000e6400000|  0%| F|  |TAMS 0x00000000e6300000, 0x00000000e6300000| Untracked 
| 100|0x00000000e6400000, 0x00000000e6400000, 0x00000000e6500000|  0%| F|  |TAMS 0x00000000e6400000, 0x00000000e6400000| Untracked 
| 101|0x00000000e6500000, 0x00000000e6500000, 0x00000000e6600000|  0%| F|  |TAMS 0x00000000e6500000, 0x00000000e6500000| Untracked 
| 102|0x00000000e6600000, 0x00000000e6600000, 0x00000000e6700000|  0%| F|  |TAMS 0x00000000e6600000, 0x00000000e6600000| Untracked 
| 103|0x00000000e6700000, 0x00000000e6700000, 0x00000000e6800000|  0%| F|  |TAMS 0x00000000e6700000, 0x00000000e6700000| Untracked 
| 104|0x00000000e6800000, 0x00000000e6800000, 0x00000000e6900000|  0%| F|  |TAMS 0x00000000e6800000, 0x00000000e6800000| Untracked 
| 105|0x00000000e6900000, 0x00000000e6900000, 0x00000000e6a00000|  0%| F|  |TAMS 0x00000000e6900000, 0x00000000e6900000| Untracked 
| 106|0x00000000e6a00000, 0x00000000e6a00000, 0x00000000e6b00000|  0%| F|  |TAMS 0x00000000e6a00000, 0x00000000e6a00000| Untracked 
| 107|0x00000000e6b00000, 0x00000000e6b00000, 0x00000000e6c00000|  0%| F|  |TAMS 0x00000000e6b00000, 0x00000000e6b00000| Untracked 
| 108|0x00000000e6c00000, 0x00000000e6c00000, 0x00000000e6d00000|  0%| F|  |TAMS 0x00000000e6c00000, 0x00000000e6c00000| Untracked 
| 109|0x00000000e6d00000, 0x00000000e6d00000, 0x00000000e6e00000|  0%| F|  |TAMS 0x00000000e6d00000, 0x00000000e6d00000| Untracked 
| 110|0x00000000e6e00000, 0x00000000e6e00000, 0x00000000e6f00000|  0%| F|  |TAMS 0x00000000e6e00000, 0x00000000e6e00000| Untracked 
| 111|0x00000000e6f00000, 0x00000000e6f00000, 0x00000000e7000000|  0%| F|  |TAMS 0x00000000e6f00000, 0x00000000e6f00000| Untracked 
| 112|0x00000000e7000000, 0x00000000e7000000, 0x00000000e7100000|  0%| F|  |TAMS 0x00000000e7000000, 0x00000000e7000000| Untracked 
| 113|0x00000000e7100000, 0x00000000e7100000, 0x00000000e7200000|  0%| F|  |TAMS 0x00000000e7100000, 0x00000000e7100000| Untracked 
| 114|0x00000000e7200000, 0x00000000e7200000, 0x00000000e7300000|  0%| F|  |TAMS 0x00000000e7200000, 0x00000000e7200000| Untracked 
| 115|0x00000000e7300000, 0x00000000e7300000, 0x00000000e7400000|  0%| F|  |TAMS 0x00000000e7300000, 0x00000000e7300000| Untracked 
| 116|0x00000000e7400000, 0x00000000e7400000, 0x00000000e7500000|  0%| F|  |TAMS 0x00000000e7400000, 0x00000000e7400000| Untracked 
| 117|0x00000000e7500000, 0x00000000e7500000, 0x00000000e7600000|  0%| F|  |TAMS 0x00000000e7500000, 0x00000000e7500000| Untracked 
| 118|0x00000000e7600000, 0x00000000e7600000, 0x00000000e7700000|  0%| F|  |TAMS 0x00000000e7600000, 0x00000000e7600000| Untracked 
| 119|0x00000000e7700000, 0x00000000e7700000, 0x00000000e7800000|  0%| F|  |TAMS 0x00000000e7700000, 0x00000000e7700000| Untracked 
| 120|0x00000000e7800000, 0x00000000e7800000, 0x00000000e7900000|  0%| F|  |TAMS 0x00000000e7800000, 0x00000000e7800000| Untracked 
| 121|0x00000000e7900000, 0x00000000e7900000, 0x00000000e7a00000|  0%| F|  |TAMS 0x00000000e7900000, 0x00000000e7900000| Untracked 
| 122|0x00000000e7a00000, 0x00000000e7a00000, 0x00000000e7b00000|  0%| F|  |TAMS 0x00000000e7a00000, 0x00000000e7a00000| Untracked 
| 123|0x00000000e7b00000, 0x00000000e7b00000, 0x00000000e7c00000|  0%| F|  |TAMS 0x00000000e7b00000, 0x00000000e7b00000| Untracked 
| 124|0x00000000e7c00000, 0x00000000e7c00000, 0x00000000e7d00000|  0%| F|  |TAMS 0x00000000e7c00000, 0x00000000e7c00000| Untracked 
| 125|0x00000000e7d00000, 0x00000000e7d00000, 0x00000000e7e00000|  0%| F|  |TAMS 0x00000000e7d00000, 0x00000000e7d00000| Untracked 
| 126|0x00000000e7e00000, 0x00000000e7e00000, 0x00000000e7f00000|  0%| F|  |TAMS 0x00000000e7e00000, 0x00000000e7e00000| Untracked 
| 127|0x00000000e7f00000, 0x00000000e7f00000, 0x00000000e8000000|  0%| F|  |TAMS 0x00000000e7f00000, 0x00000000e7f00000| Untracked 
| 128|0x00000000e8000000, 0x00000000e8000000, 0x00000000e8100000|  0%| F|  |TAMS 0x00000000e8000000, 0x00000000e8000000| Untracked 
| 129|0x00000000e8100000, 0x00000000e8100000, 0x00000000e8200000|  0%| F|  |TAMS 0x00000000e8100000, 0x00000000e8100000| Untracked 
| 130|0x00000000e8200000, 0x00000000e8200000, 0x00000000e8300000|  0%| F|  |TAMS 0x00000000e8200000, 0x00000000e8200000| Untracked 
| 131|0x00000000e8300000, 0x00000000e8300000, 0x00000000e8400000|  0%| F|  |TAMS 0x00000000e8300000, 0x00000000e8300000| Untracked 
| 132|0x00000000e8400000, 0x00000000e8400000, 0x00000000e8500000|  0%| F|  |TAMS 0x00000000e8400000, 0x00000000e8400000| Untracked 
| 133|0x00000000e8500000, 0x00000000e8500000, 0x00000000e8600000|  0%| F|  |TAMS 0x00000000e8500000, 0x00000000e8500000| Untracked 
| 134|0x00000000e8600000, 0x00000000e8600000, 0x00000000e8700000|  0%| F|  |TAMS 0x00000000e8600000, 0x00000000e8600000| Untracked 
| 135|0x00000000e8700000, 0x00000000e8700000, 0x00000000e8800000|  0%| F|  |TAMS 0x00000000e8700000, 0x00000000e8700000| Untracked 
| 136|0x00000000e8800000, 0x00000000e8800000, 0x00000000e8900000|  0%| F|  |TAMS 0x00000000e8800000, 0x00000000e8800000| Untracked 
| 137|0x00000000e8900000, 0x00000000e8900000, 0x00000000e8a00000|  0%| F|  |TAMS 0x00000000e8900000, 0x00000000e8900000| Untracked 
| 138|0x00000000e8a00000, 0x00000000e8a00000, 0x00000000e8b00000|  0%| F|  |TAMS 0x00000000e8a00000, 0x00000000e8a00000| Untracked 
| 139|0x00000000e8b00000, 0x00000000e8b00000, 0x00000000e8c00000|  0%| F|  |TAMS 0x00000000e8b00000, 0x00000000e8b00000| Untracked 
| 140|0x00000000e8c00000, 0x00000000e8c00000, 0x00000000e8d00000|  0%| F|  |TAMS 0x00000000e8c00000, 0x00000000e8c00000| Untracked 
| 141|0x00000000e8d00000, 0x00000000e8d00000, 0x00000000e8e00000|  0%| F|  |TAMS 0x00000000e8d00000, 0x00000000e8d00000| Untracked 
| 142|0x00000000e8e00000, 0x00000000e8e00000, 0x00000000e8f00000|  0%| F|  |TAMS 0x00000000e8e00000, 0x00000000e8e00000| Untracked 
| 143|0x00000000e8f00000, 0x00000000e8f00000, 0x00000000e9000000|  0%| F|  |TAMS 0x00000000e8f00000, 0x00000000e8f00000| Untracked 
| 144|0x00000000e9000000, 0x00000000e9000000, 0x00000000e9100000|  0%| F|  |TAMS 0x00000000e9000000, 0x00000000e9000000| Untracked 
| 145|0x00000000e9100000, 0x00000000e9100000, 0x00000000e9200000|  0%| F|  |TAMS 0x00000000e9100000, 0x00000000e9100000| Untracked 
| 146|0x00000000e9200000, 0x00000000e9200000, 0x00000000e9300000|  0%| F|  |TAMS 0x00000000e9200000, 0x00000000e9200000| Untracked 
| 147|0x00000000e9300000, 0x00000000e9300000, 0x00000000e9400000|  0%| F|  |TAMS 0x00000000e9300000, 0x00000000e9300000| Untracked 
| 148|0x00000000e9400000, 0x00000000e9400000, 0x00000000e9500000|  0%| F|  |TAMS 0x00000000e9400000, 0x00000000e9400000| Untracked 
| 149|0x00000000e9500000, 0x00000000e9500000, 0x00000000e9600000|  0%| F|  |TAMS 0x00000000e9500000, 0x00000000e9500000| Untracked 
| 150|0x00000000e9600000, 0x00000000e9600000, 0x00000000e9700000|  0%| F|  |TAMS 0x00000000e9600000, 0x00000000e9600000| Untracked 
| 151|0x00000000e9700000, 0x00000000e9700000, 0x00000000e9800000|  0%| F|  |TAMS 0x00000000e9700000, 0x00000000e9700000| Untracked 
| 152|0x00000000e9800000, 0x00000000e9800000, 0x00000000e9900000|  0%| F|  |TAMS 0x00000000e9800000, 0x00000000e9800000| Untracked 
| 153|0x00000000e9900000, 0x00000000e9900000, 0x00000000e9a00000|  0%| F|  |TAMS 0x00000000e9900000, 0x00000000e9900000| Untracked 
| 154|0x00000000e9a00000, 0x00000000e9a00000, 0x00000000e9b00000|  0%| F|  |TAMS 0x00000000e9a00000, 0x00000000e9a00000| Untracked 
| 155|0x00000000e9b00000, 0x00000000e9b00000, 0x00000000e9c00000|  0%| F|  |TAMS 0x00000000e9b00000, 0x00000000e9b00000| Untracked 
| 156|0x00000000e9c00000, 0x00000000e9c00000, 0x00000000e9d00000|  0%| F|  |TAMS 0x00000000e9c00000, 0x00000000e9c00000| Untracked 
| 157|0x00000000e9d00000, 0x00000000e9d00000, 0x00000000e9e00000|  0%| F|  |TAMS 0x00000000e9d00000, 0x00000000e9d00000| Untracked 
| 158|0x00000000e9e00000, 0x00000000e9e00000, 0x00000000e9f00000|  0%| F|  |TAMS 0x00000000e9e00000, 0x00000000e9e00000| Untracked 
| 159|0x00000000e9f00000, 0x00000000e9f00000, 0x00000000ea000000|  0%| F|  |TAMS 0x00000000e9f00000, 0x00000000e9f00000| Untracked 
| 160|0x00000000ea000000, 0x00000000ea000000, 0x00000000ea100000|  0%| F|  |TAMS 0x00000000ea000000, 0x00000000ea000000| Untracked 
| 161|0x00000000ea100000, 0x00000000ea100000, 0x00000000ea200000|  0%| F|  |TAMS 0x00000000ea100000, 0x00000000ea100000| Untracked 
| 162|0x00000000ea200000, 0x00000000ea200000, 0x00000000ea300000|  0%| F|  |TAMS 0x00000000ea200000, 0x00000000ea200000| Untracked 
| 163|0x00000000ea300000, 0x00000000ea300000, 0x00000000ea400000|  0%| F|  |TAMS 0x00000000ea300000, 0x00000000ea300000| Untracked 
| 164|0x00000000ea400000, 0x00000000ea400000, 0x00000000ea500000|  0%| F|  |TAMS 0x00000000ea400000, 0x00000000ea400000| Untracked 
| 165|0x00000000ea500000, 0x00000000ea500000, 0x00000000ea600000|  0%| F|  |TAMS 0x00000000ea500000, 0x00000000ea500000| Untracked 
| 166|0x00000000ea600000, 0x00000000ea600000, 0x00000000ea700000|  0%| F|  |TAMS 0x00000000ea600000, 0x00000000ea600000| Untracked 
| 167|0x00000000ea700000, 0x00000000ea700000, 0x00000000ea800000|  0%| F|  |TAMS 0x00000000ea700000, 0x00000000ea700000| Untracked 
| 168|0x00000000ea800000, 0x00000000ea800000, 0x00000000ea900000|  0%| F|  |TAMS 0x00000000ea800000, 0x00000000ea800000| Untracked 
| 169|0x00000000ea900000, 0x00000000ea900000, 0x00000000eaa00000|  0%| F|  |TAMS 0x00000000ea900000, 0x00000000ea900000| Untracked 
| 170|0x00000000eaa00000, 0x00000000eaa00000, 0x00000000eab00000|  0%| F|  |TAMS 0x00000000eaa00000, 0x00000000eaa00000| Untracked 
| 171|0x00000000eab00000, 0x00000000eab00000, 0x00000000eac00000|  0%| F|  |TAMS 0x00000000eab00000, 0x00000000eab00000| Untracked 
| 172|0x00000000eac00000, 0x00000000eac00000, 0x00000000ead00000|  0%| F|  |TAMS 0x00000000eac00000, 0x00000000eac00000| Untracked 
| 173|0x00000000ead00000, 0x00000000ead00000, 0x00000000eae00000|  0%| F|  |TAMS 0x00000000ead00000, 0x00000000ead00000| Untracked 
| 174|0x00000000eae00000, 0x00000000eae00000, 0x00000000eaf00000|  0%| F|  |TAMS 0x00000000eae00000, 0x00000000eae00000| Untracked 
| 175|0x00000000eaf00000, 0x00000000eaf00000, 0x00000000eb000000|  0%| F|  |TAMS 0x00000000eaf00000, 0x00000000eaf00000| Untracked 
| 176|0x00000000eb000000, 0x00000000eb000000, 0x00000000eb100000|  0%| F|  |TAMS 0x00000000eb000000, 0x00000000eb000000| Untracked 
| 177|0x00000000eb100000, 0x00000000eb100000, 0x00000000eb200000|  0%| F|  |TAMS 0x00000000eb100000, 0x00000000eb100000| Untracked 
| 178|0x00000000eb200000, 0x00000000eb200000, 0x00000000eb300000|  0%| F|  |TAMS 0x00000000eb200000, 0x00000000eb200000| Untracked 
| 179|0x00000000eb300000, 0x00000000eb300000, 0x00000000eb400000|  0%| F|  |TAMS 0x00000000eb300000, 0x00000000eb300000| Untracked 
| 180|0x00000000eb400000, 0x00000000eb400000, 0x00000000eb500000|  0%| F|  |TAMS 0x00000000eb400000, 0x00000000eb400000| Untracked 
| 181|0x00000000eb500000, 0x00000000eb500000, 0x00000000eb600000|  0%| F|  |TAMS 0x00000000eb500000, 0x00000000eb500000| Untracked 
| 182|0x00000000eb600000, 0x00000000eb600000, 0x00000000eb700000|  0%| F|  |TAMS 0x00000000eb600000, 0x00000000eb600000| Untracked 
| 183|0x00000000eb700000, 0x00000000eb700000, 0x00000000eb800000|  0%| F|  |TAMS 0x00000000eb700000, 0x00000000eb700000| Untracked 
| 184|0x00000000eb800000, 0x00000000eb800000, 0x00000000eb900000|  0%| F|  |TAMS 0x00000000eb800000, 0x00000000eb800000| Untracked 
| 185|0x00000000eb900000, 0x00000000eb900000, 0x00000000eba00000|  0%| F|  |TAMS 0x00000000eb900000, 0x00000000eb900000| Untracked 
| 186|0x00000000eba00000, 0x00000000eba00000, 0x00000000ebb00000|  0%| F|  |TAMS 0x00000000eba00000, 0x00000000eba00000| Untracked 
| 187|0x00000000ebb00000, 0x00000000ebb00000, 0x00000000ebc00000|  0%| F|  |TAMS 0x00000000ebb00000, 0x00000000ebb00000| Untracked 
| 188|0x00000000ebc00000, 0x00000000ebc00000, 0x00000000ebd00000|  0%| F|  |TAMS 0x00000000ebc00000, 0x00000000ebc00000| Untracked 
| 189|0x00000000ebd00000, 0x00000000ebd00000, 0x00000000ebe00000|  0%| F|  |TAMS 0x00000000ebd00000, 0x00000000ebd00000| Untracked 
| 190|0x00000000ebe00000, 0x00000000ebe00000, 0x00000000ebf00000|  0%| F|  |TAMS 0x00000000ebe00000, 0x00000000ebe00000| Untracked 
| 191|0x00000000ebf00000, 0x00000000ebf00000, 0x00000000ec000000|  0%| F|  |TAMS 0x00000000ebf00000, 0x00000000ebf00000| Untracked 
| 192|0x00000000ec000000, 0x00000000ec000000, 0x00000000ec100000|  0%| F|  |TAMS 0x00000000ec000000, 0x00000000ec000000| Untracked 
| 193|0x00000000ec100000, 0x00000000ec100000, 0x00000000ec200000|  0%| F|  |TAMS 0x00000000ec100000, 0x00000000ec100000| Untracked 
| 194|0x00000000ec200000, 0x00000000ec200000, 0x00000000ec300000|  0%| F|  |TAMS 0x00000000ec200000, 0x00000000ec200000| Untracked 
| 195|0x00000000ec300000, 0x00000000ec300000, 0x00000000ec400000|  0%| F|  |TAMS 0x00000000ec300000, 0x00000000ec300000| Untracked 
| 196|0x00000000ec400000, 0x00000000ec400000, 0x00000000ec500000|  0%| F|  |TAMS 0x00000000ec400000, 0x00000000ec400000| Untracked 
| 197|0x00000000ec500000, 0x00000000ec500000, 0x00000000ec600000|  0%| F|  |TAMS 0x00000000ec500000, 0x00000000ec500000| Untracked 
| 198|0x00000000ec600000, 0x00000000ec600000, 0x00000000ec700000|  0%| F|  |TAMS 0x00000000ec600000, 0x00000000ec600000| Untracked 
| 199|0x00000000ec700000, 0x00000000ec700000, 0x00000000ec800000|  0%| F|  |TAMS 0x00000000ec700000, 0x00000000ec700000| Untracked 
| 200|0x00000000ec800000, 0x00000000ec800000, 0x00000000ec900000|  0%| F|  |TAMS 0x00000000ec800000, 0x00000000ec800000| Untracked 
| 201|0x00000000ec900000, 0x00000000ec900000, 0x00000000eca00000|  0%| F|  |TAMS 0x00000000ec900000, 0x00000000ec900000| Untracked 
| 202|0x00000000eca00000, 0x00000000eca00000, 0x00000000ecb00000|  0%| F|  |TAMS 0x00000000eca00000, 0x00000000eca00000| Untracked 
| 203|0x00000000ecb00000, 0x00000000ecb00000, 0x00000000ecc00000|  0%| F|  |TAMS 0x00000000ecb00000, 0x00000000ecb00000| Untracked 
| 204|0x00000000ecc00000, 0x00000000ecc00000, 0x00000000ecd00000|  0%| F|  |TAMS 0x00000000ecc00000, 0x00000000ecc00000| Untracked 
| 205|0x00000000ecd00000, 0x00000000ecd00000, 0x00000000ece00000|  0%| F|  |TAMS 0x00000000ecd00000, 0x00000000ecd00000| Untracked 
| 206|0x00000000ece00000, 0x00000000ece00000, 0x00000000ecf00000|  0%| F|  |TAMS 0x00000000ece00000, 0x00000000ece00000| Untracked 
| 207|0x00000000ecf00000, 0x00000000ecf00000, 0x00000000ed000000|  0%| F|  |TAMS 0x00000000ecf00000, 0x00000000ecf00000| Untracked 
| 208|0x00000000ed000000, 0x00000000ed000000, 0x00000000ed100000|  0%| F|  |TAMS 0x00000000ed000000, 0x00000000ed000000| Untracked 
| 209|0x00000000ed100000, 0x00000000ed100000, 0x00000000ed200000|  0%| F|  |TAMS 0x00000000ed100000, 0x00000000ed100000| Untracked 
| 210|0x00000000ed200000, 0x00000000ed200000, 0x00000000ed300000|  0%| F|  |TAMS 0x00000000ed200000, 0x00000000ed200000| Untracked 
| 211|0x00000000ed300000, 0x00000000ed300000, 0x00000000ed400000|  0%| F|  |TAMS 0x00000000ed300000, 0x00000000ed300000| Untracked 
| 212|0x00000000ed400000, 0x00000000ed400000, 0x00000000ed500000|  0%| F|  |TAMS 0x00000000ed400000, 0x00000000ed400000| Untracked 
| 213|0x00000000ed500000, 0x00000000ed500000, 0x00000000ed600000|  0%| F|  |TAMS 0x00000000ed500000, 0x00000000ed500000| Untracked 
| 214|0x00000000ed600000, 0x00000000ed600000, 0x00000000ed700000|  0%| F|  |TAMS 0x00000000ed600000, 0x00000000ed600000| Untracked 
| 215|0x00000000ed700000, 0x00000000ed700000, 0x00000000ed800000|  0%| F|  |TAMS 0x00000000ed700000, 0x00000000ed700000| Untracked 
| 216|0x00000000ed800000, 0x00000000ed800000, 0x00000000ed900000|  0%| F|  |TAMS 0x00000000ed800000, 0x00000000ed800000| Untracked 
| 217|0x00000000ed900000, 0x00000000ed900000, 0x00000000eda00000|  0%| F|  |TAMS 0x00000000ed900000, 0x00000000ed900000| Untracked 
| 218|0x00000000eda00000, 0x00000000eda00000, 0x00000000edb00000|  0%| F|  |TAMS 0x00000000eda00000, 0x00000000eda00000| Untracked 
| 219|0x00000000edb00000, 0x00000000edb00000, 0x00000000edc00000|  0%| F|  |TAMS 0x00000000edb00000, 0x00000000edb00000| Untracked 
| 220|0x00000000edc00000, 0x00000000edc00000, 0x00000000edd00000|  0%| F|  |TAMS 0x00000000edc00000, 0x00000000edc00000| Untracked 
| 221|0x00000000edd00000, 0x00000000edd00000, 0x00000000ede00000|  0%| F|  |TAMS 0x00000000edd00000, 0x00000000edd00000| Untracked 
| 222|0x00000000ede00000, 0x00000000ede00000, 0x00000000edf00000|  0%| F|  |TAMS 0x00000000ede00000, 0x00000000ede00000| Untracked 
| 223|0x00000000edf00000, 0x00000000edf00000, 0x00000000ee000000|  0%| F|  |TAMS 0x00000000edf00000, 0x00000000edf00000| Untracked 
| 224|0x00000000ee000000, 0x00000000ee000000, 0x00000000ee100000|  0%| F|  |TAMS 0x00000000ee000000, 0x00000000ee000000| Untracked 
| 225|0x00000000ee100000, 0x00000000ee100000, 0x00000000ee200000|  0%| F|  |TAMS 0x00000000ee100000, 0x00000000ee100000| Untracked 
| 226|0x00000000ee200000, 0x00000000ee200000, 0x00000000ee300000|  0%| F|  |TAMS 0x00000000ee200000, 0x00000000ee200000| Untracked 
| 227|0x00000000ee300000, 0x00000000ee300000, 0x00000000ee400000|  0%| F|  |TAMS 0x00000000ee300000, 0x00000000ee300000| Untracked 
| 228|0x00000000ee400000, 0x00000000ee400000, 0x00000000ee500000|  0%| F|  |TAMS 0x00000000ee400000, 0x00000000ee400000| Untracked 
| 229|0x00000000ee500000, 0x00000000ee500000, 0x00000000ee600000|  0%| F|  |TAMS 0x00000000ee500000, 0x00000000ee500000| Untracked 
| 230|0x00000000ee600000, 0x00000000ee600000, 0x00000000ee700000|  0%| F|  |TAMS 0x00000000ee600000, 0x00000000ee600000| Untracked 
| 231|0x00000000ee700000, 0x00000000ee700000, 0x00000000ee800000|  0%| F|  |TAMS 0x00000000ee700000, 0x00000000ee700000| Untracked 
| 232|0x00000000ee800000, 0x00000000ee800000, 0x00000000ee900000|  0%| F|  |TAMS 0x00000000ee800000, 0x00000000ee800000| Untracked 
| 233|0x00000000ee900000, 0x00000000ee900000, 0x00000000eea00000|  0%| F|  |TAMS 0x00000000ee900000, 0x00000000ee900000| Untracked 
| 234|0x00000000eea00000, 0x00000000eea00000, 0x00000000eeb00000|  0%| F|  |TAMS 0x00000000eea00000, 0x00000000eea00000| Untracked 
| 235|0x00000000eeb00000, 0x00000000eeb00000, 0x00000000eec00000|  0%| F|  |TAMS 0x00000000eeb00000, 0x00000000eeb00000| Untracked 
| 236|0x00000000eec00000, 0x00000000eec00000, 0x00000000eed00000|  0%| F|  |TAMS 0x00000000eec00000, 0x00000000eec00000| Untracked 
| 237|0x00000000eed00000, 0x00000000eed00000, 0x00000000eee00000|  0%| F|  |TAMS 0x00000000eed00000, 0x00000000eed00000| Untracked 
| 238|0x00000000eee00000, 0x00000000eee00000, 0x00000000eef00000|  0%| F|  |TAMS 0x00000000eee00000, 0x00000000eee00000| Untracked 
| 239|0x00000000eef00000, 0x00000000eef00000, 0x00000000ef000000|  0%| F|  |TAMS 0x00000000eef00000, 0x00000000eef00000| Untracked 
| 240|0x00000000ef000000, 0x00000000ef000000, 0x00000000ef100000|  0%| F|  |TAMS 0x00000000ef000000, 0x00000000ef000000| Untracked 
| 241|0x00000000ef100000, 0x00000000ef100000, 0x00000000ef200000|  0%| F|  |TAMS 0x00000000ef100000, 0x00000000ef100000| Untracked 
| 242|0x00000000ef200000, 0x00000000ef200000, 0x00000000ef300000|  0%| F|  |TAMS 0x00000000ef200000, 0x00000000ef200000| Untracked 
| 243|0x00000000ef300000, 0x00000000ef300000, 0x00000000ef400000|  0%| F|  |TAMS 0x00000000ef300000, 0x00000000ef300000| Untracked 
| 244|0x00000000ef400000, 0x00000000ef400000, 0x00000000ef500000|  0%| F|  |TAMS 0x00000000ef400000, 0x00000000ef400000| Untracked 
| 245|0x00000000ef500000, 0x00000000ef600000, 0x00000000ef600000|100%| E|  |TAMS 0x00000000ef500000, 0x00000000ef500000| Complete 
| 246|0x00000000ef600000, 0x00000000ef700000, 0x00000000ef700000|100%| E|CS|TAMS 0x00000000ef600000, 0x00000000ef600000| Complete 
| 247|0x00000000ef700000, 0x00000000ef800000, 0x00000000ef800000|100%| E|CS|TAMS 0x00000000ef700000, 0x00000000ef700000| Complete 
| 248|0x00000000ef800000, 0x00000000ef8147b8, 0x00000000ef900000|  8%| S|CS|TAMS 0x00000000ef800000, 0x00000000ef800000| Complete 
| 249|0x00000000ef900000, 0x00000000efa00000, 0x00000000efa00000|100%| S|CS|TAMS 0x00000000ef900000, 0x00000000ef900000| Complete 
| 250|0x00000000efa00000, 0x00000000efb00000, 0x00000000efb00000|100%| S|CS|TAMS 0x00000000efa00000, 0x00000000efa00000| Complete 
| 251|0x00000000efb00000, 0x00000000efc00000, 0x00000000efc00000|100%| S|CS|TAMS 0x00000000efb00000, 0x00000000efb00000| Complete 
| 252|0x00000000efc00000, 0x00000000efd00000, 0x00000000efd00000|100%| S|CS|TAMS 0x00000000efc00000, 0x00000000efc00000| Complete 
| 253|0x00000000efd00000, 0x00000000efe00000, 0x00000000efe00000|100%| S|CS|TAMS 0x00000000efd00000, 0x00000000efd00000| Complete 
| 254|0x00000000efe00000, 0x00000000eff00000, 0x00000000eff00000|100%| E|CS|TAMS 0x00000000efe00000, 0x00000000efe00000| Complete 
| 255|0x00000000eff00000, 0x00000000f0000000, 0x00000000f0000000|100%| E|CS|TAMS 0x00000000eff00000, 0x00000000eff00000| Complete 

Card table byte_map: [0x000002174b650000,0x000002174b750000] _byte_map_base: 0x000002174af50000

Marking Bits (Prev, Next): (CMBitMap*) 0x00000217338a1a88, (CMBitMap*) 0x00000217338a1ac0
 Prev Bits: [0x000002174b850000, 0x000002174c050000)
 Next Bits: [0x000002174c050000, 0x000002174c850000)

Polling page: 0x0000021731800000

Metaspace:

Usage:
  Non-class:     30.71 MB capacity,    30.15 MB ( 98%) used,   471.03 KB (  1%) free+waste,    93.38 KB ( <1%) overhead. 
      Class:      4.97 MB capacity,     4.62 MB ( 93%) used,   317.79 KB (  6%) free+waste,    46.81 KB ( <1%) overhead. 
       Both:     35.68 MB capacity,    34.77 MB ( 97%) used,   788.82 KB (  2%) free+waste,   140.19 KB ( <1%) overhead. 

Virtual space:
  Non-class space:       32.00 MB reserved,      30.91 MB ( 97%) committed 
      Class space:      376.00 MB reserved,       5.05 MB (  1%) committed 
             Both:      408.00 MB reserved,      35.95 MB (  9%) committed 

Chunk freelists:
   Non-Class:  45.00 KB
       Class:  28.00 KB
        Both:  73.00 KB

MaxMetaspaceSize: 384.00 MB
CompressedClassSpaceSize: 376.00 MB
Initial GC threshold: 20.80 MB
Current GC threshold: 58.88 MB
CDS: off

CodeHeap 'non-profiled nmethods': size=120000Kb used=1391Kb max_used=1391Kb free=118608Kb
 bounds [0x0000021743ad0000, 0x0000021743d40000, 0x000002174b000000]
CodeHeap 'profiled nmethods': size=120000Kb used=6212Kb max_used=6212Kb free=113787Kb
 bounds [0x000002173c5a0000, 0x000002173cbc0000, 0x0000021743ad0000]
CodeHeap 'non-nmethods': size=5760Kb used=1252Kb max_used=1285Kb free=4507Kb
 bounds [0x000002173c000000, 0x000002173c270000, 0x000002173c5a0000]
 total_blobs=3396 nmethods=2865 adapters=443
 compilation: enabled
              stopped_count=0, restarted_count=0
 full_count=0

Compilation events (20 events):
Event: 10.490 Thread 0x000002174fd6e000 2865       1       java.lang.Long::longValue (5 bytes)
Event: 10.490 Thread 0x000002174fd6e000 nmethod 2865 0x0000021743c2b690 code [0x0000021743c2b840, 0x0000021743c2b8f8]
Event: 10.506 Thread 0x000002174fd6e000 2866       3       org.gradle.internal.reflect.ClassInspector::inspectClass (179 bytes)
Event: 10.507 Thread 0x000002174fd6e000 nmethod 2866 0x000002173cba1810 code [0x000002173cba1bc0, 0x000002173cba2e78]
Event: 10.508 Thread 0x000002174fd6e000 2867       3       org.gradle.internal.instantiation.generator.AbstractClassGenerator$ClassMetadata::getProperty (14 bytes)
Event: 10.508 Thread 0x000002174fd6e000 nmethod 2867 0x000002173cba3690 code [0x000002173cba3860, 0x000002173cba3b08]
Event: 10.508 Thread 0x000002174fd6e000 2868   !   3       java.util.concurrent.ConcurrentHashMap::putVal (432 bytes)
Event: 10.510 Thread 0x000002174fd6e000 nmethod 2868 0x000002173cba3c10 code [0x000002173cba3fa0, 0x000002173cba60d8]
Event: 10.510 Thread 0x000002174fd6e000 2870       3       java.lang.Class::getMethod (59 bytes)
Event: 10.511 Thread 0x000002174fd6e000 nmethod 2870 0x000002173cba6b90 code [0x000002173cba6e60, 0x000002173cba7aa8]
Event: 10.511 Thread 0x000002174fd6e000 2869       3       java.util.Collections$SingletonList::iterator (8 bytes)
Event: 10.511 Thread 0x000002174fd6e000 nmethod 2869 0x000002173cba7f90 code [0x000002173cba8160, 0x000002173cba8438]
Event: 10.511 Thread 0x000002174fd6e000 2871       3       jdk.internal.misc.Unsafe::convEndian (16 bytes)
Event: 10.511 Thread 0x000002174fd6e000 nmethod 2871 0x000002173cba8590 code [0x000002173cba8740, 0x000002173cba88f8]
Event: 10.511 Thread 0x000002174fd6e000 2873       3       java.util.stream.AbstractPipeline::copyInto (54 bytes)
Event: 10.511 Thread 0x000002174fd6e000 nmethod 2873 0x000002173cba8990 code [0x000002173cba8bc0, 0x000002173cba9298]
Event: 10.511 Thread 0x000002174fd6e000 2872       3       java.util.stream.ReferencePipeline::noneMatch (18 bytes)
Event: 10.512 Thread 0x000002174fd6e000 nmethod 2872 0x000002173cba9510 code [0x000002173cba9780, 0x000002173cbaa2b8]
Event: 10.512 Thread 0x000002174fd6e000 2874       1       org.gradle.internal.instantiation.generator.AbstractClassGenerator$PropertyMetadata::getOverridableSetters (5 bytes)
Event: 10.512 Thread 0x000002174fd6e000 nmethod 2874 0x0000021743c2b990 code [0x0000021743c2bb40, 0x0000021743c2bbf8]

GC Heap History (10 events):
Event: 1.087 GC heap before
{Heap before GC invocations=0 (full 0):
 garbage-first heap   total 262144K, used 27648K [0x00000000e0000000, 0x0000000100000000)
  region size 1024K, 24 young (24576K), 0 survivors (0K)
 Metaspace       used 10162K, capacity 10388K, committed 10624K, reserved 395264K
  class space    used 1007K, capacity 1080K, committed 1152K, reserved 385024K
}
Event: 1.098 GC heap after
{Heap after GC invocations=1 (full 0):
 garbage-first heap   total 262144K, used 10563K [0x00000000e0000000, 0x0000000100000000)
  region size 1024K, 3 young (3072K), 3 survivors (3072K)
 Metaspace       used 10162K, capacity 10388K, committed 10624K, reserved 395264K
  class space    used 1007K, capacity 1080K, committed 1152K, reserved 385024K
}
Event: 6.914 GC heap before
{Heap before GC invocations=1 (full 0):
 garbage-first heap   total 262144K, used 103747K [0x00000000e0000000, 0x0000000100000000)
  region size 1024K, 94 young (96256K), 3 survivors (3072K)
 Metaspace       used 20770K, capacity 21205K, committed 21296K, reserved 405504K
  class space    used 2410K, capacity 2562K, committed 2608K, reserved 385024K
}
Event: 6.929 GC heap after
{Heap after GC invocations=2 (full 0):
 garbage-first heap   total 262144K, used 18282K [0x00000000e0000000, 0x0000000100000000)
  region size 1024K, 11 young (11264K), 11 survivors (11264K)
 Metaspace       used 20770K, capacity 21205K, committed 21296K, reserved 405504K
  class space    used 2410K, capacity 2562K, committed 2608K, reserved 385024K
}
Event: 8.640 GC heap before
{Heap before GC invocations=3 (full 0):
 garbage-first heap   total 262144K, used 72554K [0x00000000e0000000, 0x0000000100000000)
  region size 1024K, 64 young (65536K), 11 survivors (11264K)
 Metaspace       used 25572K, capacity 26177K, committed 26288K, reserved 409600K
  class space    used 3202K, capacity 3399K, committed 3504K, reserved 385024K
}
Event: 8.651 GC heap after
{Heap after GC invocations=4 (full 0):
 garbage-first heap   total 262144K, used 20147K [0x00000000e0000000, 0x0000000100000000)
  region size 1024K, 3 young (3072K), 3 survivors (3072K)
 Metaspace       used 25572K, capacity 26177K, committed 26288K, reserved 409600K
  class space    used 3202K, capacity 3399K, committed 3504K, reserved 385024K
}
Event: 10.418 GC heap before
{Heap before GC invocations=4 (full 0):
 garbage-first heap   total 262144K, used 122547K [0x00000000e0000000, 0x0000000100000000)
  region size 1024K, 103 young (105472K), 3 survivors (3072K)
 Metaspace       used 34680K, capacity 35606K, committed 35760K, reserved 415744K
  class space    used 4587K, capacity 4935K, committed 5040K, reserved 385024K
}
Event: 10.423 GC heap after
{Heap after GC invocations=5 (full 0):
 garbage-first heap   total 262144K, used 23015K [0x00000000e0000000, 0x0000000100000000)
  region size 1024K, 5 young (5120K), 5 survivors (5120K)
 Metaspace       used 34680K, capacity 35606K, committed 35760K, reserved 415744K
  class space    used 4587K, capacity 4935K, committed 5040K, reserved 385024K
}
Event: 10.441 GC heap before
{Heap before GC invocations=5 (full 0):
 garbage-first heap   total 262144K, used 24039K [0x00000000e0000000, 0x0000000100000000)
  region size 1024K, 7 young (7168K), 5 survivors (5120K)
 Metaspace       used 34919K, capacity 35785K, committed 35920K, reserved 417792K
  class space    used 4625K, capacity 4972K, committed 5040K, reserved 385024K
}
Event: 10.447 GC heap after
{Heap after GC invocations=6 (full 0):
 garbage-first heap   total 262144K, used 23097K [0x00000000e0000000, 0x0000000100000000)
  region size 1024K, 6 young (6144K), 6 survivors (6144K)
 Metaspace       used 34919K, capacity 35785K, committed 35920K, reserved 417792K
  class space    used 4625K, capacity 4972K, committed 5040K, reserved 385024K
}

Deoptimization events (20 events):
Event: 10.499 Thread 0x0000021751943000 Uncommon trap: trap_request=0xffffff4d fr.pc=0x0000021743b53b04 relative=0x0000000000001ba4
Event: 10.499 Thread 0x0000021751943000 Uncommon trap: reason=unstable_if action=reinterpret pc=0x0000021743b53b04 method=java.util.zip.ZipFile$Source.initCEN(ILjava/util/zip/ZipCoder;)V @ 669 c2
Event: 10.499 Thread 0x0000021751943000 DEOPT PACKING pc=0x0000021743b53b04 sp=0x000000940d8f51e0
Event: 10.499 Thread 0x0000021751943000 DEOPT UNPACKING pc=0x000002173c04a1af sp=0x000000940d8f51a0 mode 2
Event: 10.499 Thread 0x0000021751943000 Uncommon trap: trap_request=0xffffff4d fr.pc=0x0000021743bf6d34 relative=0x0000000000005974
Event: 10.499 Thread 0x0000021751943000 Uncommon trap: reason=unstable_if action=reinterpret pc=0x0000021743bf6d34 method=java.net.URLClassLoader.defineClass(Ljava/lang/String;Ljdk/internal/loader/Resource;)Ljava/lang/Class; @ 21 c2
Event: 10.499 Thread 0x0000021751943000 DEOPT PACKING pc=0x0000021743bf6d34 sp=0x000000940d8f8f60
Event: 10.499 Thread 0x0000021751943000 DEOPT UNPACKING pc=0x000002173c04a1af sp=0x000000940d8f8ed0 mode 2
Event: 10.500 Thread 0x0000021751943000 Uncommon trap: trap_request=0xffffff4d fr.pc=0x0000021743bdcb48 relative=0x0000000000003288
Event: 10.500 Thread 0x0000021751943000 Uncommon trap: reason=unstable_if action=reinterpret pc=0x0000021743bdcb48 method=java.lang.ClassLoader.getClassLoadingLock(Ljava/lang/String;)Ljava/lang/Object; @ 6 c2
Event: 10.500 Thread 0x0000021751943000 DEOPT PACKING pc=0x0000021743bdcb48 sp=0x000000940d8f74a0
Event: 10.500 Thread 0x0000021751943000 DEOPT UNPACKING pc=0x000002173c04a1af sp=0x000000940d8f74c0 mode 2
Event: 10.501 Thread 0x0000021751943000 Uncommon trap: trap_request=0xffffff4d fr.pc=0x0000021743c0c184 relative=0x0000000000000724
Event: 10.501 Thread 0x0000021751943000 Uncommon trap: reason=unstable_if action=reinterpret pc=0x0000021743c0c184 method=java.lang.Class.getPackageName()Ljava/lang/String; @ 55 c2
Event: 10.501 Thread 0x0000021751943000 DEOPT PACKING pc=0x0000021743c0c184 sp=0x000000940d8f8ca0
Event: 10.501 Thread 0x0000021751943000 DEOPT UNPACKING pc=0x000002173c04a1af sp=0x000000940d8f8c60 mode 2
Event: 10.502 Thread 0x0000021751943000 Uncommon trap: trap_request=0xffffff4d fr.pc=0x0000021743bab3d8 relative=0x0000000000001418
Event: 10.502 Thread 0x0000021751943000 Uncommon trap: reason=unstable_if action=reinterpret pc=0x0000021743bab3d8 method=java.util.concurrent.ConcurrentHashMap.putVal(Ljava/lang/Object;Ljava/lang/Object;Z)Ljava/lang/Object; @ 231 c2
Event: 10.502 Thread 0x0000021751943000 DEOPT PACKING pc=0x0000021743bab3d8 sp=0x000000940d8f8e00
Event: 10.502 Thread 0x0000021751943000 DEOPT UNPACKING pc=0x000002173c04a1af sp=0x000000940d8f8d80 mode 2

Classes redefined (0 events):
No events

Internal exceptions (20 events):
Event: 8.885 Thread 0x0000021751943000 Exception <a 'java/lang/NoSuchMethodError'{0x00000000ef3d1fd0}: 'java.lang.Object java.lang.invoke.Invokers$Holder.linkToTargetMethod(java.lang.Object, java.lang.Object, java.lang.Object, java.lang.Object, java.lang.Object, java.lang.Object, java.lang.Object)'> (0x00000000ef3d1fd0) thrown at [s\src\hotspot\share\interpreter\linkResolver.cpp, line 773]
Event: 8.922 Thread 0x0000021751943000 Exception <a 'java/lang/NoSuchMethodError'{0x00000000ef18d100}: 'java.lang.Object java.lang.invoke.DirectMethodHandle$Holder.invokeVirtual(java.lang.Object, java.lang.Object, java.lang.Object, java.lang.Object, java.lang.Object, java.lang.Object, java.lang.Object, java.lang.Object, java.lang.Object, java.lang.Object, java.lang.Object, java.lang.Object, java.lang.Object, java.lang.Object, java.lang.Object, java.lang.Object, java.lang.Object, java.lang.Object, java.lang.Object, java.lang.Object, java.lang.Ob
Event: 9.378 Thread 0x0000021751943000 Exception <a 'java/lang/NoSuchMethodError'{0x00000000edb8fa48}: 'void java.lang.invoke.DirectMethodHandle$Holder.invokeStatic(java.lang.Object, java.lang.Object, java.lang.Object, java.lang.Object)'> (0x00000000edb8fa48) thrown at [s\src\hotspot\share\interpreter\linkResolver.cpp, line 773]
Event: 9.381 Thread 0x0000021751943000 Exception <a 'java/lang/NoSuchMethodError'{0x00000000edbb1cd0}: 'int java.lang.invoke.DirectMethodHandle$Holder.invokeVirtual(java.lang.Object, java.lang.Object)'> (0x00000000edbb1cd0) thrown at [s\src\hotspot\share\interpreter\linkResolver.cpp, line 773]
Event: 9.388 Thread 0x0000021751943000 Exception <a 'java/lang/NoSuchMethodError'{0x00000000edbee9a8}: 'int java.lang.invoke.DirectMethodHandle$Holder.invokeVirtual(java.lang.Object, java.lang.Object, java.lang.Object)'> (0x00000000edbee9a8) thrown at [s\src\hotspot\share\interpreter\linkResolver.cpp, line 773]
Event: 9.640 Thread 0x0000021751943000 Exception <a 'java/lang/NoSuchMethodError'{0x00000000ec5691a8}: 'java.lang.Object java.lang.invoke.DirectMethodHandle$Holder.invokeSpecialIFC(java.lang.Object, java.lang.Object, java.lang.Object, java.lang.Object)'> (0x00000000ec5691a8) thrown at [s\src\hotspot\share\interpreter\linkResolver.cpp, line 773]
Event: 9.649 Thread 0x0000021751943000 Exception <a 'java/lang/NoSuchMethodError'{0x00000000ec49c478}: 'java.lang.Object java.lang.invoke.Invokers$Holder.linkToTargetMethod(java.lang.Object, java.lang.Object, java.lang.Object, java.lang.Object, java.lang.Object, java.lang.Object, java.lang.Object, java.lang.Object, java.lang.Object, java.lang.Object)'> (0x00000000ec49c478) thrown at [s\src\hotspot\share\interpreter\linkResolver.cpp, line 773]
Event: 9.659 Thread 0x0000021751943000 Exception <a 'java/lang/NoSuchMethodError'{0x00000000ec376c68}: 'java.lang.Object java.lang.invoke.DirectMethodHandle$Holder.invokeSpecial(java.lang.Object, java.lang.Object, java.lang.Object, java.lang.Object, java.lang.Object, java.lang.Object, java.lang.Object, java.lang.Object, java.lang.Object, java.lang.Object, java.lang.Object, java.lang.Object)'> (0x00000000ec376c68) thrown at [s\src\hotspot\share\interpreter\linkResolver.cpp, line 773]
Event: 9.659 Thread 0x0000021751943000 Exception <a 'java/lang/NoSuchMethodError'{0x00000000ec37c038}: 'java.lang.Object java.lang.invoke.Invokers$Holder.linkToTargetMethod(java.lang.Object, java.lang.Object, java.lang.Object, java.lang.Object, java.lang.Object, java.lang.Object, java.lang.Object, java.lang.Object, java.lang.Object, java.lang.Object, java.lang.Object)'> (0x00000000ec37c038) thrown at [s\src\hotspot\share\interpreter\linkResolver.cpp, line 773]
Event: 9.710 Thread 0x0000021751943000 Exception <a 'java/lang/NoSuchMethodError'{0x00000000ec25b3b0}: 'java.lang.Object java.lang.invoke.DirectMethodHandle$Holder.invokeStaticInit(java.lang.Object, java.lang.Object, java.lang.Object, java.lang.Object)'> (0x00000000ec25b3b0) thrown at [s\src\hotspot\share\interpreter\linkResolver.cpp, line 773]
Event: 9.846 Thread 0x0000021751943000 Implicit null exception at 0x0000021743bbaaf5 to 0x0000021743bbaca4
Event: 10.126 Thread 0x0000021751943000 Exception <a 'java/lang/NoSuchMethodError'{0x00000000ea8d8e38}: 'java.lang.Object java.lang.invoke.Invokers$Holder.linkToTargetMethod(java.lang.Object, java.lang.Object, java.lang.Object, java.lang.Object, java.lang.Object, java.lang.Object, java.lang.Object, java.lang.Object)'> (0x00000000ea8d8e38) thrown at [s\src\hotspot\share\interpreter\linkResolver.cpp, line 773]
Event: 10.136 Thread 0x0000021751943000 Exception <a 'java/lang/IncompatibleClassChangeError'{0x00000000ea771198}: Found class java.lang.Object, but interface was expected> (0x00000000ea771198) thrown at [s\src\hotspot\share\interpreter\linkResolver.cpp, line 839]
Event: 10.362 Thread 0x0000021751943000 Exception <a 'java/lang/NoSuchMethodError'{0x00000000e9b827f0}: 'int java.lang.invoke.DirectMethodHandle$Holder.invokeStaticInit(java.lang.Object, java.lang.Object, java.lang.Object)'> (0x00000000e9b827f0) thrown at [s\src\hotspot\share\interpreter\linkResolver.cpp, line 773]
Event: 10.365 Thread 0x0000021751943000 Exception <a 'java/lang/NoSuchMethodError'{0x00000000e9b9f0d0}: 'java.lang.Object java.lang.invoke.Invokers$Holder.linkToTargetMethod(java.lang.Object, long, java.lang.Object)'> (0x00000000e9b9f0d0) thrown at [s\src\hotspot\share\interpreter\linkResolver.cpp, line 773]
Event: 10.381 Thread 0x0000021751943000 Exception <a 'java/lang/NoSuchMethodError'{0x00000000e9a5e920}: 'int java.lang.invoke.DirectMethodHandle$Holder.invokeStatic(java.lang.Object, java.lang.Object, java.lang.Object, java.lang.Object, java.lang.Object)'> (0x00000000e9a5e920) thrown at [s\src\hotspot\share\interpreter\linkResolver.cpp, line 773]
Event: 10.397 Thread 0x0000021751943000 Exception <a 'java/lang/NoSuchMethodError'{0x00000000e991f5b8}: 'int java.lang.invoke.DirectMethodHandle$Holder.invokeInterface(java.lang.Object, java.lang.Object)'> (0x00000000e991f5b8) thrown at [s\src\hotspot\share\interpreter\linkResolver.cpp, line 773]
Event: 10.402 Thread 0x0000021751943000 Exception <a 'java/lang/NoSuchMethodError'{0x00000000e994bb20}: 'java.lang.Object java.lang.invoke.DirectMethodHandle$Holder.invokeStatic(java.lang.Object, java.lang.Object, int, java.lang.Object)'> (0x00000000e994bb20) thrown at [s\src\hotspot\share\interpreter\linkResolver.cpp, line 773]
Event: 10.403 Thread 0x0000021751943000 Exception <a 'java/lang/NoSuchMethodError'{0x00000000e9955f48}: 'java.lang.Object java.lang.invoke.Invokers$Holder.linkToTargetMethod(java.lang.Object, int, java.lang.Object, java.lang.Object)'> (0x00000000e9955f48) thrown at [s\src\hotspot\share\interpreter\linkResolver.cpp, line 773]
Event: 10.499 Thread 0x0000021751943000 Implicit null exception at 0x0000021743b52f45 to 0x0000021743b53af0

Events (20 events):
Event: 10.515 loading class java/util/stream/IntPipeline done
Event: 10.515 loading class java/util/stream/IntPipeline$Head done
Event: 10.515 loading class org/codehaus/groovy/runtime/callsite/AbstractCallSite
Event: 10.515 loading class org/codehaus/groovy/runtime/callsite/AbstractCallSite done
Event: 10.515 loading class org/codehaus/groovy/runtime/callsite/AbstractCallSite
Event: 10.515 loading class org/codehaus/groovy/runtime/callsite/AbstractCallSite done
Event: 10.516 loading class org/codehaus/groovy/runtime/callsite/AbstractCallSite
Event: 10.516 loading class org/codehaus/groovy/runtime/callsite/AbstractCallSite done
Event: 10.516 loading class org/codehaus/groovy/runtime/callsite/CallSiteArray
Event: 10.516 loading class org/codehaus/groovy/runtime/callsite/CallSiteArray done
Event: 10.517 loading class java/util/stream/IntPipeline$1
Event: 10.517 loading class java/util/stream/IntPipeline$1 done
Event: 10.517 loading class org/codehaus/groovy/runtime/callsite/CallSite
Event: 10.517 loading class org/codehaus/groovy/runtime/callsite/CallSite done
Event: 10.517 loading class org/codehaus/groovy/runtime/callsite/CallSite
Event: 10.517 loading class org/codehaus/groovy/runtime/callsite/CallSite done
Event: 10.517 loading class java/util/stream/Nodes$FixedNodeBuilder
Event: 10.518 loading class java/util/stream/Nodes$ArrayNode
Event: 10.518 loading class java/util/stream/Nodes$ArrayNode done
Event: 10.518 loading class java/util/stream/Nodes$FixedNodeBuilder done


Dynamic libraries:
0x00007ff692860000 - 0x00007ff69286e000 	C:\Users\Gustavo\.jdks\corretto-11.0.22\bin\java.exe
0x00007ffefc810000 - 0x00007ffefca27000 	C:\WINDOWS\SYSTEM32\ntdll.dll
0x00007ffefaf40000 - 0x00007ffefb004000 	C:\WINDOWS\System32\KERNEL32.DLL
0x00007ffef9d80000 - 0x00007ffefa12c000 	C:\WINDOWS\System32\KERNELBASE.dll
0x00007ffefa1a0000 - 0x00007ffefa2b1000 	C:\WINDOWS\System32\ucrtbase.dll
0x00007ffedc0f0000 - 0x00007ffedc107000 	C:\Users\Gustavo\.jdks\corretto-11.0.22\bin\jli.dll
0x00007ffedbfe0000 - 0x00007ffedbffb000 	C:\Users\Gustavo\.jdks\corretto-11.0.22\bin\VCRUNTIME140.dll
0x00007ffefbb00000 - 0x00007ffefbcae000 	C:\WINDOWS\System32\USER32.dll
0x00007ffefa380000 - 0x00007ffefa3a6000 	C:\WINDOWS\System32\win32u.dll
0x00007ffefbcb0000 - 0x00007ffefbcd9000 	C:\WINDOWS\System32\GDI32.dll
0x00007ffefa3b0000 - 0x00007ffefa4c9000 	C:\WINDOWS\System32\gdi32full.dll
0x00007ffef9b70000 - 0x00007ffef9c0a000 	C:\WINDOWS\System32\msvcp_win.dll
0x00007ffee0420000 - 0x00007ffee06b3000 	C:\WINDOWS\WinSxS\amd64_microsoft.windows.common-controls_6595b64144ccf1df_6.0.22621.3672_none_2713b9d173822955\COMCTL32.dll
0x00007ffefac10000 - 0x00007ffefacb7000 	C:\WINDOWS\System32\msvcrt.dll
0x00007ffefa900000 - 0x00007ffefa931000 	C:\WINDOWS\System32\IMM32.DLL
0x00007ffedbfd0000 - 0x00007ffedbfdc000 	C:\Users\Gustavo\.jdks\corretto-11.0.22\bin\vcruntime140_1.dll
0x00007ffeaf6a0000 - 0x00007ffeaf72d000 	C:\Users\Gustavo\.jdks\corretto-11.0.22\bin\msvcp140.dll
0x00007ffe8dad0000 - 0x00007ffe8e693000 	C:\Users\Gustavo\.jdks\corretto-11.0.22\bin\server\jvm.dll
0x00007ffefa6b0000 - 0x00007ffefa762000 	C:\WINDOWS\System32\ADVAPI32.dll
0x00007ffefae90000 - 0x00007ffefaf3a000 	C:\WINDOWS\System32\sechost.dll
0x00007ffef9b40000 - 0x00007ffef9b68000 	C:\WINDOWS\System32\bcrypt.dll
0x00007ffefaaf0000 - 0x00007ffefac05000 	C:\WINDOWS\System32\RPCRT4.dll
0x00007ffefc200000 - 0x00007ffefc208000 	C:\WINDOWS\System32\PSAPI.DLL
0x00007ffee5120000 - 0x00007ffee5129000 	C:\WINDOWS\SYSTEM32\WSOCK32.dll
0x00007ffefb010000 - 0x00007ffefb081000 	C:\WINDOWS\System32\WS2_32.dll
0x00007ffef40e0000 - 0x00007ffef4114000 	C:\WINDOWS\SYSTEM32\WINMM.dll
0x00007ffef4aa0000 - 0x00007ffef4aaa000 	C:\WINDOWS\SYSTEM32\VERSION.dll
0x00007ffef8b50000 - 0x00007ffef8b68000 	C:\WINDOWS\SYSTEM32\kernel.appcore.dll
0x00007ffed5b90000 - 0x00007ffed5ba0000 	C:\Users\Gustavo\.jdks\corretto-11.0.22\bin\verify.dll
0x00007ffef7510000 - 0x00007ffef7742000 	C:\WINDOWS\SYSTEM32\DBGHELP.DLL
0x00007ffefbe70000 - 0x00007ffefc1f8000 	C:\WINDOWS\System32\combase.dll
0x00007ffefc270000 - 0x00007ffefc347000 	C:\WINDOWS\System32\OLEAUT32.dll
0x00007ffee79c0000 - 0x00007ffee79f2000 	C:\WINDOWS\SYSTEM32\dbgcore.DLL
0x00007ffefa4d0000 - 0x00007ffefa54b000 	C:\WINDOWS\System32\bcryptPrimitives.dll
0x00007ffed03d0000 - 0x00007ffed03f8000 	C:\Users\Gustavo\.jdks\corretto-11.0.22\bin\java.dll
0x00007ffed59e0000 - 0x00007ffed59ea000 	C:\Users\Gustavo\.jdks\corretto-11.0.22\bin\jimage.dll
0x00007ffed53d0000 - 0x00007ffed53de000 	C:\Users\Gustavo\.jdks\corretto-11.0.22\bin\instrument.dll
0x00007ffec9f50000 - 0x00007ffec9f68000 	C:\Users\Gustavo\.jdks\corretto-11.0.22\bin\zip.dll
0x00007ffefb2a0000 - 0x00007ffefbafc000 	C:\WINDOWS\System32\SHELL32.dll
0x00007ffef7a40000 - 0x00007ffef8337000 	C:\WINDOWS\SYSTEM32\windows.storage.dll
0x00007ffef7900000 - 0x00007ffef7a3f000 	C:\WINDOWS\SYSTEM32\wintypes.dll
0x00007ffefa550000 - 0x00007ffefa644000 	C:\WINDOWS\System32\SHCORE.dll
0x00007ffefbce0000 - 0x00007ffefbd3e000 	C:\WINDOWS\System32\shlwapi.dll
0x00007ffef9a70000 - 0x00007ffef9a91000 	C:\WINDOWS\SYSTEM32\profapi.dll
0x00007ffec9e90000 - 0x00007ffec9ea9000 	C:\Users\Gustavo\.jdks\corretto-11.0.22\bin\net.dll
0x00007ffef4890000 - 0x00007ffef49c6000 	C:\WINDOWS\SYSTEM32\WINHTTP.dll
0x00007ffef8fe0000 - 0x00007ffef9049000 	C:\WINDOWS\system32\mswsock.dll
0x00007ffebffd0000 - 0x00007ffebffe2000 	C:\Users\Gustavo\.jdks\corretto-11.0.22\bin\nio.dll
0x00007ffedc0b0000 - 0x00007ffedc0d7000 	C:\Users\Gustavo\.gradle\native\c067742578af261105cb4f569cf0c3c89f3d7b1fecec35dd04571415982c5e48\windows-amd64\native-platform.dll
0x00007ffe8a4a0000 - 0x00007ffe8a5e4000 	C:\Users\Gustavo\.gradle\native\38dada09dfb8b06ba9b0570ebf7e218e3eb74d4ef43ca46872605cf95ebc2f47\windows-amd64\native-platform-file-events.dll
0x00007ffed3740000 - 0x00007ffed3749000 	C:\Users\Gustavo\.jdks\corretto-11.0.22\bin\management.dll
0x00007ffed2880000 - 0x00007ffed288b000 	C:\Users\Gustavo\.jdks\corretto-11.0.22\bin\management_ext.dll
0x00007ffef9240000 - 0x00007ffef925b000 	C:\WINDOWS\SYSTEM32\CRYPTSP.dll
0x00007ffef8ab0000 - 0x00007ffef8ae5000 	C:\WINDOWS\system32\rsaenh.dll
0x00007ffef90e0000 - 0x00007ffef9108000 	C:\WINDOWS\SYSTEM32\USERENV.dll
0x00007ffef9260000 - 0x00007ffef926c000 	C:\WINDOWS\SYSTEM32\CRYPTBASE.dll
0x00007ffef85a0000 - 0x00007ffef85cd000 	C:\WINDOWS\SYSTEM32\IPHLPAPI.DLL
0x00007ffefa870000 - 0x00007ffefa879000 	C:\WINDOWS\System32\NSI.dll
0x00007ffef4870000 - 0x00007ffef4889000 	C:\WINDOWS\SYSTEM32\dhcpcsvc6.DLL
0x00007ffef47b0000 - 0x00007ffef47cf000 	C:\WINDOWS\SYSTEM32\dhcpcsvc.DLL
0x00007ffef8610000 - 0x00007ffef8708000 	C:\WINDOWS\SYSTEM32\DNSAPI.dll

dbghelp: loaded successfully - version: 4.0.5 - missing functions: none
symbol engine: initialized successfully - sym options: 0x614 - pdb path: .;C:\Users\Gustavo\.jdks\corretto-11.0.22\bin;C:\WINDOWS\SYSTEM32;C:\WINDOWS\WinSxS\amd64_microsoft.windows.common-controls_6595b64144ccf1df_6.0.22621.3672_none_2713b9d173822955;C:\Users\Gustavo\.jdks\corretto-11.0.22\bin\server;C:\Users\Gustavo\.gradle\native\c067742578af261105cb4f569cf0c3c89f3d7b1fecec35dd04571415982c5e48\windows-amd64;C:\Users\Gustavo\.gradle\native\38dada09dfb8b06ba9b0570ebf7e218e3eb74d4ef43ca46872605cf95ebc2f47\windows-amd64

VM Arguments:
jvm_args: --add-opens=java.base/java.util=ALL-UNNAMED --add-opens=java.base/java.lang=ALL-UNNAMED --add-opens=java.base/java.lang.invoke=ALL-UNNAMED --add-opens=java.prefs/java.util.prefs=ALL-UNNAMED --add-opens=java.base/java.nio.charset=ALL-UNNAMED --add-opens=java.base/java.net=ALL-UNNAMED --add-opens=java.base/java.util.concurrent.atomic=ALL-UNNAMED -XX:MaxMetaspaceSize=384m -XX:+HeapDumpOnOutOfMemoryError -Xms256m -Xmx512m -Dfile.encoding=windows-1252 -Duser.country=BR -Duser.language=pt -Duser.variant -javaagent:C:\Users\Gustavo\.gradle\wrapper\dists\gradle-8.4-bin\1w5dpkrfk8irigvoxmyhowfim\gradle-8.4\lib\agents\gradle-instrumentation-agent-8.4.jar 
java_command: org.gradle.launcher.daemon.bootstrap.GradleDaemon 8.4
java_class_path (initial): C:\Users\Gustavo\.gradle\wrapper\dists\gradle-8.4-bin\1w5dpkrfk8irigvoxmyhowfim\gradle-8.4\lib\gradle-launcher-8.4.jar
Launcher Type: SUN_STANDARD

[Global flags]
     intx CICompilerCount                          = 4                                         {product} {ergonomic}
   size_t CompressedClassSpaceSize                 = 394264576                                 {product} {ergonomic}
     uint ConcGCThreads                            = 3                                         {product} {ergonomic}
     uint G1ConcRefinementThreads                  = 10                                        {product} {ergonomic}
   size_t G1HeapRegionSize                         = 1048576                                   {product} {ergonomic}
    uintx GCDrainStackTargetSize                   = 64                                        {product} {ergonomic}
     bool HeapDumpOnOutOfMemoryError               = true                                   {manageable} {command line}
   size_t InitialHeapSize                          = 268435456                                 {product} {command line}
   size_t MarkStackSize                            = 4194304                                   {product} {ergonomic}
   size_t MaxHeapSize                              = 536870912                                 {product} {command line}
   size_t MaxMetaspaceSize                         = 402653184                                 {product} {command line}
   size_t MaxNewSize                               = 321912832                                 {product} {ergonomic}
   size_t MinHeapDeltaBytes                        = 1048576                                   {product} {ergonomic}
    uintx NonNMethodCodeHeapSize                   = 5836300                                {pd product} {ergonomic}
    uintx NonProfiledCodeHeapSize                  = 122910970                              {pd product} {ergonomic}
    uintx ProfiledCodeHeapSize                     = 122910970                              {pd product} {ergonomic}
    uintx ReservedCodeCacheSize                    = 251658240                              {pd product} {ergonomic}
     bool SegmentedCodeCache                       = true                                      {product} {ergonomic}
     bool UseCompressedClassPointers               = true                                 {lp64_product} {ergonomic}
     bool UseCompressedOops                        = true                                 {lp64_product} {ergonomic}
     bool UseG1GC                                  = true                                      {product} {ergonomic}
     bool UseLargePagesIndividualAllocation        = false                                  {pd product} {ergonomic}

Logging:
Log output configuration:
 #0: stdout all=warning uptime,level,tags
 #1: stderr all=off uptime,level,tags

Environment Variables:
PATH=C:\Program Files\Common Files\Oracle\Java\javapath;C:\WINDOWS\system32;C:\WINDOWS;C:\WINDOWS\System32\Wbem;C:\WINDOWS\System32\WindowsPowerShell\v1.0\;C:\WINDOWS\System32\OpenSSH\;C:\Program Files\Git\cmd;C:\Users\Gustavo\AppData\Local\Microsoft\WindowsApps;C:\Users\Gustavo\AppData\Local\Programs\Microsoft VS Code\bin;C:\Users\Gustavo\AppData\Local\GitHubDesktop\bin;
USERNAME=Gustavo
OS=Windows_NT
PROCESSOR_IDENTIFIER=AMD64 Family 23 Model 104 Stepping 1, AuthenticAMD
TMP=C:\Users\Gustavo\AppData\Local\Temp
TEMP=C:\Users\Gustavo\AppData\Local\Temp



---------------  S Y S T E M  ---------------

OS: Windows 11 , 64 bit Build 22621 (10.0.22621.3672)
OS uptime: 11 days 21:10 hours
Hyper-V role detected

CPU:total 12 (initial active 12) (12 cores per cpu, 2 threads per core) family 23 model 104 stepping 1 microcode 0x0, cmov, cx8, fxsr, mmx, sse, sse2, sse3, ssse3, sse4.1, sse4.2, popcnt, avx, avx2, aes, clmul, mmxext, 3dnowpref, lzcnt, sse4a, ht, tsc, tscinvbit, tscinv, bmi1, bmi2, adx, sha, fma

Memory: 4k page, system-wide physical 6005M (211M free)
TotalPageFile size 24437M (AvailPageFile size 5M)
current process WorkingSet (physical memory assigned to process): 245M, peak: 246M
current process commit charge ("private bytes"): 427M, peak: 429M

vm_info: OpenJDK 64-Bit Server VM (11.0.22+7-LTS) for windows-amd64 JRE (11.0.22+7-LTS), built on Jan 10 2024 19:54:00 by "Administrator" with MS VC++ 16.10 / 16.11 (VS2019)

END.
