#
# There is insufficient memory for the Java Runtime Environment to continue.
# Native memory allocation (malloc) failed to allocate 2251696 bytes for Chunk::new
# Possible reasons:
#   The system is out of physical RAM or swap space
#   The process is running with CompressedOops enabled, and the Java Heap may be blocking the growth of the native heap
# Possible solutions:
#   Reduce memory load on the system
#   Increase physical memory or swap space
#   Check if swap backing store is full
#   Decrease Java heap size (-Xmx/-Xms)
#   Decrease number of Java threads
#   Decrease Java thread stack sizes (-Xss)
#   Set larger code cache with -XX:ReservedCodeCacheSize=
#   JVM is running with Unscaled Compressed Oops mode in which the Java heap is
#     placed in the first 4GB address space. The Java Heap base address is the
#     maximum limit for the native heap growth. Please use -XX:HeapBaseMinAddress
#     to set the Java Heap base and to place the Java Heap above 4GB virtual address.
# This output file may be truncated or incomplete.
#
#  Out of Memory Error (arena.cpp:197), pid=12804, tid=8644
#
# JRE version: OpenJDK Runtime Environment Corretto-11.0.22.7.1 (11.0.22+7) (build 11.0.22+7-LTS)
# Java VM: OpenJDK 64-Bit Server VM Corretto-11.0.22.7.1 (11.0.22+7-LTS, mixed mode, tiered, compressed oops, g1 gc, windows-amd64)
# No core dump will be written. Minidumps are not enabled by default on client versions of Windows
#

---------------  S U M M A R Y ------------

Command Line: org.jetbrains.kotlin.cli.jvm.K2JVMCompiler @C:\Users\Gustavo\Documents\USP\Sistemas\Paozim\backend\build\20240624_799271686236312105.compiler.options

Host: AMD Ryzen 5 5500U with Radeon Graphics         , 12 cores, 5G,  Windows 11 , 64 bit Build 22621 (10.0.22621.3672)
Time: Mon Jun 24 17:23:09 2024 Hora oficial do Brasil elapsed time: 4.419313 seconds (0d 0h 0m 4s)

---------------  T H R E A D  ---------------

Current thread (0x0000021d63569000):  JavaThread "C2 CompilerThread0" daemon [_thread_in_native, id=8644, stack(0x000000d434500000,0x000000d434600000)]


Current CompileTask:
C2:   4419 2121   !   4       jdk.internal.loader.BuiltinClassLoader::loadClassOrNull (143 bytes)

Stack: [0x000000d434500000,0x000000d434600000]
Native frames: (J=compiled Java code, j=interpreted, Vv=VM code, C=native code)
V  [jvm.dll+0x64585a]
V  [jvm.dll+0x7d9bb9]
V  [jvm.dll+0x7db2b9]
V  [jvm.dll+0x7db9a3]
V  [jvm.dll+0x2694e5]
V  [jvm.dll+0xc1d7c]
V  [jvm.dll+0xc232c]
V  [jvm.dll+0x379967]
V  [jvm.dll+0x1b3702]
V  [jvm.dll+0x22188f]
V  [jvm.dll+0x220748]
V  [jvm.dll+0x19e521]
V  [jvm.dll+0x2305e9]
V  [jvm.dll+0x22e75f]
V  [jvm.dll+0x79ae51]
V  [jvm.dll+0x793b24]
V  [jvm.dll+0x644615]
C  [ucrtbase.dll+0x29333]
C  [KERNEL32.DLL+0x1257d]
C  [ntdll.dll+0x5af28]


---------------  P R O C E S S  ---------------

Threads class SMR info:
_java_thread_list=0x0000021d66037630, length=10, elements={
0x0000021d45427000, 0x0000021d63523000, 0x0000021d6354f000, 0x0000021d63564000,
0x0000021d63565000, 0x0000021d63566000, 0x0000021d63569000, 0x0000021d63572000,
0x0000021d63578800, 0x0000021d64043800
}

Java Threads: ( => current thread )
  0x0000021d45427000 JavaThread "main" [_thread_in_Java, id=23588, stack(0x000000d433900000,0x000000d433a00000)]
  0x0000021d63523000 JavaThread "Reference Handler" daemon [_thread_blocked, id=16644, stack(0x000000d434000000,0x000000d434100000)]
  0x0000021d6354f000 JavaThread "Finalizer" daemon [_thread_blocked, id=812, stack(0x000000d434100000,0x000000d434200000)]
  0x0000021d63564000 JavaThread "Signal Dispatcher" daemon [_thread_blocked, id=14536, stack(0x000000d434200000,0x000000d434300000)]
  0x0000021d63565000 JavaThread "Attach Listener" daemon [_thread_blocked, id=23548, stack(0x000000d434300000,0x000000d434400000)]
  0x0000021d63566000 JavaThread "Service Thread" daemon [_thread_blocked, id=14816, stack(0x000000d434400000,0x000000d434500000)]
=>0x0000021d63569000 JavaThread "C2 CompilerThread0" daemon [_thread_in_native, id=8644, stack(0x000000d434500000,0x000000d434600000)]
  0x0000021d63572000 JavaThread "C1 CompilerThread0" daemon [_thread_in_vm, id=24860, stack(0x000000d434600000,0x000000d434700000)]
  0x0000021d63578800 JavaThread "Sweeper thread" daemon [_thread_blocked, id=17900, stack(0x000000d434700000,0x000000d434800000)]
  0x0000021d64043800 JavaThread "Common-Cleaner" daemon [_thread_blocked, id=19508, stack(0x000000d434900000,0x000000d434a00000)]

Other Threads:
  0x0000021d63522000 VMThread "VM Thread" [stack: 0x000000d433f00000,0x000000d434000000] [id=13240]
  0x0000021d6403b800 WatcherThread [stack: 0x000000d434800000,0x000000d434900000] [id=15720]
  0x0000021d4543d800 GCTaskThread "GC Thread#0" [stack: 0x000000d433a00000,0x000000d433b00000] [id=5504]
  0x0000021d646bd000 GCTaskThread "GC Thread#1" [stack: 0x000000d434b00000,0x000000d434c00000] [id=18444]
  0x0000021d45466800 ConcurrentGCThread "G1 Main Marker" [stack: 0x000000d433b00000,0x000000d433c00000] [id=11228]
  0x0000021d45469000 ConcurrentGCThread "G1 Conc#0" [stack: 0x000000d433c00000,0x000000d433d00000] [id=1672]
  0x0000021d654cf000 ConcurrentGCThread "G1 Conc#1" [stack: 0x000000d434c00000,0x000000d434d00000] [id=8588]
  0x0000021d654cf800 ConcurrentGCThread "G1 Conc#2" [stack: 0x000000d434d00000,0x000000d434e00000] [id=18916]
  0x0000021d63390800 ConcurrentGCThread "G1 Refine#0" [stack: 0x000000d433d00000,0x000000d433e00000] [id=2312]
  0x0000021d63391800 ConcurrentGCThread "G1 Young RemSet Sampling" [stack: 0x000000d433e00000,0x000000d433f00000] [id=14992]

Threads with active compile tasks:
C2 CompilerThread0     4445 2121   !   4       jdk.internal.loader.BuiltinClassLoader::loadClassOrNull (143 bytes)
C1 CompilerThread0     4445 2331       3       org.jetbrains.kotlin.container.ComponentStorage::registerDescriptors$container (120 bytes)

VM state:not at safepoint (normal execution)

VM Mutex/Monitor currently owned by a thread: None

Heap address: 0x00000000a2200000, size: 1502 MB, Compressed Oops mode: 32-bit
Narrow klass base: 0x0000000000000000, Narrow klass shift: 3
Compressed class space size: 1073741824 Address: 0x0000000100000000

Heap:
 garbage-first heap   total 96256K, used 35840K [0x00000000a2200000, 0x0000000100000000)
  region size 1024K, 23 young (23552K), 4 survivors (4096K)
 Metaspace       used 38779K, capacity 39215K, committed 39600K, reserved 1083392K
  class space    used 4596K, capacity 4745K, committed 4864K, reserved 1048576K
Heap Regions: E=young(eden), S=young(survivor), O=old, HS=humongous(starts), HC=humongous(continues), CS=collection set, F=free, A=archive, TAMS=top-at-mark-start (previous, next)
|   0|0x00000000a2200000, 0x00000000a2300000, 0x00000000a2300000|100%|HS|  |TAMS 0x00000000a2300000, 0x00000000a2200000| Complete 
|   1|0x00000000a2300000, 0x00000000a2400000, 0x00000000a2400000|100%|HC|  |TAMS 0x00000000a2400000, 0x00000000a2300000| Complete 
|   2|0x00000000a2400000, 0x00000000a2500000, 0x00000000a2500000|100%|HC|  |TAMS 0x00000000a2500000, 0x00000000a2400000| Complete 
|   3|0x00000000a2500000, 0x00000000a2600000, 0x00000000a2600000|100%|HC|  |TAMS 0x00000000a2600000, 0x00000000a2500000| Complete 
|   4|0x00000000a2600000, 0x00000000a2700000, 0x00000000a2700000|100%| O|  |TAMS 0x00000000a2700000, 0x00000000a2600000| Untracked 
|   5|0x00000000a2700000, 0x00000000a2800000, 0x00000000a2800000|100%| O|  |TAMS 0x00000000a2800000, 0x00000000a2700000| Untracked 
|   6|0x00000000a2800000, 0x00000000a2900000, 0x00000000a2900000|100%|HS|  |TAMS 0x00000000a2900000, 0x00000000a2800000| Complete 
|   7|0x00000000a2900000, 0x00000000a2a00000, 0x00000000a2a00000|100%| O|  |TAMS 0x00000000a2a00000, 0x00000000a2900000| Untracked 
|   8|0x00000000a2a00000, 0x00000000a2b00000, 0x00000000a2b00000|100%| O|  |TAMS 0x00000000a2b00000, 0x00000000a2a00000| Untracked 
|   9|0x00000000a2b00000, 0x00000000a2c00000, 0x00000000a2c00000|100%| O|  |TAMS 0x00000000a2c00000, 0x00000000a2b00000| Untracked 
|  10|0x00000000a2c00000, 0x00000000a2d00000, 0x00000000a2d00000|100%| O|  |TAMS 0x00000000a2d00000, 0x00000000a2c00000| Untracked 
|  11|0x00000000a2d00000, 0x00000000a2e00000, 0x00000000a2e00000|100%| O|  |TAMS 0x00000000a2e00000, 0x00000000a2d00000| Untracked 
|  12|0x00000000a2e00000, 0x00000000a2f00000, 0x00000000a2f00000|100%| O|  |TAMS 0x00000000a2f00000, 0x00000000a2e00000| Untracked 
|  13|0x00000000a2f00000, 0x00000000a2f00000, 0x00000000a3000000|  0%| F|  |TAMS 0x00000000a2f00000, 0x00000000a2f00000| Untracked 
|  14|0x00000000a3000000, 0x00000000a3000000, 0x00000000a3100000|  0%| F|  |TAMS 0x00000000a3000000, 0x00000000a3000000| Untracked 
|  15|0x00000000a3100000, 0x00000000a3100000, 0x00000000a3200000|  0%| F|  |TAMS 0x00000000a3100000, 0x00000000a3100000| Untracked 
|  16|0x00000000a3200000, 0x00000000a3200000, 0x00000000a3300000|  0%| F|  |TAMS 0x00000000a3200000, 0x00000000a3200000| Untracked 
|  17|0x00000000a3300000, 0x00000000a3300000, 0x00000000a3400000|  0%| F|  |TAMS 0x00000000a3300000, 0x00000000a3300000| Untracked 
|  18|0x00000000a3400000, 0x00000000a3400000, 0x00000000a3500000|  0%| F|  |TAMS 0x00000000a3400000, 0x00000000a3400000| Untracked 
|  19|0x00000000a3500000, 0x00000000a3500000, 0x00000000a3600000|  0%| F|  |TAMS 0x00000000a3500000, 0x00000000a3500000| Untracked 
|  20|0x00000000a3600000, 0x00000000a3600000, 0x00000000a3700000|  0%| F|  |TAMS 0x00000000a3600000, 0x00000000a3600000| Untracked 
|  21|0x00000000a3700000, 0x00000000a3700000, 0x00000000a3800000|  0%| F|  |TAMS 0x00000000a3700000, 0x00000000a3700000| Untracked 
|  22|0x00000000a3800000, 0x00000000a3800000, 0x00000000a3900000|  0%| F|  |TAMS 0x00000000a3800000, 0x00000000a3800000| Untracked 
|  23|0x00000000a3900000, 0x00000000a3900000, 0x00000000a3a00000|  0%| F|  |TAMS 0x00000000a3900000, 0x00000000a3900000| Untracked 
|  24|0x00000000a3a00000, 0x00000000a3a00000, 0x00000000a3b00000|  0%| F|  |TAMS 0x00000000a3a00000, 0x00000000a3a00000| Untracked 
|  25|0x00000000a3b00000, 0x00000000a3b00000, 0x00000000a3c00000|  0%| F|  |TAMS 0x00000000a3b00000, 0x00000000a3b00000| Untracked 
|  26|0x00000000a3c00000, 0x00000000a3c00000, 0x00000000a3d00000|  0%| F|  |TAMS 0x00000000a3c00000, 0x00000000a3c00000| Untracked 
|  27|0x00000000a3d00000, 0x00000000a3d00000, 0x00000000a3e00000|  0%| F|  |TAMS 0x00000000a3d00000, 0x00000000a3d00000| Untracked 
|  28|0x00000000a3e00000, 0x00000000a3e00000, 0x00000000a3f00000|  0%| F|  |TAMS 0x00000000a3e00000, 0x00000000a3e00000| Untracked 
|  29|0x00000000a3f00000, 0x00000000a3f00000, 0x00000000a4000000|  0%| F|  |TAMS 0x00000000a3f00000, 0x00000000a3f00000| Untracked 
|  30|0x00000000a4000000, 0x00000000a4000000, 0x00000000a4100000|  0%| F|  |TAMS 0x00000000a4000000, 0x00000000a4000000| Untracked 
|  31|0x00000000a4100000, 0x00000000a4100000, 0x00000000a4200000|  0%| F|  |TAMS 0x00000000a4100000, 0x00000000a4100000| Untracked 
|  32|0x00000000a4200000, 0x00000000a4200000, 0x00000000a4300000|  0%| F|  |TAMS 0x00000000a4200000, 0x00000000a4200000| Untracked 
|  33|0x00000000a4300000, 0x00000000a4300000, 0x00000000a4400000|  0%| F|  |TAMS 0x00000000a4300000, 0x00000000a4300000| Untracked 
|  34|0x00000000a4400000, 0x00000000a4400000, 0x00000000a4500000|  0%| F|  |TAMS 0x00000000a4400000, 0x00000000a4400000| Untracked 
|  35|0x00000000a4500000, 0x00000000a4500000, 0x00000000a4600000|  0%| F|  |TAMS 0x00000000a4500000, 0x00000000a4500000| Untracked 
|  36|0x00000000a4600000, 0x00000000a4600000, 0x00000000a4700000|  0%| F|  |TAMS 0x00000000a4600000, 0x00000000a4600000| Untracked 
|  37|0x00000000a4700000, 0x00000000a4700000, 0x00000000a4800000|  0%| F|  |TAMS 0x00000000a4700000, 0x00000000a4700000| Untracked 
|  38|0x00000000a4800000, 0x00000000a4800000, 0x00000000a4900000|  0%| F|  |TAMS 0x00000000a4800000, 0x00000000a4800000| Untracked 
|  39|0x00000000a4900000, 0x00000000a4900000, 0x00000000a4a00000|  0%| F|  |TAMS 0x00000000a4900000, 0x00000000a4900000| Untracked 
|  40|0x00000000a4a00000, 0x00000000a4a00000, 0x00000000a4b00000|  0%| F|  |TAMS 0x00000000a4a00000, 0x00000000a4a00000| Untracked 
|  41|0x00000000a4b00000, 0x00000000a4b00000, 0x00000000a4c00000|  0%| F|  |TAMS 0x00000000a4b00000, 0x00000000a4b00000| Untracked 
|  42|0x00000000a4c00000, 0x00000000a4c00000, 0x00000000a4d00000|  0%| F|  |TAMS 0x00000000a4c00000, 0x00000000a4c00000| Untracked 
|  43|0x00000000a4d00000, 0x00000000a4d00000, 0x00000000a4e00000|  0%| F|  |TAMS 0x00000000a4d00000, 0x00000000a4d00000| Untracked 
|  44|0x00000000a4e00000, 0x00000000a4e00000, 0x00000000a4f00000|  0%| F|  |TAMS 0x00000000a4e00000, 0x00000000a4e00000| Untracked 
|  45|0x00000000a4f00000, 0x00000000a4f00000, 0x00000000a5000000|  0%| F|  |TAMS 0x00000000a4f00000, 0x00000000a4f00000| Untracked 
|  46|0x00000000a5000000, 0x00000000a5000000, 0x00000000a5100000|  0%| F|  |TAMS 0x00000000a5000000, 0x00000000a5000000| Untracked 
|  47|0x00000000a5100000, 0x00000000a5100000, 0x00000000a5200000|  0%| F|  |TAMS 0x00000000a5100000, 0x00000000a5100000| Untracked 
|  48|0x00000000a5200000, 0x00000000a5200000, 0x00000000a5300000|  0%| F|  |TAMS 0x00000000a5200000, 0x00000000a5200000| Untracked 
|  49|0x00000000a5300000, 0x00000000a5300000, 0x00000000a5400000|  0%| F|  |TAMS 0x00000000a5300000, 0x00000000a5300000| Untracked 
|  50|0x00000000a5400000, 0x00000000a5400000, 0x00000000a5500000|  0%| F|  |TAMS 0x00000000a5400000, 0x00000000a5400000| Untracked 
|  51|0x00000000a5500000, 0x00000000a5500000, 0x00000000a5600000|  0%| F|  |TAMS 0x00000000a5500000, 0x00000000a5500000| Untracked 
|  52|0x00000000a5600000, 0x00000000a5600000, 0x00000000a5700000|  0%| F|  |TAMS 0x00000000a5600000, 0x00000000a5600000| Untracked 
|  53|0x00000000a5700000, 0x00000000a5700000, 0x00000000a5800000|  0%| F|  |TAMS 0x00000000a5700000, 0x00000000a5700000| Untracked 
|  54|0x00000000a5800000, 0x00000000a5800000, 0x00000000a5900000|  0%| F|  |TAMS 0x00000000a5800000, 0x00000000a5800000| Untracked 
|  55|0x00000000a5900000, 0x00000000a5900000, 0x00000000a5a00000|  0%| F|  |TAMS 0x00000000a5900000, 0x00000000a5900000| Untracked 
|  56|0x00000000a5a00000, 0x00000000a5a00000, 0x00000000a5b00000|  0%| F|  |TAMS 0x00000000a5a00000, 0x00000000a5a00000| Untracked 
|  57|0x00000000a5b00000, 0x00000000a5b00000, 0x00000000a5c00000|  0%| F|  |TAMS 0x00000000a5b00000, 0x00000000a5b00000| Untracked 
|  58|0x00000000a5c00000, 0x00000000a5c00000, 0x00000000a5d00000|  0%| F|  |TAMS 0x00000000a5c00000, 0x00000000a5c00000| Untracked 
|  59|0x00000000a5d00000, 0x00000000a5d00000, 0x00000000a5e00000|  0%| F|  |TAMS 0x00000000a5d00000, 0x00000000a5d00000| Untracked 
|  60|0x00000000a5e00000, 0x00000000a5e00000, 0x00000000a5f00000|  0%| F|  |TAMS 0x00000000a5e00000, 0x00000000a5e00000| Untracked 
|  61|0x00000000a5f00000, 0x00000000a6000000, 0x00000000a6000000|100%| S|CS|TAMS 0x00000000a5f00000, 0x00000000a5f00000| Complete 
|  62|0x00000000a6000000, 0x00000000a6100000, 0x00000000a6100000|100%| S|CS|TAMS 0x00000000a6000000, 0x00000000a6000000| Complete 
|  63|0x00000000a6100000, 0x00000000a6200000, 0x00000000a6200000|100%| S|CS|TAMS 0x00000000a6100000, 0x00000000a6100000| Complete 
|  64|0x00000000a6200000, 0x00000000a6300000, 0x00000000a6300000|100%| S|CS|TAMS 0x00000000a6200000, 0x00000000a6200000| Complete 
|  65|0x00000000a6300000, 0x00000000a6300000, 0x00000000a6400000|  0%| F|  |TAMS 0x00000000a6300000, 0x00000000a6300000| Untracked 
|  66|0x00000000a6400000, 0x00000000a6400000, 0x00000000a6500000|  0%| F|  |TAMS 0x00000000a6400000, 0x00000000a6400000| Untracked 
|  67|0x00000000a6500000, 0x00000000a6500000, 0x00000000a6600000|  0%| F|  |TAMS 0x00000000a6500000, 0x00000000a6500000| Untracked 
|  68|0x00000000a6600000, 0x00000000a6600000, 0x00000000a6700000|  0%| F|  |TAMS 0x00000000a6600000, 0x00000000a6600000| Untracked 
|  69|0x00000000a6700000, 0x00000000a6700000, 0x00000000a6800000|  0%| F|  |TAMS 0x00000000a6700000, 0x00000000a6700000| Untracked 
|  70|0x00000000a6800000, 0x00000000a6800000, 0x00000000a6900000|  0%| F|  |TAMS 0x00000000a6800000, 0x00000000a6800000| Untracked 
|  71|0x00000000a6900000, 0x00000000a6900000, 0x00000000a6a00000|  0%| F|  |TAMS 0x00000000a6900000, 0x00000000a6900000| Untracked 
|  72|0x00000000a6a00000, 0x00000000a6a00000, 0x00000000a6b00000|  0%| F|  |TAMS 0x00000000a6a00000, 0x00000000a6a00000| Untracked 
|  73|0x00000000a6b00000, 0x00000000a6b00000, 0x00000000a6c00000|  0%| F|  |TAMS 0x00000000a6b00000, 0x00000000a6b00000| Untracked 
|  74|0x00000000a6c00000, 0x00000000a6c00000, 0x00000000a6d00000|  0%| F|  |TAMS 0x00000000a6c00000, 0x00000000a6c00000| Untracked 
|  75|0x00000000a6d00000, 0x00000000a6e00000, 0x00000000a6e00000|100%| E|  |TAMS 0x00000000a6d00000, 0x00000000a6d00000| Complete 
|  76|0x00000000a6e00000, 0x00000000a6f00000, 0x00000000a6f00000|100%| E|CS|TAMS 0x00000000a6e00000, 0x00000000a6e00000| Complete 
|  77|0x00000000a6f00000, 0x00000000a7000000, 0x00000000a7000000|100%| E|CS|TAMS 0x00000000a6f00000, 0x00000000a6f00000| Complete 
|  78|0x00000000a7000000, 0x00000000a7100000, 0x00000000a7100000|100%| E|CS|TAMS 0x00000000a7000000, 0x00000000a7000000| Complete 
|  79|0x00000000a7100000, 0x00000000a7200000, 0x00000000a7200000|100%| E|CS|TAMS 0x00000000a7100000, 0x00000000a7100000| Complete 
|  80|0x00000000a7200000, 0x00000000a7300000, 0x00000000a7300000|100%| E|CS|TAMS 0x00000000a7200000, 0x00000000a7200000| Complete 
|  81|0x00000000a7300000, 0x00000000a7400000, 0x00000000a7400000|100%| E|CS|TAMS 0x00000000a7300000, 0x00000000a7300000| Complete 
|  82|0x00000000a7400000, 0x00000000a7500000, 0x00000000a7500000|100%| E|CS|TAMS 0x00000000a7400000, 0x00000000a7400000| Complete 
|  83|0x00000000a7500000, 0x00000000a7600000, 0x00000000a7600000|100%| E|CS|TAMS 0x00000000a7500000, 0x00000000a7500000| Complete 
|  84|0x00000000a7600000, 0x00000000a7700000, 0x00000000a7700000|100%| E|CS|TAMS 0x00000000a7600000, 0x00000000a7600000| Complete 
|  85|0x00000000a7700000, 0x00000000a7800000, 0x00000000a7800000|100%| E|CS|TAMS 0x00000000a7700000, 0x00000000a7700000| Complete 
|  86|0x00000000a7800000, 0x00000000a7900000, 0x00000000a7900000|100%| E|CS|TAMS 0x00000000a7800000, 0x00000000a7800000| Complete 
|  87|0x00000000a7900000, 0x00000000a7a00000, 0x00000000a7a00000|100%| E|CS|TAMS 0x00000000a7900000, 0x00000000a7900000| Complete 
|  88|0x00000000a7a00000, 0x00000000a7b00000, 0x00000000a7b00000|100%| E|CS|TAMS 0x00000000a7a00000, 0x00000000a7a00000| Complete 
|  89|0x00000000a7b00000, 0x00000000a7c00000, 0x00000000a7c00000|100%| E|CS|TAMS 0x00000000a7b00000, 0x00000000a7b00000| Complete 
|  90|0x00000000a7c00000, 0x00000000a7d00000, 0x00000000a7d00000|100%| E|CS|TAMS 0x00000000a7c00000, 0x00000000a7c00000| Complete 
|  91|0x00000000a7d00000, 0x00000000a7e00000, 0x00000000a7e00000|100%| E|CS|TAMS 0x00000000a7d00000, 0x00000000a7d00000| Complete 
|  92|0x00000000a7e00000, 0x00000000a7f00000, 0x00000000a7f00000|100%| E|CS|TAMS 0x00000000a7e00000, 0x00000000a7e00000| Complete 
|  93|0x00000000a7f00000, 0x00000000a8000000, 0x00000000a8000000|100%| E|CS|TAMS 0x00000000a7f00000, 0x00000000a7f00000| Complete 

Card table byte_map: [0x0000021d5d3f0000,0x0000021d5d6e0000] _byte_map_base: 0x0000021d5cedf000

Marking Bits (Prev, Next): (CMBitMap*) 0x0000021d4545eb08, (CMBitMap*) 0x0000021d4545eb40
 Prev Bits: [0x0000021d5d9d0000, 0x0000021d5f148000)
 Next Bits: [0x0000021d5f150000, 0x0000021d608c8000)

Polling page: 0x0000021d433c0000

Metaspace:

Usage:
  Non-class:     33.66 MB capacity,    33.38 MB (>99%) used,   233.05 KB ( <1%) free+waste,    52.06 KB ( <1%) overhead. 
      Class:      4.63 MB capacity,     4.49 MB ( 97%) used,   125.28 KB (  3%) free+waste,    23.38 KB ( <1%) overhead. 
       Both:     38.30 MB capacity,    37.87 MB ( 99%) used,   358.34 KB ( <1%) free+waste,    75.44 KB ( <1%) overhead. 

Virtual space:
  Non-class space:       34.00 MB reserved,      33.92 MB (>99%) committed 
      Class space:        1.00 GB reserved,       4.75 MB ( <1%) committed 
             Both:        1.03 GB reserved,      38.67 MB (  4%) committed 

Chunk freelists:
   Non-Class:  74.00 KB
       Class:  23.00 KB
        Both:  97.00 KB

MaxMetaspaceSize: 17179869184.00 GB
CompressedClassSpaceSize: 1.00 GB
Initial GC threshold: 20.80 MB
Current GC threshold: 58.83 MB
CDS: off

CodeHeap 'non-profiled nmethods': size=120000Kb used=748Kb max_used=748Kb free=119251Kb
 bounds [0x0000021d55680000, 0x0000021d558f0000, 0x0000021d5cbb0000]
CodeHeap 'profiled nmethods': size=120000Kb used=4259Kb max_used=4259Kb free=115740Kb
 bounds [0x0000021d4e150000, 0x0000021d4e580000, 0x0000021d55680000]
CodeHeap 'non-nmethods': size=5760Kb used=1242Kb max_used=1280Kb free=4517Kb
 bounds [0x0000021d4dbb0000, 0x0000021d4de20000, 0x0000021d4e150000]
 total_blobs=2820 nmethods=2301 adapters=431
 compilation: enabled
              stopped_count=0, restarted_count=0
 full_count=0

Compilation events (20 events):
Event: 4.400 Thread 0x0000021d63572000 2305       3       java.lang.String::lastIndexOf (10 bytes)
Event: 4.400 Thread 0x0000021d63572000 nmethod 2305 0x0000021d4e563290 code [0x0000021d4e563480, 0x0000021d4e563888]
Event: 4.400 Thread 0x0000021d63572000 2306       3       org.jetbrains.kotlin.storage.LockBasedStorageManager::createMemoizedFunctionWithNullableValues (27 bytes)
Event: 4.400 Thread 0x0000021d63572000 nmethod 2306 0x0000021d4e563a90 code [0x0000021d4e563cc0, 0x0000021d4e564158]
Event: 4.400 Thread 0x0000021d63572000 2307       3       org.jetbrains.kotlin.storage.LockBasedStorageManager::createMemoizedFunctionWithNullableValues (29 bytes)
Event: 4.400 Thread 0x0000021d63572000 nmethod 2307 0x0000021d4e564310 code [0x0000021d4e5644e0, 0x0000021d4e564768]
Event: 4.401 Thread 0x0000021d63572000 2308       3       java.lang.reflect.Constructor::getRoot (5 bytes)
Event: 4.402 Thread 0x0000021d63572000 nmethod 2308 0x0000021d4e564890 code [0x0000021d4e564a40, 0x0000021d4e564b58]
Event: 4.405 Thread 0x0000021d63572000 2309       3       org.jetbrains.kotlin.container.ComponentStorage::registerDependency (32 bytes)
Event: 4.406 Thread 0x0000021d63572000 nmethod 2309 0x0000021d4e564c10 code [0x0000021d4e564e60, 0x0000021d4e565938]
Event: 4.407 Thread 0x0000021d63572000 2310       3       org.jetbrains.kotlin.container.ComponentStorage::resolve (281 bytes)
Event: 4.410 Thread 0x0000021d63572000 nmethod 2310 0x0000021d4e565c10 code [0x0000021d4e566340, 0x0000021d4e56a848]
Event: 4.410 Thread 0x0000021d63572000 2311       3       org.jetbrains.kotlin.container.SingletonDescriptor::getValue (109 bytes)
Event: 4.411 Thread 0x0000021d63572000 nmethod 2311 0x0000021d4e56bd10 code [0x0000021d4e56c120, 0x0000021d4e56da38]
Event: 4.411 Thread 0x0000021d63572000 2312       3       jdk.internal.reflect.NativeConstructorAccessorImpl::<init> (10 bytes)
Event: 4.412 Thread 0x0000021d63572000 nmethod 2312 0x0000021d4e56e290 code [0x0000021d4e56e460, 0x0000021d4e56e6d8]
Event: 4.412 Thread 0x0000021d63572000 2314       3       java.lang.reflect.AccessibleObject::slowVerifyAccess (62 bytes)
Event: 4.412 Thread 0x0000021d63572000 nmethod 2314 0x0000021d4e56e810 code [0x0000021d4e56ea20, 0x0000021d4e56f178]
Event: 4.412 Thread 0x0000021d63572000 2313       3       jdk.internal.reflect.DelegatingConstructorAccessorImpl::<init> (10 bytes)
Event: 4.412 Thread 0x0000021d63572000 nmethod 2313 0x0000021d4e56f310 code [0x0000021d4e56f4e0, 0x0000021d4e56f778]

GC Heap History (8 events):
Event: 0.974 GC heap before
{Heap before GC invocations=0 (full 0):
 garbage-first heap   total 96256K, used 30720K [0x00000000a2200000, 0x0000000100000000)
  region size 1024K, 24 young (24576K), 0 survivors (0K)
 Metaspace       used 14518K, capacity 14657K, committed 14848K, reserved 1062912K
  class space    used 1470K, capacity 1523K, committed 1536K, reserved 1048576K
}
Event: 0.979 GC heap after
{Heap after GC invocations=1 (full 0):
 garbage-first heap   total 96256K, used 8401K [0x00000000a2200000, 0x0000000100000000)
  region size 1024K, 3 young (3072K), 3 survivors (3072K)
 Metaspace       used 14518K, capacity 14657K, committed 14848K, reserved 1062912K
  class space    used 1470K, capacity 1523K, committed 1536K, reserved 1048576K
}
Event: 1.664 GC heap before
{Heap before GC invocations=1 (full 0):
 garbage-first heap   total 96256K, used 30929K [0x00000000a2200000, 0x0000000100000000)
  region size 1024K, 26 young (26624K), 3 survivors (3072K)
 Metaspace       used 20847K, capacity 21157K, committed 21296K, reserved 1069056K
  class space    used 2212K, capacity 2352K, committed 2432K, reserved 1048576K
}
Event: 1.671 GC heap after
{Heap after GC invocations=2 (full 0):
 garbage-first heap   total 96256K, used 9600K [0x00000000a2200000, 0x0000000100000000)
  region size 1024K, 5 young (5120K), 5 survivors (5120K)
 Metaspace       used 20847K, capacity 21157K, committed 21296K, reserved 1069056K
  class space    used 2212K, capacity 2352K, committed 2432K, reserved 1048576K
}
Event: 3.217 GC heap before
{Heap before GC invocations=3 (full 0):
 garbage-first heap   total 96256K, used 51584K [0x00000000a2200000, 0x0000000100000000)
  region size 1024K, 46 young (47104K), 5 survivors (5120K)
 Metaspace       used 30288K, capacity 30784K, committed 31024K, reserved 1077248K
  class space    used 3791K, capacity 3964K, committed 3968K, reserved 1048576K
}
Event: 3.229 GC heap after
{Heap after GC invocations=4 (full 0):
 garbage-first heap   total 96256K, used 13820K [0x00000000a2200000, 0x0000000100000000)
  region size 1024K, 6 young (6144K), 6 survivors (6144K)
 Metaspace       used 30288K, capacity 30784K, committed 31024K, reserved 1077248K
  class space    used 3791K, capacity 3964K, committed 3968K, reserved 1048576K
}
Event: 3.998 GC heap before
{Heap before GC invocations=4 (full 0):
 garbage-first heap   total 96256K, used 42492K [0x00000000a2200000, 0x0000000100000000)
  region size 1024K, 35 young (35840K), 6 survivors (6144K)
 Metaspace       used 35341K, capacity 35783K, committed 35888K, reserved 1081344K
  class space    used 4288K, capacity 4455K, committed 4480K, reserved 1048576K
}
Event: 4.015 GC heap after
{Heap after GC invocations=5 (full 0):
 garbage-first heap   total 96256K, used 17408K [0x00000000a2200000, 0x0000000100000000)
  region size 1024K, 4 young (4096K), 4 survivors (4096K)
 Metaspace       used 35341K, capacity 35783K, committed 35888K, reserved 1081344K
  class space    used 4288K, capacity 4455K, committed 4480K, reserved 1048576K
}

Deoptimization events (20 events):
Event: 3.661 Thread 0x0000021d45427000 DEOPT PACKING pc=0x0000021d556da960 sp=0x000000d4339fb1c0
Event: 3.661 Thread 0x0000021d45427000 DEOPT UNPACKING pc=0x0000021d4dbfa1af sp=0x000000d4339fb150 mode 2
Event: 3.661 Thread 0x0000021d45427000 Uncommon trap: trap_request=0xffffffc6 fr.pc=0x0000021d556da960 relative=0x00000000000007a0
Event: 3.661 Thread 0x0000021d45427000 Uncommon trap: reason=bimorphic_or_optimized_type_check action=maybe_recompile pc=0x0000021d556da960 method=java.util.HashMap.putVal(ILjava/lang/Object;Ljava/lang/Object;ZZ)Ljava/lang/Object; @ 91 c2
Event: 3.661 Thread 0x0000021d45427000 DEOPT PACKING pc=0x0000021d556da960 sp=0x000000d4339fb1c0
Event: 3.661 Thread 0x0000021d45427000 DEOPT UNPACKING pc=0x0000021d4dbfa1af sp=0x000000d4339fb150 mode 2
Event: 3.683 Thread 0x0000021d45427000 Uncommon trap: trap_request=0xffffff4d fr.pc=0x0000021d556b8374 relative=0x0000000000000234
Event: 3.683 Thread 0x0000021d45427000 Uncommon trap: reason=unstable_if action=reinterpret pc=0x0000021d556b8374 method=java.util.concurrent.ConcurrentHashMap.get(Ljava/lang/Object;)Ljava/lang/Object; @ 76 c2
Event: 3.683 Thread 0x0000021d45427000 DEOPT PACKING pc=0x0000021d556b8374 sp=0x000000d4339f9ff0
Event: 3.683 Thread 0x0000021d45427000 DEOPT UNPACKING pc=0x0000021d4dbfa1af sp=0x000000d4339f9f68 mode 2
Event: 3.687 Thread 0x0000021d45427000 Uncommon trap: trap_request=0xffffff4d fr.pc=0x0000021d5569e2d0 relative=0x0000000000000090
Event: 3.687 Thread 0x0000021d45427000 Uncommon trap: reason=unstable_if action=reinterpret pc=0x0000021d5569e2d0 method=sun.reflect.generics.parser.SignatureParser.current()C @ 39 c2
Event: 3.687 Thread 0x0000021d45427000 DEOPT PACKING pc=0x0000021d5569e2d0 sp=0x000000d4339fb2e0
Event: 3.687 Thread 0x0000021d45427000 DEOPT UNPACKING pc=0x0000021d4dbfa1af sp=0x000000d4339fb278 mode 2
Event: 3.792 Thread 0x0000021d45427000 DEOPT PACKING pc=0x0000021d4e3e68b0 sp=0x000000d4339f8390
Event: 3.792 Thread 0x0000021d45427000 DEOPT UNPACKING pc=0x0000021d4dbfa95e sp=0x000000d4339f78a8 mode 0
Event: 4.162 Thread 0x0000021d45427000 Uncommon trap: trap_request=0xffffffc6 fr.pc=0x0000021d55722430 relative=0x0000000000000f90
Event: 4.162 Thread 0x0000021d45427000 Uncommon trap: reason=bimorphic_or_optimized_type_check action=maybe_recompile pc=0x0000021d55722430 method=java.util.HashMap.putVal(ILjava/lang/Object;Ljava/lang/Object;ZZ)Ljava/lang/Object; @ 203 c2
Event: 4.162 Thread 0x0000021d45427000 DEOPT PACKING pc=0x0000021d55722430 sp=0x000000d4339fdae0
Event: 4.162 Thread 0x0000021d45427000 DEOPT UNPACKING pc=0x0000021d4dbfa1af sp=0x000000d4339fda70 mode 2

Classes redefined (0 events):
No events

Internal exceptions (20 events):
Event: 1.189 Thread 0x0000021d45427000 Exception <a 'java/lang/NoSuchMethodError'{0x00000000a7839890}: 'long java.lang.invoke.Invokers$Holder.invoke_MT(java.lang.Object, java.lang.Object, java.lang.Object, java.lang.Object)'> (0x00000000a7839890) thrown at [s\src\hotspot\share\interpreter\linkResolver.cpp, line 773]
Event: 1.190 Thread 0x0000021d45427000 Exception <a 'java/lang/NoSuchMethodError'{0x00000000a783d1b8}: 'long java.lang.invoke.DelegatingMethodHandle$Holder.reinvoke_L(java.lang.Object, java.lang.Object, java.lang.Object)'> (0x00000000a783d1b8) thrown at [s\src\hotspot\share\interpreter\linkResolver.cpp, line 773]
Event: 1.191 Thread 0x0000021d45427000 Exception <a 'java/lang/NoSuchMethodError'{0x00000000a7846c90}: 'int java.lang.invoke.DirectMethodHandle$Holder.invokeSpecial(java.lang.Object, java.lang.Object, java.lang.Object, java.lang.Object)'> (0x00000000a7846c90) thrown at [s\src\hotspot\share\interpreter\linkResolver.cpp, line 773]
Event: 1.193 Thread 0x0000021d45427000 Exception <a 'java/lang/NoSuchMethodError'{0x00000000a7854940}: 'void java.lang.invoke.DelegatingMethodHandle$Holder.reinvoke_L(java.lang.Object, java.lang.Object, java.lang.Object, long, java.lang.Object)'> (0x00000000a7854940) thrown at [s\src\hotspot\share\interpreter\linkResolver.cpp, line 773]
Event: 1.194 Thread 0x0000021d45427000 Exception <a 'java/lang/NoSuchMethodError'{0x00000000a785e1c0}: 'java.lang.Object java.lang.invoke.DirectMethodHandle$Holder.invokeSpecial(java.lang.Object, java.lang.Object, java.lang.Object, java.lang.Object, long)'> (0x00000000a785e1c0) thrown at [s\src\hotspot\share\interpreter\linkResolver.cpp, line 773]
Event: 1.195 Thread 0x0000021d45427000 Exception <a 'java/lang/NoSuchMethodError'{0x00000000a7861718}: 'java.lang.Object java.lang.invoke.DelegatingMethodHandle$Holder.reinvoke_L(java.lang.Object, java.lang.Object, java.lang.Object, long)'> (0x00000000a7861718) thrown at [s\src\hotspot\share\interpreter\linkResolver.cpp, line 773]
Event: 1.196 Thread 0x0000021d45427000 Exception <a 'java/lang/NoSuchMethodError'{0x00000000a786e820}: 'int java.lang.invoke.DelegatingMethodHandle$Holder.reinvoke_L(java.lang.Object, java.lang.Object, java.lang.Object, long, java.lang.Object, java.lang.Object)'> (0x00000000a786e820) thrown at [s\src\hotspot\share\interpreter\linkResolver.cpp, line 773]
Event: 1.198 Thread 0x0000021d45427000 Exception <a 'java/lang/NoSuchMethodError'{0x00000000a787bd30}: 'int java.lang.invoke.DelegatingMethodHandle$Holder.reinvoke_L(java.lang.Object, java.lang.Object, java.lang.Object, long, int, int)'> (0x00000000a787bd30) thrown at [s\src\hotspot\share\interpreter\linkResolver.cpp, line 773]
Event: 1.200 Thread 0x0000021d45427000 Exception <a 'java/lang/NoSuchMethodError'{0x00000000a7888ce8}: 'int java.lang.invoke.DelegatingMethodHandle$Holder.reinvoke_L(java.lang.Object, java.lang.Object, java.lang.Object, long, long, long)'> (0x00000000a7888ce8) thrown at [s\src\hotspot\share\interpreter\linkResolver.cpp, line 773]
Event: 1.201 Thread 0x0000021d45427000 Exception <a 'java/lang/NoSuchMethodError'{0x00000000a7895600}: 'int java.lang.invoke.DelegatingMethodHandle$Holder.reinvoke_L(java.lang.Object, java.lang.Object, java.lang.Object, long, int)'> (0x00000000a7895600) thrown at [s\src\hotspot\share\interpreter\linkResolver.cpp, line 773]
Event: 1.227 Thread 0x0000021d45427000 Exception <a 'java/lang/NoSuchMethodError'{0x00000000a774da30}: 'int java.lang.invoke.DirectMethodHandle$Holder.invokeStaticInit(java.lang.Object, java.lang.Object, java.lang.Object)'> (0x00000000a774da30) thrown at [s\src\hotspot\share\interpreter\linkResolver.cpp, line 773]
Event: 1.233 Thread 0x0000021d45427000 Exception <a 'java/lang/NoSuchMethodError'{0x00000000a7778d48}: 'int java.lang.invoke.DirectMethodHandle$Holder.invokeStaticInit(java.lang.Object, java.lang.Object)'> (0x00000000a7778d48) thrown at [s\src\hotspot\share\interpreter\linkResolver.cpp, line 773]
Event: 1.321 Thread 0x0000021d45427000 Exception <a 'java/lang/NoSuchMethodError'{0x00000000a7593170}: 'void java.lang.invoke.DirectMethodHandle$Holder.invokeSpecial(java.lang.Object, java.lang.Object)'> (0x00000000a7593170) thrown at [s\src\hotspot\share\interpreter\linkResolver.cpp, line 773]
Event: 1.383 Thread 0x0000021d45427000 Exception <a 'java/lang/NoSuchMethodError'{0x00000000a73cce08}: 'void java.lang.invoke.DirectMethodHandle$Holder.invokeStatic(java.lang.Object, java.lang.Object, java.lang.Object, java.lang.Object)'> (0x00000000a73cce08) thrown at [s\src\hotspot\share\interpreter\linkResolver.cpp, line 773]
Event: 1.497 Thread 0x0000021d45427000 Exception <a 'java/lang/NoSuchMethodError'{0x00000000a6fcc388}: 'void java.lang.invoke.DirectMethodHandle$Holder.invokeStaticInit(java.lang.Object, java.lang.Object)'> (0x00000000a6fcc388) thrown at [s\src\hotspot\share\interpreter\linkResolver.cpp, line 773]
Event: 1.828 Thread 0x0000021d45427000 Exception <a 'java/lang/NoSuchMethodError'{0x00000000a7a893b0}: 'void java.lang.invoke.DirectMethodHandle$Holder.invokeVirtual(java.lang.Object, java.lang.Object)'> (0x00000000a7a893b0) thrown at [s\src\hotspot\share\interpreter\linkResolver.cpp, line 773]
Event: 1.890 Thread 0x0000021d45427000 Exception <a 'java/lang/NoSuchMethodError'{0x00000000a77fe1c0}: 'int java.lang.invoke.DirectMethodHandle$Holder.invokeVirtual(java.lang.Object, java.lang.Object)'> (0x00000000a77fe1c0) thrown at [s\src\hotspot\share\interpreter\linkResolver.cpp, line 773]
Event: 3.147 Thread 0x0000021d45427000 Implicit null exception at 0x0000021d556a2277 to 0x0000021d556a27fc
Event: 3.301 Thread 0x0000021d45427000 Implicit null exception at 0x0000021d556b2d74 to 0x0000021d556b32cc
Event: 3.382 Thread 0x0000021d45427000 Exception <a 'java/lang/NoSuchMethodError'{0x00000000a7989df0}: 'java.lang.Object java.lang.invoke.DirectMethodHandle$Holder.invokeVirtual(java.lang.Object, java.lang.Object, java.lang.Object)'> (0x00000000a7989df0) thrown at [s\src\hotspot\share\interpreter\linkResolver.cpp, line 773]

Events (20 events):
Event: 4.410 loading class org/jetbrains/kotlin/resolve/ShadowedExtensionChecker
Event: 4.410 loading class org/jetbrains/kotlin/resolve/ShadowedExtensionChecker done
Event: 4.412 loading class org/jetbrains/kotlin/resolve/ObservableBindingTrace
Event: 4.412 loading class org/jetbrains/kotlin/resolve/ObservableBindingTrace done
Event: 4.413 loading class org/jetbrains/kotlin/com/intellij/util/SmartFMap
Event: 4.413 loading class org/jetbrains/kotlin/com/intellij/util/SmartFMap done
Event: 4.414 loading class org/jetbrains/kotlin/load/java/components/FilesByFacadeFqNameIndexer$Companion
Event: 4.414 loading class org/jetbrains/kotlin/load/java/components/FilesByFacadeFqNameIndexer$Companion done
Event: 4.414 loading class org/jetbrains/kotlin/util/slicedMap/Slices
Event: 4.414 loading class org/jetbrains/kotlin/util/slicedMap/Slices done
Event: 4.415 loading class org/jetbrains/kotlin/util/slicedMap/RewritePolicy
Event: 4.415 loading class org/jetbrains/kotlin/util/slicedMap/RewritePolicy done
Event: 4.415 loading class org/jetbrains/kotlin/util/slicedMap/Slices$1
Event: 4.415 loading class org/jetbrains/kotlin/util/slicedMap/Slices$1 done
Event: 4.416 loading class org/jetbrains/kotlin/util/slicedMap/Slices$2
Event: 4.416 loading class org/jetbrains/kotlin/util/slicedMap/Slices$2 done
Event: 4.416 loading class org/jetbrains/kotlin/util/slicedMap/BasicWritableSlice
Event: 4.416 loading class org/jetbrains/kotlin/util/slicedMap/BasicWritableSlice done
Event: 4.416 loading class org/jetbrains/kotlin/util/slicedMap/AbstractWritableSlice
Event: 4.416 loading class org/jetbrains/kotlin/util/slicedMap/AbstractWritableSlice done


Dynamic libraries:
0x00007ff66b720000 - 0x00007ff66b72e000 	C:\Users\Gustavo\.jdks\corretto-11.0.22\bin\java.exe
0x00007ffefc810000 - 0x00007ffefca27000 	C:\WINDOWS\SYSTEM32\ntdll.dll
0x00007ffefaf40000 - 0x00007ffefb004000 	C:\WINDOWS\System32\KERNEL32.DLL
0x00007ffef9d80000 - 0x00007ffefa12c000 	C:\WINDOWS\System32\KERNELBASE.dll
0x00007ffefa1a0000 - 0x00007ffefa2b1000 	C:\WINDOWS\System32\ucrtbase.dll
0x00007ffedbfe0000 - 0x00007ffedbff7000 	C:\Users\Gustavo\.jdks\corretto-11.0.22\bin\jli.dll
0x00007ffed03e0000 - 0x00007ffed03fb000 	C:\Users\Gustavo\.jdks\corretto-11.0.22\bin\VCRUNTIME140.dll
0x00007ffefbb00000 - 0x00007ffefbcae000 	C:\WINDOWS\System32\USER32.dll
0x00007ffee0420000 - 0x00007ffee06b3000 	C:\WINDOWS\WinSxS\amd64_microsoft.windows.common-controls_6595b64144ccf1df_6.0.22621.3672_none_2713b9d173822955\COMCTL32.dll
0x00007ffefa380000 - 0x00007ffefa3a6000 	C:\WINDOWS\System32\win32u.dll
0x00007ffefac10000 - 0x00007ffefacb7000 	C:\WINDOWS\System32\msvcrt.dll
0x00007ffefbcb0000 - 0x00007ffefbcd9000 	C:\WINDOWS\System32\GDI32.dll
0x00007ffefa3b0000 - 0x00007ffefa4c9000 	C:\WINDOWS\System32\gdi32full.dll
0x00007ffef9b70000 - 0x00007ffef9c0a000 	C:\WINDOWS\System32\msvcp_win.dll
0x00007ffefa900000 - 0x00007ffefa931000 	C:\WINDOWS\System32\IMM32.DLL
0x00007ffedc0f0000 - 0x00007ffedc0fc000 	C:\Users\Gustavo\.jdks\corretto-11.0.22\bin\vcruntime140_1.dll
0x00007ffeaf650000 - 0x00007ffeaf6dd000 	C:\Users\Gustavo\.jdks\corretto-11.0.22\bin\msvcp140.dll
0x00007ffe8dad0000 - 0x00007ffe8e693000 	C:\Users\Gustavo\.jdks\corretto-11.0.22\bin\server\jvm.dll
0x00007ffefa6b0000 - 0x00007ffefa762000 	C:\WINDOWS\System32\ADVAPI32.dll
0x00007ffefae90000 - 0x00007ffefaf3a000 	C:\WINDOWS\System32\sechost.dll
0x00007ffef9b40000 - 0x00007ffef9b68000 	C:\WINDOWS\System32\bcrypt.dll
0x00007ffefaaf0000 - 0x00007ffefac05000 	C:\WINDOWS\System32\RPCRT4.dll
0x00007ffefc200000 - 0x00007ffefc208000 	C:\WINDOWS\System32\PSAPI.DLL
0x00007ffef40e0000 - 0x00007ffef4114000 	C:\WINDOWS\SYSTEM32\WINMM.dll
0x00007ffef4aa0000 - 0x00007ffef4aaa000 	C:\WINDOWS\SYSTEM32\VERSION.dll
0x00007ffee5120000 - 0x00007ffee5129000 	C:\WINDOWS\SYSTEM32\WSOCK32.dll
0x00007ffefb010000 - 0x00007ffefb081000 	C:\WINDOWS\System32\WS2_32.dll
0x00007ffef8b50000 - 0x00007ffef8b68000 	C:\WINDOWS\SYSTEM32\kernel.appcore.dll
0x00007ffedbfd0000 - 0x00007ffedbfe0000 	C:\Users\Gustavo\.jdks\corretto-11.0.22\bin\verify.dll
0x00007ffef7510000 - 0x00007ffef7742000 	C:\WINDOWS\SYSTEM32\DBGHELP.DLL
0x00007ffefbe70000 - 0x00007ffefc1f8000 	C:\WINDOWS\System32\combase.dll
0x00007ffefc270000 - 0x00007ffefc347000 	C:\WINDOWS\System32\OLEAUT32.dll
0x00007ffee79c0000 - 0x00007ffee79f2000 	C:\WINDOWS\SYSTEM32\dbgcore.DLL
0x00007ffefa4d0000 - 0x00007ffefa54b000 	C:\WINDOWS\System32\bcryptPrimitives.dll
0x00007ffec9f40000 - 0x00007ffec9f68000 	C:\Users\Gustavo\.jdks\corretto-11.0.22\bin\java.dll
0x00007ffed5b90000 - 0x00007ffed5b9a000 	C:\Users\Gustavo\.jdks\corretto-11.0.22\bin\jimage.dll
0x00007ffec9e90000 - 0x00007ffec9ea8000 	C:\Users\Gustavo\.jdks\corretto-11.0.22\bin\zip.dll
0x00007ffefb2a0000 - 0x00007ffefbafc000 	C:\WINDOWS\System32\SHELL32.dll
0x00007ffef7a40000 - 0x00007ffef8337000 	C:\WINDOWS\SYSTEM32\windows.storage.dll
0x00007ffef7900000 - 0x00007ffef7a3f000 	C:\WINDOWS\SYSTEM32\wintypes.dll
0x00007ffefa550000 - 0x00007ffefa644000 	C:\WINDOWS\System32\SHCORE.dll
0x00007ffefbce0000 - 0x00007ffefbd3e000 	C:\WINDOWS\System32\shlwapi.dll
0x00007ffef9a70000 - 0x00007ffef9a91000 	C:\WINDOWS\SYSTEM32\profapi.dll
0x00007ffebffd0000 - 0x00007ffebffe9000 	C:\Users\Gustavo\.jdks\corretto-11.0.22\bin\net.dll
0x00007ffef4890000 - 0x00007ffef49c6000 	C:\WINDOWS\SYSTEM32\WINHTTP.dll
0x00007ffef8fe0000 - 0x00007ffef9049000 	C:\WINDOWS\system32\mswsock.dll
0x00007ffebff40000 - 0x00007ffebff52000 	C:\Users\Gustavo\.jdks\corretto-11.0.22\bin\nio.dll

dbghelp: loaded successfully - version: 4.0.5 - missing functions: none
symbol engine: initialized successfully - sym options: 0x614 - pdb path: .;C:\Users\Gustavo\.jdks\corretto-11.0.22\bin;C:\WINDOWS\SYSTEM32;C:\WINDOWS\WinSxS\amd64_microsoft.windows.common-controls_6595b64144ccf1df_6.0.22621.3672_none_2713b9d173822955;C:\Users\Gustavo\.jdks\corretto-11.0.22\bin\server

VM Arguments:
java_command: org.jetbrains.kotlin.cli.jvm.K2JVMCompiler @C:\Users\Gustavo\Documents\USP\Sistemas\Paozim\backend\build\20240624_799271686236312105.compiler.options
java_class_path (initial): C:\Users\Gustavo\.gradle\caches\modules-2\files-2.1\org.jetbrains.kotlin\kotlin-compiler-embeddable\1.9.24\78dab849090e6c5e2eadb6e59a11cdc28fb67a08\kotlin-compiler-embeddable-1.9.24.jar;C:\Users\Gustavo\.gradle\caches\modules-2\files-2.1\org.jetbrains.kotlin\kotlin-stdlib\1.9.24\9928532f12c66ad816a625b3f9984f8368ca6d2b\kotlin-stdlib-1.9.24.jar;C:\Users\Gustavo\.gradle\caches\modules-2\files-2.1\org.jetbrains.kotlin\kotlin-script-runtime\1.9.24\96771497da90fbc5af1c90fce148db2595a62502\kotlin-script-runtime-1.9.24.jar;C:\Users\Gustavo\.gradle\caches\modules-2\files-2.1\org.jetbrains.kotlin\kotlin-reflect\1.6.10\1cbe9c92c12a94eea200d23c2bbaedaf3daf5132\kotlin-reflect-1.6.10.jar;C:\Users\Gustavo\.gradle\caches\modules-2\files-2.1\org.jetbrains.kotlin\kotlin-daemon-embeddable\1.9.24\86685b9c5e8d170925bd9ddbdc263374a6a73281\kotlin-daemon-embeddable-1.9.24.jar;C:\Users\Gustavo\.gradle\caches\modules-2\files-2.1\org.jetbrains.intellij.deps\trove4j\1.0.20200330\3afb14d5f9ceb459d724e907a21145e8ff394f02\trove4j-1.0.20200330.jar;C:\Users\Gustavo\.gradle\caches\modules-2\files-2.1\org.jetbrains\annotations\13.0\919f0dfe192fb4e063e7dacadee7f8bb9a2672a9\annotations-13.0.jar
Launcher Type: SUN_STANDARD

[Global flags]
     intx CICompilerCount                          = 4                                         {product} {ergonomic}
     uint ConcGCThreads                            = 3                                         {product} {ergonomic}
     uint G1ConcRefinementThreads                  = 10                                        {product} {ergonomic}
   size_t G1HeapRegionSize                         = 1048576                                   {product} {ergonomic}
    uintx GCDrainStackTargetSize                   = 64                                        {product} {ergonomic}
   size_t InitialHeapSize                          = 98566144                                  {product} {ergonomic}
   size_t MarkStackSize                            = 4194304                                   {product} {ergonomic}
   size_t MaxHeapSize                              = 1574961152                                {product} {ergonomic}
   size_t MaxNewSize                               = 944766976                                 {product} {ergonomic}
   size_t MinHeapDeltaBytes                        = 1048576                                   {product} {ergonomic}
    uintx NonNMethodCodeHeapSize                   = 5836300                                {pd product} {ergonomic}
    uintx NonProfiledCodeHeapSize                  = 122910970                              {pd product} {ergonomic}
    uintx ProfiledCodeHeapSize                     = 122910970                              {pd product} {ergonomic}
    uintx ReservedCodeCacheSize                    = 251658240                              {pd product} {ergonomic}
     bool SegmentedCodeCache                       = true                                      {product} {ergonomic}
     bool UseCompressedClassPointers               = true                                 {lp64_product} {ergonomic}
     bool UseCompressedOops                        = true                                 {lp64_product} {ergonomic}
     bool UseG1GC                                  = true                                      {product} {ergonomic}
     bool UseLargePagesIndividualAllocation        = false                                  {pd product} {ergonomic}

Logging:
Log output configuration:
 #0: stdout all=warning uptime,level,tags
 #1: stderr all=off uptime,level,tags

Environment Variables:
PATH=C:\Program Files\Common Files\Oracle\Java\javapath;C:\WINDOWS\system32;C:\WINDOWS;C:\WINDOWS\System32\Wbem;C:\WINDOWS\System32\WindowsPowerShell\v1.0\;C:\WINDOWS\System32\OpenSSH\;C:\Program Files\Git\cmd;C:\Users\Gustavo\AppData\Local\Microsoft\WindowsApps;C:\Users\Gustavo\AppData\Local\Programs\Microsoft VS Code\bin;C:\Users\Gustavo\AppData\Local\GitHubDesktop\bin;
USERNAME=Gustavo
OS=Windows_NT
PROCESSOR_IDENTIFIER=AMD64 Family 23 Model 104 Stepping 1, AuthenticAMD
TMP=C:\Users\Gustavo\AppData\Local\Temp
TEMP=C:\Users\Gustavo\AppData\Local\Temp



---------------  S Y S T E M  ---------------

OS: Windows 11 , 64 bit Build 22621 (10.0.22621.3672)
OS uptime: 11 days 21:11 hours
Hyper-V role detected

CPU:total 12 (initial active 12) (12 cores per cpu, 2 threads per core) family 23 model 104 stepping 1 microcode 0x0, cmov, cx8, fxsr, mmx, sse, sse2, sse3, ssse3, sse4.1, sse4.2, popcnt, avx, avx2, aes, clmul, mmxext, 3dnowpref, lzcnt, sse4a, ht, tsc, tscinvbit, tscinv, bmi1, bmi2, adx, sha, fma

Memory: 4k page, system-wide physical 6005M (179M free)
TotalPageFile size 24437M (AvailPageFile size 5M)
current process WorkingSet (physical memory assigned to process): 191M, peak: 192M
current process commit charge ("private bytes"): 268M, peak: 270M

vm_info: OpenJDK 64-Bit Server VM (11.0.22+7-LTS) for windows-amd64 JRE (11.0.22+7-LTS), built on Jan 10 2024 19:54:00 by "Administrator" with MS VC++ 16.10 / 16.11 (VS2019)

END.
