#
# There is insufficient memory for the Java Runtime Environment to continue.
# Native memory allocation (malloc) failed to allocate 980976 bytes for Chunk::new
# Possible reasons:
#   The system is out of physical RAM or swap space
#   The process is running with CompressedOops enabled, and the Java Heap may be blocking the growth of the native heap
# Possible solutions:
#   Reduce memory load on the system
#   Increase physical memory or swap space
#   Check if swap backing store is full
#   Decrease Java heap size (-Xmx/-Xms)
#   Decrease number of Java threads
#   Decrease Java thread stack sizes (-Xss)
#   Set larger code cache with -XX:ReservedCodeCacheSize=
#   JVM is running with Unscaled Compressed Oops mode in which the Java heap is
#     placed in the first 4GB address space. The Java Heap base address is the
#     maximum limit for the native heap growth. Please use -XX:HeapBaseMinAddress
#     to set the Java Heap base and to place the Java Heap above 4GB virtual address.
# This output file may be truncated or incomplete.
#
#  Out of Memory Error (arena.cpp:197), pid=16020, tid=16688
#
# JRE version: OpenJDK Runtime Environment Corretto-11.0.22.7.1 (11.0.22+7) (build 11.0.22+7-LTS)
# Java VM: OpenJDK 64-Bit Server VM Corretto-11.0.22.7.1 (11.0.22+7-LTS, mixed mode, tiered, compressed oops, g1 gc, windows-amd64)
# No core dump will be written. Minidumps are not enabled by default on client versions of Windows
#

---------------  S U M M A R Y ------------

Command Line: --add-opens=java.base/java.util=ALL-UNNAMED --add-opens=java.base/java.lang=ALL-UNNAMED --add-opens=java.base/java.lang.invoke=ALL-UNNAMED --add-opens=java.prefs/java.util.prefs=ALL-UNNAMED --add-opens=java.base/java.nio.charset=ALL-UNNAMED --add-opens=java.base/java.net=ALL-UNNAMED --add-opens=java.base/java.util.concurrent.atomic=ALL-UNNAMED -XX:MaxMetaspaceSize=384m -XX:+HeapDumpOnOutOfMemoryError -Xms256m -Xmx512m -Dfile.encoding=windows-1252 -Duser.country=BR -Duser.language=pt -Duser.variant -javaagent:C:\Users\Gustavo\.gradle\wrapper\dists\gradle-8.4-bin\1w5dpkrfk8irigvoxmyhowfim\gradle-8.4\lib\agents\gradle-instrumentation-agent-8.4.jar org.gradle.launcher.daemon.bootstrap.GradleDaemon 8.4

Host: AMD Ryzen 5 5500U with Radeon Graphics         , 12 cores, 5G,  Windows 11 , 64 bit Build 22621 (10.0.22621.3527)
Time: Tue May 14 02:07:11 2024 Hora oficial do Brasil elapsed time: 5.778564 seconds (0d 0h 0m 5s)

---------------  T H R E A D  ---------------

Current thread (0x000002277fc65800):  JavaThread "C2 CompilerThread0" daemon [_thread_in_native, id=16688, stack(0x00000041a1600000,0x00000041a1700000)]


Current CompileTask:
C2:   5778 2178       4       java.net.URLClassLoader$1::run (5 bytes)

Stack: [0x00000041a1600000,0x00000041a1700000]
Native frames: (J=compiled Java code, j=interpreted, Vv=VM code, C=native code)
V  [jvm.dll+0x64585a]
V  [jvm.dll+0x7d9bb9]
V  [jvm.dll+0x7db2b9]
V  [jvm.dll+0x7db9a3]
V  [jvm.dll+0x2694e5]
V  [jvm.dll+0xc1d7c]
V  [jvm.dll+0xc232c]
V  [jvm.dll+0x2db892]
V  [jvm.dll+0x550b27]
V  [jvm.dll+0x22a111]
V  [jvm.dll+0x223ab9]
V  [jvm.dll+0x220634]
V  [jvm.dll+0x19e521]
V  [jvm.dll+0x2305e9]
V  [jvm.dll+0x22e75f]
V  [jvm.dll+0x79ae51]
V  [jvm.dll+0x793b24]
V  [jvm.dll+0x644615]
C  [ucrtbase.dll+0x29333]
C  [KERNEL32.DLL+0x1257d]
C  [ntdll.dll+0x5aa48]


---------------  P R O C E S S  ---------------

Threads class SMR info:
_java_thread_list=0x0000022704b51780, length=23, elements={
0x0000022765784000, 0x000002277fc02800, 0x000002277fc0b800, 0x000002277fc5f800,
0x000002277fc63000, 0x000002277fc64000, 0x000002277fc65800, 0x000002277fc6a800,
0x000002277fc6f800, 0x000002277fdd6800, 0x000002270301d800, 0x0000022703777800,
0x00000227038ee800, 0x0000022703fed800, 0x0000022703ff0000, 0x0000022703e7b800,
0x0000022703e84800, 0x000002270402c800, 0x0000022704031800, 0x000002270403c800,
0x0000022704038000, 0x000002270403a000, 0x000002270403d000
}

Java Threads: ( => current thread )
  0x0000022765784000 JavaThread "main" [_thread_blocked, id=11320, stack(0x00000041a0a00000,0x00000041a0b00000)]
  0x000002277fc02800 JavaThread "Reference Handler" daemon [_thread_blocked, id=22024, stack(0x00000041a1100000,0x00000041a1200000)]
  0x000002277fc0b800 JavaThread "Finalizer" daemon [_thread_blocked, id=12652, stack(0x00000041a1200000,0x00000041a1300000)]
  0x000002277fc5f800 JavaThread "Signal Dispatcher" daemon [_thread_blocked, id=20064, stack(0x00000041a1300000,0x00000041a1400000)]
  0x000002277fc63000 JavaThread "Attach Listener" daemon [_thread_blocked, id=10436, stack(0x00000041a1400000,0x00000041a1500000)]
  0x000002277fc64000 JavaThread "Service Thread" daemon [_thread_blocked, id=6280, stack(0x00000041a1500000,0x00000041a1600000)]
=>0x000002277fc65800 JavaThread "C2 CompilerThread0" daemon [_thread_in_native, id=16688, stack(0x00000041a1600000,0x00000041a1700000)]
  0x000002277fc6a800 JavaThread "C1 CompilerThread0" daemon [_thread_blocked, id=22672, stack(0x00000041a1700000,0x00000041a1800000)]
  0x000002277fc6f800 JavaThread "Sweeper thread" daemon [_thread_blocked, id=18444, stack(0x00000041a1800000,0x00000041a1900000)]
  0x000002277fdd6800 JavaThread "Common-Cleaner" daemon [_thread_blocked, id=20512, stack(0x00000041a1900000,0x00000041a1a00000)]
  0x000002270301d800 JavaThread "Daemon health stats" [_thread_blocked, id=10612, stack(0x00000041a2000000,0x00000041a2100000)]
  0x0000022703777800 JavaThread "Incoming local TCP Connector on port 56200" [_thread_in_native, id=1964, stack(0x00000041a2100000,0x00000041a2200000)]
  0x00000227038ee800 JavaThread "Daemon periodic checks" [_thread_blocked, id=22828, stack(0x00000041a2200000,0x00000041a2300000)]
  0x0000022703fed800 JavaThread "Daemon" [_thread_blocked, id=9912, stack(0x00000041a2300000,0x00000041a2400000)]
  0x0000022703ff0000 JavaThread "Handler for socket connection from /127.0.0.1:56200 to /127.0.0.1:56201" [_thread_in_native, id=16212, stack(0x00000041a2400000,0x00000041a2500000)]
  0x0000022703e7b800 JavaThread "Cancel handler" [_thread_blocked, id=2420, stack(0x00000041a2500000,0x00000041a2600000)]
  0x0000022703e84800 JavaThread "Daemon worker" [_thread_in_vm, id=10108, stack(0x00000041a2600000,0x00000041a2700000)]
  0x000002270402c800 JavaThread "Asynchronous log dispatcher for DefaultDaemonConnection: socket connection from /127.0.0.1:56200 to /127.0.0.1:56201" [_thread_blocked, id=11340, stack(0x00000041a2700000,0x00000041a2800000)]
  0x0000022704031800 JavaThread "Stdin handler" [_thread_blocked, id=16444, stack(0x00000041a2800000,0x00000041a2900000)]
  0x000002270403c800 JavaThread "Daemon client event forwarder" [_thread_blocked, id=19108, stack(0x00000041a2900000,0x00000041a2a00000)]
  0x0000022704038000 JavaThread "Cache worker for journal cache (C:\Users\Gustavo\.gradle\caches\journal-1)" [_thread_blocked, id=22232, stack(0x00000041a3000000,0x00000041a3100000)]
  0x000002270403a000 JavaThread "File lock request listener" [_thread_in_native, id=8448, stack(0x00000041a3100000,0x00000041a3200000)]
  0x000002270403d000 JavaThread "Cache worker for file hash cache (C:\Users\Gustavo\.gradle\caches\8.4\fileHashes)" [_thread_blocked, id=11084, stack(0x00000041a3200000,0x00000041a3300000)]

Other Threads:
  0x000002277f3d4800 VMThread "VM Thread" [stack: 0x00000041a1000000,0x00000041a1100000] [id=7476]
  0x000002277ff68800 WatcherThread [stack: 0x00000041a1a00000,0x00000041a1b00000] [id=732]
  0x000002276579e800 GCTaskThread "GC Thread#0" [stack: 0x00000041a0b00000,0x00000041a0c00000] [id=9500]
  0x0000022702a24800 GCTaskThread "GC Thread#1" [stack: 0x00000041a1b00000,0x00000041a1c00000] [id=8608]
  0x0000022702bd6800 GCTaskThread "GC Thread#2" [stack: 0x00000041a1c00000,0x00000041a1d00000] [id=13344]
  0x000002270291d800 GCTaskThread "GC Thread#3" [stack: 0x00000041a1d00000,0x00000041a1e00000] [id=18284]
  0x000002270291e800 GCTaskThread "GC Thread#4" [stack: 0x00000041a1e00000,0x00000041a1f00000] [id=12644]
  0x0000022702ba2800 GCTaskThread "GC Thread#5" [stack: 0x00000041a1f00000,0x00000041a2000000] [id=9124]
  0x0000022703efb000 GCTaskThread "GC Thread#6" [stack: 0x00000041a2a00000,0x00000041a2b00000] [id=6752]
  0x0000022703f1d800 GCTaskThread "GC Thread#7" [stack: 0x00000041a2b00000,0x00000041a2c00000] [id=22600]
  0x0000022703f1e800 GCTaskThread "GC Thread#8" [stack: 0x00000041a2c00000,0x00000041a2d00000] [id=4492]
  0x0000022703f0b800 GCTaskThread "GC Thread#9" [stack: 0x00000041a2d00000,0x00000041a2e00000] [id=21820]
  0x00000227657b0000 ConcurrentGCThread "G1 Main Marker" [stack: 0x00000041a0c00000,0x00000041a0d00000] [id=7268]
  0x00000227657b1800 ConcurrentGCThread "G1 Conc#0" [stack: 0x00000041a0d00000,0x00000041a0e00000] [id=3336]
  0x0000022702b4a800 ConcurrentGCThread "G1 Conc#1" [stack: 0x00000041a2e00000,0x00000041a2f00000] [id=22580]
  0x0000022702b4c800 ConcurrentGCThread "G1 Conc#2" [stack: 0x00000041a2f00000,0x00000041a3000000] [id=23164]
  0x000002277f26f800 ConcurrentGCThread "G1 Refine#0" [stack: 0x00000041a0e00000,0x00000041a0f00000] [id=6168]
  0x000002277f270800 ConcurrentGCThread "G1 Young RemSet Sampling" [stack: 0x00000041a0f00000,0x00000041a1000000] [id=21812]

Threads with active compile tasks:
C2 CompilerThread0     5814 2178       4       java.net.URLClassLoader$1::run (5 bytes)

VM state:not at safepoint (normal execution)

VM Mutex/Monitor currently owned by a thread: None

Heap address: 0x00000000e0000000, size: 512 MB, Compressed Oops mode: 32-bit
Narrow klass base: 0x0000000000000000, Narrow klass shift: 3
Compressed class space size: 394264576 Address: 0x0000000100000000

Heap:
 garbage-first heap   total 262144K, used 41298K [0x00000000e0000000, 0x0000000100000000)
  region size 1024K, 24 young (24576K), 2 survivors (2048K)
 Metaspace       used 24352K, capacity 24920K, committed 25008K, reserved 407552K
  class space    used 2997K, capacity 3211K, committed 3248K, reserved 385024K
Heap Regions: E=young(eden), S=young(survivor), O=old, HS=humongous(starts), HC=humongous(continues), CS=collection set, F=free, A=archive, TAMS=top-at-mark-start (previous, next)
|   0|0x00000000e0000000, 0x00000000e0100000, 0x00000000e0100000|100%|HS|  |TAMS 0x00000000e0100000, 0x00000000e0000000| Complete 
|   1|0x00000000e0100000, 0x00000000e0200000, 0x00000000e0200000|100%|HC|  |TAMS 0x00000000e0200000, 0x00000000e0100000| Complete 
|   2|0x00000000e0200000, 0x00000000e0300000, 0x00000000e0300000|100%|HC|  |TAMS 0x00000000e0300000, 0x00000000e0200000| Complete 
|   3|0x00000000e0300000, 0x00000000e0400000, 0x00000000e0400000|100%|HC|  |TAMS 0x00000000e0400000, 0x00000000e0300000| Complete 
|   4|0x00000000e0400000, 0x00000000e0500000, 0x00000000e0500000|100%| O|  |TAMS 0x00000000e0500000, 0x00000000e0400000| Untracked 
|   5|0x00000000e0500000, 0x00000000e0600000, 0x00000000e0600000|100%| O|  |TAMS 0x00000000e0600000, 0x00000000e0500000| Untracked 
|   6|0x00000000e0600000, 0x00000000e0700000, 0x00000000e0700000|100%| O|  |TAMS 0x00000000e0700000, 0x00000000e0600000| Untracked 
|   7|0x00000000e0700000, 0x00000000e0800000, 0x00000000e0800000|100%| O|  |TAMS 0x00000000e0773000, 0x00000000e0700000| Untracked 
|   8|0x00000000e0800000, 0x00000000e0900000, 0x00000000e0900000|100%| O|  |TAMS 0x00000000e0800000, 0x00000000e0800000| Untracked 
|   9|0x00000000e0900000, 0x00000000e0a00000, 0x00000000e0a00000|100%| O|  |TAMS 0x00000000e0900000, 0x00000000e0900000| Untracked 
|  10|0x00000000e0a00000, 0x00000000e0b00000, 0x00000000e0b00000|100%| O|  |TAMS 0x00000000e0a00000, 0x00000000e0a00000| Untracked 
|  11|0x00000000e0b00000, 0x00000000e0c00000, 0x00000000e0c00000|100%| O|  |TAMS 0x00000000e0b00000, 0x00000000e0b00000| Untracked 
|  12|0x00000000e0c00000, 0x00000000e0d00000, 0x00000000e0d00000|100%| O|  |TAMS 0x00000000e0c00000, 0x00000000e0c00000| Untracked 
|  13|0x00000000e0d00000, 0x00000000e0e00000, 0x00000000e0e00000|100%| O|  |TAMS 0x00000000e0d00000, 0x00000000e0d00000| Untracked 
|  14|0x00000000e0e00000, 0x00000000e0f00000, 0x00000000e0f00000|100%| O|  |TAMS 0x00000000e0e00000, 0x00000000e0e00000| Untracked 
|  15|0x00000000e0f00000, 0x00000000e1000000, 0x00000000e1000000|100%| O|  |TAMS 0x00000000e0f00000, 0x00000000e0f00000| Untracked 
|  16|0x00000000e1000000, 0x00000000e1100000, 0x00000000e1100000|100%| O|  |TAMS 0x00000000e1000000, 0x00000000e1000000| Untracked 
|  17|0x00000000e1100000, 0x00000000e1200000, 0x00000000e1200000|100%| O|  |TAMS 0x00000000e1100000, 0x00000000e1100000| Untracked 
|  18|0x00000000e1200000, 0x00000000e120fe00, 0x00000000e1300000|  6%| O|  |TAMS 0x00000000e1200000, 0x00000000e1200000| Untracked 
|  19|0x00000000e1300000, 0x00000000e1300000, 0x00000000e1400000|  0%| F|  |TAMS 0x00000000e1300000, 0x00000000e1300000| Untracked 
|  20|0x00000000e1400000, 0x00000000e1400000, 0x00000000e1500000|  0%| F|  |TAMS 0x00000000e1400000, 0x00000000e1400000| Untracked 
|  21|0x00000000e1500000, 0x00000000e1500000, 0x00000000e1600000|  0%| F|  |TAMS 0x00000000e1500000, 0x00000000e1500000| Untracked 
|  22|0x00000000e1600000, 0x00000000e1600000, 0x00000000e1700000|  0%| F|  |TAMS 0x00000000e1600000, 0x00000000e1600000| Untracked 
|  23|0x00000000e1700000, 0x00000000e1700000, 0x00000000e1800000|  0%| F|  |TAMS 0x00000000e1700000, 0x00000000e1700000| Untracked 
|  24|0x00000000e1800000, 0x00000000e1800000, 0x00000000e1900000|  0%| F|  |TAMS 0x00000000e1800000, 0x00000000e1800000| Untracked 
|  25|0x00000000e1900000, 0x00000000e1900000, 0x00000000e1a00000|  0%| F|  |TAMS 0x00000000e1900000, 0x00000000e1900000| Untracked 
|  26|0x00000000e1a00000, 0x00000000e1a00000, 0x00000000e1b00000|  0%| F|  |TAMS 0x00000000e1a00000, 0x00000000e1a00000| Untracked 
|  27|0x00000000e1b00000, 0x00000000e1b00000, 0x00000000e1c00000|  0%| F|  |TAMS 0x00000000e1b00000, 0x00000000e1b00000| Untracked 
|  28|0x00000000e1c00000, 0x00000000e1c00000, 0x00000000e1d00000|  0%| F|  |TAMS 0x00000000e1c00000, 0x00000000e1c00000| Untracked 
|  29|0x00000000e1d00000, 0x00000000e1d00000, 0x00000000e1e00000|  0%| F|  |TAMS 0x00000000e1d00000, 0x00000000e1d00000| Untracked 
|  30|0x00000000e1e00000, 0x00000000e1e00000, 0x00000000e1f00000|  0%| F|  |TAMS 0x00000000e1e00000, 0x00000000e1e00000| Untracked 
|  31|0x00000000e1f00000, 0x00000000e1f00000, 0x00000000e2000000|  0%| F|  |TAMS 0x00000000e1f00000, 0x00000000e1f00000| Untracked 
|  32|0x00000000e2000000, 0x00000000e2000000, 0x00000000e2100000|  0%| F|  |TAMS 0x00000000e2000000, 0x00000000e2000000| Untracked 
|  33|0x00000000e2100000, 0x00000000e2100000, 0x00000000e2200000|  0%| F|  |TAMS 0x00000000e2100000, 0x00000000e2100000| Untracked 
|  34|0x00000000e2200000, 0x00000000e2200000, 0x00000000e2300000|  0%| F|  |TAMS 0x00000000e2200000, 0x00000000e2200000| Untracked 
|  35|0x00000000e2300000, 0x00000000e2300000, 0x00000000e2400000|  0%| F|  |TAMS 0x00000000e2300000, 0x00000000e2300000| Untracked 
|  36|0x00000000e2400000, 0x00000000e2400000, 0x00000000e2500000|  0%| F|  |TAMS 0x00000000e2400000, 0x00000000e2400000| Untracked 
|  37|0x00000000e2500000, 0x00000000e2500000, 0x00000000e2600000|  0%| F|  |TAMS 0x00000000e2500000, 0x00000000e2500000| Untracked 
|  38|0x00000000e2600000, 0x00000000e2600000, 0x00000000e2700000|  0%| F|  |TAMS 0x00000000e2600000, 0x00000000e2600000| Untracked 
|  39|0x00000000e2700000, 0x00000000e2700000, 0x00000000e2800000|  0%| F|  |TAMS 0x00000000e2700000, 0x00000000e2700000| Untracked 
|  40|0x00000000e2800000, 0x00000000e2800000, 0x00000000e2900000|  0%| F|  |TAMS 0x00000000e2800000, 0x00000000e2800000| Untracked 
|  41|0x00000000e2900000, 0x00000000e2900000, 0x00000000e2a00000|  0%| F|  |TAMS 0x00000000e2900000, 0x00000000e2900000| Untracked 
|  42|0x00000000e2a00000, 0x00000000e2a00000, 0x00000000e2b00000|  0%| F|  |TAMS 0x00000000e2a00000, 0x00000000e2a00000| Untracked 
|  43|0x00000000e2b00000, 0x00000000e2b00000, 0x00000000e2c00000|  0%| F|  |TAMS 0x00000000e2b00000, 0x00000000e2b00000| Untracked 
|  44|0x00000000e2c00000, 0x00000000e2c00000, 0x00000000e2d00000|  0%| F|  |TAMS 0x00000000e2c00000, 0x00000000e2c00000| Untracked 
|  45|0x00000000e2d00000, 0x00000000e2d00000, 0x00000000e2e00000|  0%| F|  |TAMS 0x00000000e2d00000, 0x00000000e2d00000| Untracked 
|  46|0x00000000e2e00000, 0x00000000e2e00000, 0x00000000e2f00000|  0%| F|  |TAMS 0x00000000e2e00000, 0x00000000e2e00000| Untracked 
|  47|0x00000000e2f00000, 0x00000000e2f00000, 0x00000000e3000000|  0%| F|  |TAMS 0x00000000e2f00000, 0x00000000e2f00000| Untracked 
|  48|0x00000000e3000000, 0x00000000e3000000, 0x00000000e3100000|  0%| F|  |TAMS 0x00000000e3000000, 0x00000000e3000000| Untracked 
|  49|0x00000000e3100000, 0x00000000e3100000, 0x00000000e3200000|  0%| F|  |TAMS 0x00000000e3100000, 0x00000000e3100000| Untracked 
|  50|0x00000000e3200000, 0x00000000e3200000, 0x00000000e3300000|  0%| F|  |TAMS 0x00000000e3200000, 0x00000000e3200000| Untracked 
|  51|0x00000000e3300000, 0x00000000e3300000, 0x00000000e3400000|  0%| F|  |TAMS 0x00000000e3300000, 0x00000000e3300000| Untracked 
|  52|0x00000000e3400000, 0x00000000e3400000, 0x00000000e3500000|  0%| F|  |TAMS 0x00000000e3400000, 0x00000000e3400000| Untracked 
|  53|0x00000000e3500000, 0x00000000e3500000, 0x00000000e3600000|  0%| F|  |TAMS 0x00000000e3500000, 0x00000000e3500000| Untracked 
|  54|0x00000000e3600000, 0x00000000e3600000, 0x00000000e3700000|  0%| F|  |TAMS 0x00000000e3600000, 0x00000000e3600000| Untracked 
|  55|0x00000000e3700000, 0x00000000e3700000, 0x00000000e3800000|  0%| F|  |TAMS 0x00000000e3700000, 0x00000000e3700000| Untracked 
|  56|0x00000000e3800000, 0x00000000e3800000, 0x00000000e3900000|  0%| F|  |TAMS 0x00000000e3800000, 0x00000000e3800000| Untracked 
|  57|0x00000000e3900000, 0x00000000e3900000, 0x00000000e3a00000|  0%| F|  |TAMS 0x00000000e3900000, 0x00000000e3900000| Untracked 
|  58|0x00000000e3a00000, 0x00000000e3a00000, 0x00000000e3b00000|  0%| F|  |TAMS 0x00000000e3a00000, 0x00000000e3a00000| Untracked 
|  59|0x00000000e3b00000, 0x00000000e3b00000, 0x00000000e3c00000|  0%| F|  |TAMS 0x00000000e3b00000, 0x00000000e3b00000| Untracked 
|  60|0x00000000e3c00000, 0x00000000e3c00000, 0x00000000e3d00000|  0%| F|  |TAMS 0x00000000e3c00000, 0x00000000e3c00000| Untracked 
|  61|0x00000000e3d00000, 0x00000000e3d00000, 0x00000000e3e00000|  0%| F|  |TAMS 0x00000000e3d00000, 0x00000000e3d00000| Untracked 
|  62|0x00000000e3e00000, 0x00000000e3e00000, 0x00000000e3f00000|  0%| F|  |TAMS 0x00000000e3e00000, 0x00000000e3e00000| Untracked 
|  63|0x00000000e3f00000, 0x00000000e3f00000, 0x00000000e4000000|  0%| F|  |TAMS 0x00000000e3f00000, 0x00000000e3f00000| Untracked 
|  64|0x00000000e4000000, 0x00000000e4000000, 0x00000000e4100000|  0%| F|  |TAMS 0x00000000e4000000, 0x00000000e4000000| Untracked 
|  65|0x00000000e4100000, 0x00000000e4100000, 0x00000000e4200000|  0%| F|  |TAMS 0x00000000e4100000, 0x00000000e4100000| Untracked 
|  66|0x00000000e4200000, 0x00000000e4200000, 0x00000000e4300000|  0%| F|  |TAMS 0x00000000e4200000, 0x00000000e4200000| Untracked 
|  67|0x00000000e4300000, 0x00000000e4300000, 0x00000000e4400000|  0%| F|  |TAMS 0x00000000e4300000, 0x00000000e4300000| Untracked 
|  68|0x00000000e4400000, 0x00000000e4400000, 0x00000000e4500000|  0%| F|  |TAMS 0x00000000e4400000, 0x00000000e4400000| Untracked 
|  69|0x00000000e4500000, 0x00000000e4500000, 0x00000000e4600000|  0%| F|  |TAMS 0x00000000e4500000, 0x00000000e4500000| Untracked 
|  70|0x00000000e4600000, 0x00000000e4600000, 0x00000000e4700000|  0%| F|  |TAMS 0x00000000e4600000, 0x00000000e4600000| Untracked 
|  71|0x00000000e4700000, 0x00000000e4700000, 0x00000000e4800000|  0%| F|  |TAMS 0x00000000e4700000, 0x00000000e4700000| Untracked 
|  72|0x00000000e4800000, 0x00000000e4800000, 0x00000000e4900000|  0%| F|  |TAMS 0x00000000e4800000, 0x00000000e4800000| Untracked 
|  73|0x00000000e4900000, 0x00000000e4900000, 0x00000000e4a00000|  0%| F|  |TAMS 0x00000000e4900000, 0x00000000e4900000| Untracked 
|  74|0x00000000e4a00000, 0x00000000e4a00000, 0x00000000e4b00000|  0%| F|  |TAMS 0x00000000e4a00000, 0x00000000e4a00000| Untracked 
|  75|0x00000000e4b00000, 0x00000000e4b00000, 0x00000000e4c00000|  0%| F|  |TAMS 0x00000000e4b00000, 0x00000000e4b00000| Untracked 
|  76|0x00000000e4c00000, 0x00000000e4c00000, 0x00000000e4d00000|  0%| F|  |TAMS 0x00000000e4c00000, 0x00000000e4c00000| Untracked 
|  77|0x00000000e4d00000, 0x00000000e4d00000, 0x00000000e4e00000|  0%| F|  |TAMS 0x00000000e4d00000, 0x00000000e4d00000| Untracked 
|  78|0x00000000e4e00000, 0x00000000e4e00000, 0x00000000e4f00000|  0%| F|  |TAMS 0x00000000e4e00000, 0x00000000e4e00000| Untracked 
|  79|0x00000000e4f00000, 0x00000000e4f00000, 0x00000000e5000000|  0%| F|  |TAMS 0x00000000e4f00000, 0x00000000e4f00000| Untracked 
|  80|0x00000000e5000000, 0x00000000e5000000, 0x00000000e5100000|  0%| F|  |TAMS 0x00000000e5000000, 0x00000000e5000000| Untracked 
|  81|0x00000000e5100000, 0x00000000e5100000, 0x00000000e5200000|  0%| F|  |TAMS 0x00000000e5100000, 0x00000000e5100000| Untracked 
|  82|0x00000000e5200000, 0x00000000e5200000, 0x00000000e5300000|  0%| F|  |TAMS 0x00000000e5200000, 0x00000000e5200000| Untracked 
|  83|0x00000000e5300000, 0x00000000e5300000, 0x00000000e5400000|  0%| F|  |TAMS 0x00000000e5300000, 0x00000000e5300000| Untracked 
|  84|0x00000000e5400000, 0x00000000e5400000, 0x00000000e5500000|  0%| F|  |TAMS 0x00000000e5400000, 0x00000000e5400000| Untracked 
|  85|0x00000000e5500000, 0x00000000e5500000, 0x00000000e5600000|  0%| F|  |TAMS 0x00000000e5500000, 0x00000000e5500000| Untracked 
|  86|0x00000000e5600000, 0x00000000e5600000, 0x00000000e5700000|  0%| F|  |TAMS 0x00000000e5600000, 0x00000000e5600000| Untracked 
|  87|0x00000000e5700000, 0x00000000e5700000, 0x00000000e5800000|  0%| F|  |TAMS 0x00000000e5700000, 0x00000000e5700000| Untracked 
|  88|0x00000000e5800000, 0x00000000e5800000, 0x00000000e5900000|  0%| F|  |TAMS 0x00000000e5800000, 0x00000000e5800000| Untracked 
|  89|0x00000000e5900000, 0x00000000e5900000, 0x00000000e5a00000|  0%| F|  |TAMS 0x00000000e5900000, 0x00000000e5900000| Untracked 
|  90|0x00000000e5a00000, 0x00000000e5a00000, 0x00000000e5b00000|  0%| F|  |TAMS 0x00000000e5a00000, 0x00000000e5a00000| Untracked 
|  91|0x00000000e5b00000, 0x00000000e5b00000, 0x00000000e5c00000|  0%| F|  |TAMS 0x00000000e5b00000, 0x00000000e5b00000| Untracked 
|  92|0x00000000e5c00000, 0x00000000e5c00000, 0x00000000e5d00000|  0%| F|  |TAMS 0x00000000e5c00000, 0x00000000e5c00000| Untracked 
|  93|0x00000000e5d00000, 0x00000000e5d00000, 0x00000000e5e00000|  0%| F|  |TAMS 0x00000000e5d00000, 0x00000000e5d00000| Untracked 
|  94|0x00000000e5e00000, 0x00000000e5e00000, 0x00000000e5f00000|  0%| F|  |TAMS 0x00000000e5e00000, 0x00000000e5e00000| Untracked 
|  95|0x00000000e5f00000, 0x00000000e5f00000, 0x00000000e6000000|  0%| F|  |TAMS 0x00000000e5f00000, 0x00000000e5f00000| Untracked 
|  96|0x00000000e6000000, 0x00000000e6000000, 0x00000000e6100000|  0%| F|  |TAMS 0x00000000e6000000, 0x00000000e6000000| Untracked 
|  97|0x00000000e6100000, 0x00000000e6100000, 0x00000000e6200000|  0%| F|  |TAMS 0x00000000e6100000, 0x00000000e6100000| Untracked 
|  98|0x00000000e6200000, 0x00000000e6200000, 0x00000000e6300000|  0%| F|  |TAMS 0x00000000e6200000, 0x00000000e6200000| Untracked 
|  99|0x00000000e6300000, 0x00000000e6300000, 0x00000000e6400000|  0%| F|  |TAMS 0x00000000e6300000, 0x00000000e6300000| Untracked 
| 100|0x00000000e6400000, 0x00000000e6400000, 0x00000000e6500000|  0%| F|  |TAMS 0x00000000e6400000, 0x00000000e6400000| Untracked 
| 101|0x00000000e6500000, 0x00000000e6500000, 0x00000000e6600000|  0%| F|  |TAMS 0x00000000e6500000, 0x00000000e6500000| Untracked 
| 102|0x00000000e6600000, 0x00000000e6600000, 0x00000000e6700000|  0%| F|  |TAMS 0x00000000e6600000, 0x00000000e6600000| Untracked 
| 103|0x00000000e6700000, 0x00000000e6700000, 0x00000000e6800000|  0%| F|  |TAMS 0x00000000e6700000, 0x00000000e6700000| Untracked 
| 104|0x00000000e6800000, 0x00000000e6800000, 0x00000000e6900000|  0%| F|  |TAMS 0x00000000e6800000, 0x00000000e6800000| Untracked 
| 105|0x00000000e6900000, 0x00000000e6900000, 0x00000000e6a00000|  0%| F|  |TAMS 0x00000000e6900000, 0x00000000e6900000| Untracked 
| 106|0x00000000e6a00000, 0x00000000e6a00000, 0x00000000e6b00000|  0%| F|  |TAMS 0x00000000e6a00000, 0x00000000e6a00000| Untracked 
| 107|0x00000000e6b00000, 0x00000000e6b00000, 0x00000000e6c00000|  0%| F|  |TAMS 0x00000000e6b00000, 0x00000000e6b00000| Untracked 
| 108|0x00000000e6c00000, 0x00000000e6c00000, 0x00000000e6d00000|  0%| F|  |TAMS 0x00000000e6c00000, 0x00000000e6c00000| Untracked 
| 109|0x00000000e6d00000, 0x00000000e6d00000, 0x00000000e6e00000|  0%| F|  |TAMS 0x00000000e6d00000, 0x00000000e6d00000| Untracked 
| 110|0x00000000e6e00000, 0x00000000e6e00000, 0x00000000e6f00000|  0%| F|  |TAMS 0x00000000e6e00000, 0x00000000e6e00000| Untracked 
| 111|0x00000000e6f00000, 0x00000000e6f00000, 0x00000000e7000000|  0%| F|  |TAMS 0x00000000e6f00000, 0x00000000e6f00000| Untracked 
| 112|0x00000000e7000000, 0x00000000e7000000, 0x00000000e7100000|  0%| F|  |TAMS 0x00000000e7000000, 0x00000000e7000000| Untracked 
| 113|0x00000000e7100000, 0x00000000e7100000, 0x00000000e7200000|  0%| F|  |TAMS 0x00000000e7100000, 0x00000000e7100000| Untracked 
| 114|0x00000000e7200000, 0x00000000e7200000, 0x00000000e7300000|  0%| F|  |TAMS 0x00000000e7200000, 0x00000000e7200000| Untracked 
| 115|0x00000000e7300000, 0x00000000e7300000, 0x00000000e7400000|  0%| F|  |TAMS 0x00000000e7300000, 0x00000000e7300000| Untracked 
| 116|0x00000000e7400000, 0x00000000e7400000, 0x00000000e7500000|  0%| F|  |TAMS 0x00000000e7400000, 0x00000000e7400000| Untracked 
| 117|0x00000000e7500000, 0x00000000e7500000, 0x00000000e7600000|  0%| F|  |TAMS 0x00000000e7500000, 0x00000000e7500000| Untracked 
| 118|0x00000000e7600000, 0x00000000e7600000, 0x00000000e7700000|  0%| F|  |TAMS 0x00000000e7600000, 0x00000000e7600000| Untracked 
| 119|0x00000000e7700000, 0x00000000e7700000, 0x00000000e7800000|  0%| F|  |TAMS 0x00000000e7700000, 0x00000000e7700000| Untracked 
| 120|0x00000000e7800000, 0x00000000e7800000, 0x00000000e7900000|  0%| F|  |TAMS 0x00000000e7800000, 0x00000000e7800000| Untracked 
| 121|0x00000000e7900000, 0x00000000e7900000, 0x00000000e7a00000|  0%| F|  |TAMS 0x00000000e7900000, 0x00000000e7900000| Untracked 
| 122|0x00000000e7a00000, 0x00000000e7a00000, 0x00000000e7b00000|  0%| F|  |TAMS 0x00000000e7a00000, 0x00000000e7a00000| Untracked 
| 123|0x00000000e7b00000, 0x00000000e7b00000, 0x00000000e7c00000|  0%| F|  |TAMS 0x00000000e7b00000, 0x00000000e7b00000| Untracked 
| 124|0x00000000e7c00000, 0x00000000e7c00000, 0x00000000e7d00000|  0%| F|  |TAMS 0x00000000e7c00000, 0x00000000e7c00000| Untracked 
| 125|0x00000000e7d00000, 0x00000000e7d00000, 0x00000000e7e00000|  0%| F|  |TAMS 0x00000000e7d00000, 0x00000000e7d00000| Untracked 
| 126|0x00000000e7e00000, 0x00000000e7e00000, 0x00000000e7f00000|  0%| F|  |TAMS 0x00000000e7e00000, 0x00000000e7e00000| Untracked 
| 127|0x00000000e7f00000, 0x00000000e7f00000, 0x00000000e8000000|  0%| F|  |TAMS 0x00000000e7f00000, 0x00000000e7f00000| Untracked 
| 128|0x00000000e8000000, 0x00000000e8000000, 0x00000000e8100000|  0%| F|  |TAMS 0x00000000e8000000, 0x00000000e8000000| Untracked 
| 129|0x00000000e8100000, 0x00000000e8100000, 0x00000000e8200000|  0%| F|  |TAMS 0x00000000e8100000, 0x00000000e8100000| Untracked 
| 130|0x00000000e8200000, 0x00000000e8200000, 0x00000000e8300000|  0%| F|  |TAMS 0x00000000e8200000, 0x00000000e8200000| Untracked 
| 131|0x00000000e8300000, 0x00000000e8300000, 0x00000000e8400000|  0%| F|  |TAMS 0x00000000e8300000, 0x00000000e8300000| Untracked 
| 132|0x00000000e8400000, 0x00000000e8400000, 0x00000000e8500000|  0%| F|  |TAMS 0x00000000e8400000, 0x00000000e8400000| Untracked 
| 133|0x00000000e8500000, 0x00000000e8500000, 0x00000000e8600000|  0%| F|  |TAMS 0x00000000e8500000, 0x00000000e8500000| Untracked 
| 134|0x00000000e8600000, 0x00000000e8600000, 0x00000000e8700000|  0%| F|  |TAMS 0x00000000e8600000, 0x00000000e8600000| Untracked 
| 135|0x00000000e8700000, 0x00000000e8700000, 0x00000000e8800000|  0%| F|  |TAMS 0x00000000e8700000, 0x00000000e8700000| Untracked 
| 136|0x00000000e8800000, 0x00000000e8800000, 0x00000000e8900000|  0%| F|  |TAMS 0x00000000e8800000, 0x00000000e8800000| Untracked 
| 137|0x00000000e8900000, 0x00000000e8900000, 0x00000000e8a00000|  0%| F|  |TAMS 0x00000000e8900000, 0x00000000e8900000| Untracked 
| 138|0x00000000e8a00000, 0x00000000e8a00000, 0x00000000e8b00000|  0%| F|  |TAMS 0x00000000e8a00000, 0x00000000e8a00000| Untracked 
| 139|0x00000000e8b00000, 0x00000000e8b00000, 0x00000000e8c00000|  0%| F|  |TAMS 0x00000000e8b00000, 0x00000000e8b00000| Untracked 
| 140|0x00000000e8c00000, 0x00000000e8c00000, 0x00000000e8d00000|  0%| F|  |TAMS 0x00000000e8c00000, 0x00000000e8c00000| Untracked 
| 141|0x00000000e8d00000, 0x00000000e8d00000, 0x00000000e8e00000|  0%| F|  |TAMS 0x00000000e8d00000, 0x00000000e8d00000| Untracked 
| 142|0x00000000e8e00000, 0x00000000e8e00000, 0x00000000e8f00000|  0%| F|  |TAMS 0x00000000e8e00000, 0x00000000e8e00000| Untracked 
| 143|0x00000000e8f00000, 0x00000000e8f00000, 0x00000000e9000000|  0%| F|  |TAMS 0x00000000e8f00000, 0x00000000e8f00000| Untracked 
| 144|0x00000000e9000000, 0x00000000e9000000, 0x00000000e9100000|  0%| F|  |TAMS 0x00000000e9000000, 0x00000000e9000000| Untracked 
| 145|0x00000000e9100000, 0x00000000e9100000, 0x00000000e9200000|  0%| F|  |TAMS 0x00000000e9100000, 0x00000000e9100000| Untracked 
| 146|0x00000000e9200000, 0x00000000e9200000, 0x00000000e9300000|  0%| F|  |TAMS 0x00000000e9200000, 0x00000000e9200000| Untracked 
| 147|0x00000000e9300000, 0x00000000e9300000, 0x00000000e9400000|  0%| F|  |TAMS 0x00000000e9300000, 0x00000000e9300000| Untracked 
| 148|0x00000000e9400000, 0x00000000e9400000, 0x00000000e9500000|  0%| F|  |TAMS 0x00000000e9400000, 0x00000000e9400000| Untracked 
| 149|0x00000000e9500000, 0x00000000e9500000, 0x00000000e9600000|  0%| F|  |TAMS 0x00000000e9500000, 0x00000000e9500000| Untracked 
| 150|0x00000000e9600000, 0x00000000e9600000, 0x00000000e9700000|  0%| F|  |TAMS 0x00000000e9600000, 0x00000000e9600000| Untracked 
| 151|0x00000000e9700000, 0x00000000e9700000, 0x00000000e9800000|  0%| F|  |TAMS 0x00000000e9700000, 0x00000000e9700000| Untracked 
| 152|0x00000000e9800000, 0x00000000e9800000, 0x00000000e9900000|  0%| F|  |TAMS 0x00000000e9800000, 0x00000000e9800000| Untracked 
| 153|0x00000000e9900000, 0x00000000e9900000, 0x00000000e9a00000|  0%| F|  |TAMS 0x00000000e9900000, 0x00000000e9900000| Untracked 
| 154|0x00000000e9a00000, 0x00000000e9a00000, 0x00000000e9b00000|  0%| F|  |TAMS 0x00000000e9a00000, 0x00000000e9a00000| Untracked 
| 155|0x00000000e9b00000, 0x00000000e9b00000, 0x00000000e9c00000|  0%| F|  |TAMS 0x00000000e9b00000, 0x00000000e9b00000| Untracked 
| 156|0x00000000e9c00000, 0x00000000e9c00000, 0x00000000e9d00000|  0%| F|  |TAMS 0x00000000e9c00000, 0x00000000e9c00000| Untracked 
| 157|0x00000000e9d00000, 0x00000000e9d00000, 0x00000000e9e00000|  0%| F|  |TAMS 0x00000000e9d00000, 0x00000000e9d00000| Untracked 
| 158|0x00000000e9e00000, 0x00000000e9e00000, 0x00000000e9f00000|  0%| F|  |TAMS 0x00000000e9e00000, 0x00000000e9e00000| Untracked 
| 159|0x00000000e9f00000, 0x00000000e9f00000, 0x00000000ea000000|  0%| F|  |TAMS 0x00000000e9f00000, 0x00000000e9f00000| Untracked 
| 160|0x00000000ea000000, 0x00000000ea000000, 0x00000000ea100000|  0%| F|  |TAMS 0x00000000ea000000, 0x00000000ea000000| Untracked 
| 161|0x00000000ea100000, 0x00000000ea100000, 0x00000000ea200000|  0%| F|  |TAMS 0x00000000ea100000, 0x00000000ea100000| Untracked 
| 162|0x00000000ea200000, 0x00000000ea200000, 0x00000000ea300000|  0%| F|  |TAMS 0x00000000ea200000, 0x00000000ea200000| Untracked 
| 163|0x00000000ea300000, 0x00000000ea300000, 0x00000000ea400000|  0%| F|  |TAMS 0x00000000ea300000, 0x00000000ea300000| Untracked 
| 164|0x00000000ea400000, 0x00000000ea400000, 0x00000000ea500000|  0%| F|  |TAMS 0x00000000ea400000, 0x00000000ea400000| Untracked 
| 165|0x00000000ea500000, 0x00000000ea500000, 0x00000000ea600000|  0%| F|  |TAMS 0x00000000ea500000, 0x00000000ea500000| Untracked 
| 166|0x00000000ea600000, 0x00000000ea600000, 0x00000000ea700000|  0%| F|  |TAMS 0x00000000ea600000, 0x00000000ea600000| Untracked 
| 167|0x00000000ea700000, 0x00000000ea700000, 0x00000000ea800000|  0%| F|  |TAMS 0x00000000ea700000, 0x00000000ea700000| Untracked 
| 168|0x00000000ea800000, 0x00000000ea800000, 0x00000000ea900000|  0%| F|  |TAMS 0x00000000ea800000, 0x00000000ea800000| Untracked 
| 169|0x00000000ea900000, 0x00000000ea900000, 0x00000000eaa00000|  0%| F|  |TAMS 0x00000000ea900000, 0x00000000ea900000| Untracked 
| 170|0x00000000eaa00000, 0x00000000eaa00000, 0x00000000eab00000|  0%| F|  |TAMS 0x00000000eaa00000, 0x00000000eaa00000| Untracked 
| 171|0x00000000eab00000, 0x00000000eab00000, 0x00000000eac00000|  0%| F|  |TAMS 0x00000000eab00000, 0x00000000eab00000| Untracked 
| 172|0x00000000eac00000, 0x00000000eac00000, 0x00000000ead00000|  0%| F|  |TAMS 0x00000000eac00000, 0x00000000eac00000| Untracked 
| 173|0x00000000ead00000, 0x00000000ead00000, 0x00000000eae00000|  0%| F|  |TAMS 0x00000000ead00000, 0x00000000ead00000| Untracked 
| 174|0x00000000eae00000, 0x00000000eae00000, 0x00000000eaf00000|  0%| F|  |TAMS 0x00000000eae00000, 0x00000000eae00000| Untracked 
| 175|0x00000000eaf00000, 0x00000000eaf00000, 0x00000000eb000000|  0%| F|  |TAMS 0x00000000eaf00000, 0x00000000eaf00000| Untracked 
| 176|0x00000000eb000000, 0x00000000eb000000, 0x00000000eb100000|  0%| F|  |TAMS 0x00000000eb000000, 0x00000000eb000000| Untracked 
| 177|0x00000000eb100000, 0x00000000eb100000, 0x00000000eb200000|  0%| F|  |TAMS 0x00000000eb100000, 0x00000000eb100000| Untracked 
| 178|0x00000000eb200000, 0x00000000eb200000, 0x00000000eb300000|  0%| F|  |TAMS 0x00000000eb200000, 0x00000000eb200000| Untracked 
| 179|0x00000000eb300000, 0x00000000eb300000, 0x00000000eb400000|  0%| F|  |TAMS 0x00000000eb300000, 0x00000000eb300000| Untracked 
| 180|0x00000000eb400000, 0x00000000eb400000, 0x00000000eb500000|  0%| F|  |TAMS 0x00000000eb400000, 0x00000000eb400000| Untracked 
| 181|0x00000000eb500000, 0x00000000eb500000, 0x00000000eb600000|  0%| F|  |TAMS 0x00000000eb500000, 0x00000000eb500000| Untracked 
| 182|0x00000000eb600000, 0x00000000eb600000, 0x00000000eb700000|  0%| F|  |TAMS 0x00000000eb600000, 0x00000000eb600000| Untracked 
| 183|0x00000000eb700000, 0x00000000eb700000, 0x00000000eb800000|  0%| F|  |TAMS 0x00000000eb700000, 0x00000000eb700000| Untracked 
| 184|0x00000000eb800000, 0x00000000eb800000, 0x00000000eb900000|  0%| F|  |TAMS 0x00000000eb800000, 0x00000000eb800000| Untracked 
| 185|0x00000000eb900000, 0x00000000eb900000, 0x00000000eba00000|  0%| F|  |TAMS 0x00000000eb900000, 0x00000000eb900000| Untracked 
| 186|0x00000000eba00000, 0x00000000eba00000, 0x00000000ebb00000|  0%| F|  |TAMS 0x00000000eba00000, 0x00000000eba00000| Untracked 
| 187|0x00000000ebb00000, 0x00000000ebb00000, 0x00000000ebc00000|  0%| F|  |TAMS 0x00000000ebb00000, 0x00000000ebb00000| Untracked 
| 188|0x00000000ebc00000, 0x00000000ebc00000, 0x00000000ebd00000|  0%| F|  |TAMS 0x00000000ebc00000, 0x00000000ebc00000| Untracked 
| 189|0x00000000ebd00000, 0x00000000ebd00000, 0x00000000ebe00000|  0%| F|  |TAMS 0x00000000ebd00000, 0x00000000ebd00000| Untracked 
| 190|0x00000000ebe00000, 0x00000000ebe00000, 0x00000000ebf00000|  0%| F|  |TAMS 0x00000000ebe00000, 0x00000000ebe00000| Untracked 
| 191|0x00000000ebf00000, 0x00000000ebf00000, 0x00000000ec000000|  0%| F|  |TAMS 0x00000000ebf00000, 0x00000000ebf00000| Untracked 
| 192|0x00000000ec000000, 0x00000000ec000000, 0x00000000ec100000|  0%| F|  |TAMS 0x00000000ec000000, 0x00000000ec000000| Untracked 
| 193|0x00000000ec100000, 0x00000000ec100000, 0x00000000ec200000|  0%| F|  |TAMS 0x00000000ec100000, 0x00000000ec100000| Untracked 
| 194|0x00000000ec200000, 0x00000000ec200000, 0x00000000ec300000|  0%| F|  |TAMS 0x00000000ec200000, 0x00000000ec200000| Untracked 
| 195|0x00000000ec300000, 0x00000000ec300000, 0x00000000ec400000|  0%| F|  |TAMS 0x00000000ec300000, 0x00000000ec300000| Untracked 
| 196|0x00000000ec400000, 0x00000000ec400000, 0x00000000ec500000|  0%| F|  |TAMS 0x00000000ec400000, 0x00000000ec400000| Untracked 
| 197|0x00000000ec500000, 0x00000000ec500000, 0x00000000ec600000|  0%| F|  |TAMS 0x00000000ec500000, 0x00000000ec500000| Untracked 
| 198|0x00000000ec600000, 0x00000000ec600000, 0x00000000ec700000|  0%| F|  |TAMS 0x00000000ec600000, 0x00000000ec600000| Untracked 
| 199|0x00000000ec700000, 0x00000000ec700000, 0x00000000ec800000|  0%| F|  |TAMS 0x00000000ec700000, 0x00000000ec700000| Untracked 
| 200|0x00000000ec800000, 0x00000000ec800000, 0x00000000ec900000|  0%| F|  |TAMS 0x00000000ec800000, 0x00000000ec800000| Untracked 
| 201|0x00000000ec900000, 0x00000000ec900000, 0x00000000eca00000|  0%| F|  |TAMS 0x00000000ec900000, 0x00000000ec900000| Untracked 
| 202|0x00000000eca00000, 0x00000000eca00000, 0x00000000ecb00000|  0%| F|  |TAMS 0x00000000eca00000, 0x00000000eca00000| Untracked 
| 203|0x00000000ecb00000, 0x00000000ecb00000, 0x00000000ecc00000|  0%| F|  |TAMS 0x00000000ecb00000, 0x00000000ecb00000| Untracked 
| 204|0x00000000ecc00000, 0x00000000ecc00000, 0x00000000ecd00000|  0%| F|  |TAMS 0x00000000ecc00000, 0x00000000ecc00000| Untracked 
| 205|0x00000000ecd00000, 0x00000000ecd00000, 0x00000000ece00000|  0%| F|  |TAMS 0x00000000ecd00000, 0x00000000ecd00000| Untracked 
| 206|0x00000000ece00000, 0x00000000ece00000, 0x00000000ecf00000|  0%| F|  |TAMS 0x00000000ece00000, 0x00000000ece00000| Untracked 
| 207|0x00000000ecf00000, 0x00000000ecf00000, 0x00000000ed000000|  0%| F|  |TAMS 0x00000000ecf00000, 0x00000000ecf00000| Untracked 
| 208|0x00000000ed000000, 0x00000000ed000000, 0x00000000ed100000|  0%| F|  |TAMS 0x00000000ed000000, 0x00000000ed000000| Untracked 
| 209|0x00000000ed100000, 0x00000000ed100000, 0x00000000ed200000|  0%| F|  |TAMS 0x00000000ed100000, 0x00000000ed100000| Untracked 
| 210|0x00000000ed200000, 0x00000000ed200000, 0x00000000ed300000|  0%| F|  |TAMS 0x00000000ed200000, 0x00000000ed200000| Untracked 
| 211|0x00000000ed300000, 0x00000000ed300000, 0x00000000ed400000|  0%| F|  |TAMS 0x00000000ed300000, 0x00000000ed300000| Untracked 
| 212|0x00000000ed400000, 0x00000000ed400000, 0x00000000ed500000|  0%| F|  |TAMS 0x00000000ed400000, 0x00000000ed400000| Untracked 
| 213|0x00000000ed500000, 0x00000000ed500000, 0x00000000ed600000|  0%| F|  |TAMS 0x00000000ed500000, 0x00000000ed500000| Untracked 
| 214|0x00000000ed600000, 0x00000000ed600000, 0x00000000ed700000|  0%| F|  |TAMS 0x00000000ed600000, 0x00000000ed600000| Untracked 
| 215|0x00000000ed700000, 0x00000000ed700000, 0x00000000ed800000|  0%| F|  |TAMS 0x00000000ed700000, 0x00000000ed700000| Untracked 
| 216|0x00000000ed800000, 0x00000000ed800000, 0x00000000ed900000|  0%| F|  |TAMS 0x00000000ed800000, 0x00000000ed800000| Untracked 
| 217|0x00000000ed900000, 0x00000000ed900000, 0x00000000eda00000|  0%| F|  |TAMS 0x00000000ed900000, 0x00000000ed900000| Untracked 
| 218|0x00000000eda00000, 0x00000000eda00000, 0x00000000edb00000|  0%| F|  |TAMS 0x00000000eda00000, 0x00000000eda00000| Untracked 
| 219|0x00000000edb00000, 0x00000000edb00000, 0x00000000edc00000|  0%| F|  |TAMS 0x00000000edb00000, 0x00000000edb00000| Untracked 
| 220|0x00000000edc00000, 0x00000000edc00000, 0x00000000edd00000|  0%| F|  |TAMS 0x00000000edc00000, 0x00000000edc00000| Untracked 
| 221|0x00000000edd00000, 0x00000000edd00000, 0x00000000ede00000|  0%| F|  |TAMS 0x00000000edd00000, 0x00000000edd00000| Untracked 
| 222|0x00000000ede00000, 0x00000000ede00000, 0x00000000edf00000|  0%| F|  |TAMS 0x00000000ede00000, 0x00000000ede00000| Untracked 
| 223|0x00000000edf00000, 0x00000000edf00000, 0x00000000ee000000|  0%| F|  |TAMS 0x00000000edf00000, 0x00000000edf00000| Untracked 
| 224|0x00000000ee000000, 0x00000000ee000000, 0x00000000ee100000|  0%| F|  |TAMS 0x00000000ee000000, 0x00000000ee000000| Untracked 
| 225|0x00000000ee100000, 0x00000000ee100000, 0x00000000ee200000|  0%| F|  |TAMS 0x00000000ee100000, 0x00000000ee100000| Untracked 
| 226|0x00000000ee200000, 0x00000000ee200000, 0x00000000ee300000|  0%| F|  |TAMS 0x00000000ee200000, 0x00000000ee200000| Untracked 
| 227|0x00000000ee300000, 0x00000000ee300000, 0x00000000ee400000|  0%| F|  |TAMS 0x00000000ee300000, 0x00000000ee300000| Untracked 
| 228|0x00000000ee400000, 0x00000000ee400000, 0x00000000ee500000|  0%| F|  |TAMS 0x00000000ee400000, 0x00000000ee400000| Untracked 
| 229|0x00000000ee500000, 0x00000000ee500000, 0x00000000ee600000|  0%| F|  |TAMS 0x00000000ee500000, 0x00000000ee500000| Untracked 
| 230|0x00000000ee600000, 0x00000000ee600000, 0x00000000ee700000|  0%| F|  |TAMS 0x00000000ee600000, 0x00000000ee600000| Untracked 
| 231|0x00000000ee700000, 0x00000000ee700000, 0x00000000ee800000|  0%| F|  |TAMS 0x00000000ee700000, 0x00000000ee700000| Untracked 
| 232|0x00000000ee800000, 0x00000000ee880800, 0x00000000ee900000| 50%| E|  |TAMS 0x00000000ee800000, 0x00000000ee800000| Complete 
| 233|0x00000000ee900000, 0x00000000ee944da8, 0x00000000eea00000| 26%| S|CS|TAMS 0x00000000ee900000, 0x00000000ee900000| Complete 
| 234|0x00000000eea00000, 0x00000000eeb00000, 0x00000000eeb00000|100%| S|CS|TAMS 0x00000000eea00000, 0x00000000eea00000| Complete 
| 235|0x00000000eeb00000, 0x00000000eec00000, 0x00000000eec00000|100%| E|CS|TAMS 0x00000000eeb00000, 0x00000000eeb00000| Complete 
| 236|0x00000000eec00000, 0x00000000eed00000, 0x00000000eed00000|100%| E|CS|TAMS 0x00000000eec00000, 0x00000000eec00000| Complete 
| 237|0x00000000eed00000, 0x00000000eee00000, 0x00000000eee00000|100%| E|CS|TAMS 0x00000000eed00000, 0x00000000eed00000| Complete 
| 238|0x00000000eee00000, 0x00000000eef00000, 0x00000000eef00000|100%| E|CS|TAMS 0x00000000eee00000, 0x00000000eee00000| Complete 
| 239|0x00000000eef00000, 0x00000000ef000000, 0x00000000ef000000|100%| E|CS|TAMS 0x00000000eef00000, 0x00000000eef00000| Complete 
| 240|0x00000000ef000000, 0x00000000ef100000, 0x00000000ef100000|100%| E|CS|TAMS 0x00000000ef000000, 0x00000000ef000000| Complete 
| 241|0x00000000ef100000, 0x00000000ef200000, 0x00000000ef200000|100%| E|CS|TAMS 0x00000000ef100000, 0x00000000ef100000| Complete 
| 242|0x00000000ef200000, 0x00000000ef300000, 0x00000000ef300000|100%| E|CS|TAMS 0x00000000ef200000, 0x00000000ef200000| Complete 
| 243|0x00000000ef300000, 0x00000000ef400000, 0x00000000ef400000|100%| E|CS|TAMS 0x00000000ef300000, 0x00000000ef300000| Complete 
| 244|0x00000000ef400000, 0x00000000ef500000, 0x00000000ef500000|100%| E|CS|TAMS 0x00000000ef400000, 0x00000000ef400000| Complete 
| 245|0x00000000ef500000, 0x00000000ef600000, 0x00000000ef600000|100%| E|CS|TAMS 0x00000000ef500000, 0x00000000ef500000| Complete 
| 246|0x00000000ef600000, 0x00000000ef700000, 0x00000000ef700000|100%| E|CS|TAMS 0x00000000ef600000, 0x00000000ef600000| Complete 
| 247|0x00000000ef700000, 0x00000000ef800000, 0x00000000ef800000|100%| E|CS|TAMS 0x00000000ef700000, 0x00000000ef700000| Complete 
| 248|0x00000000ef800000, 0x00000000ef900000, 0x00000000ef900000|100%| E|CS|TAMS 0x00000000ef800000, 0x00000000ef800000| Complete 
| 249|0x00000000ef900000, 0x00000000efa00000, 0x00000000efa00000|100%| E|CS|TAMS 0x00000000ef900000, 0x00000000ef900000| Complete 
| 250|0x00000000efa00000, 0x00000000efb00000, 0x00000000efb00000|100%| E|CS|TAMS 0x00000000efa00000, 0x00000000efa00000| Complete 
| 251|0x00000000efb00000, 0x00000000efc00000, 0x00000000efc00000|100%| E|CS|TAMS 0x00000000efb00000, 0x00000000efb00000| Complete 
| 252|0x00000000efc00000, 0x00000000efd00000, 0x00000000efd00000|100%| E|CS|TAMS 0x00000000efc00000, 0x00000000efc00000| Complete 
| 253|0x00000000efd00000, 0x00000000efe00000, 0x00000000efe00000|100%| E|CS|TAMS 0x00000000efd00000, 0x00000000efd00000| Complete 
| 254|0x00000000efe00000, 0x00000000eff00000, 0x00000000eff00000|100%| E|CS|TAMS 0x00000000efe00000, 0x00000000efe00000| Complete 
| 255|0x00000000eff00000, 0x00000000f0000000, 0x00000000f0000000|100%| E|CS|TAMS 0x00000000eff00000, 0x00000000eff00000| Complete 

Card table byte_map: [0x000002277d560000,0x000002277d660000] _byte_map_base: 0x000002277ce60000

Marking Bits (Prev, Next): (CMBitMap*) 0x00000227657ad5c0, (CMBitMap*) 0x00000227657ad588
 Prev Bits: [0x000002277df60000, 0x000002277e760000)
 Next Bits: [0x000002277d760000, 0x000002277df60000)

Polling page: 0x0000022763790000

Metaspace:

Usage:
  Non-class:     21.26 MB capacity,    20.88 MB ( 98%) used,   343.48 KB (  2%) free+waste,    49.19 KB ( <1%) overhead. 
      Class:      3.14 MB capacity,     2.93 MB ( 93%) used,   185.61 KB (  6%) free+waste,    24.31 KB ( <1%) overhead. 
       Both:     24.40 MB capacity,    23.81 MB ( 98%) used,   529.09 KB (  2%) free+waste,    73.50 KB ( <1%) overhead. 

Virtual space:
  Non-class space:       22.00 MB reserved,      21.50 MB ( 98%) committed 
      Class space:      376.00 MB reserved,       3.17 MB ( <1%) committed 
             Both:      398.00 MB reserved,      24.67 MB (  6%) committed 

Chunk freelists:
   Non-Class:  49.00 KB
       Class:  20.00 KB
        Both:  69.00 KB

MaxMetaspaceSize: 384.00 MB
CompressedClassSpaceSize: 376.00 MB
Initial GC threshold: 20.80 MB
Current GC threshold: 35.08 MB
CDS: off

CodeHeap 'non-profiled nmethods': size=120000Kb used=1037Kb max_used=1037Kb free=118962Kb
 bounds [0x00000227759e0000, 0x0000022775c50000, 0x000002277cf10000]
CodeHeap 'profiled nmethods': size=120000Kb used=4596Kb max_used=4596Kb free=115404Kb
 bounds [0x000002276e4b0000, 0x000002276e930000, 0x00000227759e0000]
CodeHeap 'non-nmethods': size=5760Kb used=1235Kb max_used=1267Kb free=4524Kb
 bounds [0x000002276df10000, 0x000002276e180000, 0x000002276e4b0000]
 total_blobs=2709 nmethods=2195 adapters=426
 compilation: enabled
              stopped_count=0, restarted_count=0
 full_count=0

Compilation events (20 events):
Event: 5.716 Thread 0x000002277fc6a800 2200       3       org.gradle.internal.service.DefaultServiceRegistry$OwnServices::getProviders (26 bytes)
Event: 5.716 Thread 0x000002277fc6a800 nmethod 2200 0x000002276e920b10 code [0x000002276e920ce0, 0x000002276e921048]
Event: 5.717 Thread 0x000002277fc6a800 2201       3       sun.reflect.annotation.AnnotationInvocationHandler::invoke (178 bytes)
Event: 5.718 Thread 0x000002277fc6a800 nmethod 2201 0x000002276e921190 code [0x000002276e9214a0, 0x000002276e922508]
Event: 5.720 Thread 0x000002277fc6a800 2202       3       org.gradle.internal.service.DefaultServiceRegistry::find (142 bytes)
Event: 5.721 Thread 0x000002277fc6a800 nmethod 2202 0x000002276e922a90 code [0x000002276e922e40, 0x000002276e9247a8]
Event: 5.721 Thread 0x000002277fc6a800 2208       3       java.util.regex.Matcher::matches (10 bytes)
Event: 5.721 Thread 0x000002277fc6a800 nmethod 2208 0x000002276e924e90 code [0x000002276e925040, 0x000002276e925188]
Event: 5.721 Thread 0x000002277fc6a800 2209       3       org.gradle.util.internal.DefaultGradleVersion::compareTo (294 bytes)
Event: 5.723 Thread 0x000002277fc6a800 nmethod 2209 0x000002276e925210 code [0x000002276e9255c0, 0x000002276e926da8]
Event: 5.723 Thread 0x000002277fc6a800 2206       3       org.gradle.internal.service.DefaultServiceRegistry$CompositeServiceProvider::getService (49 bytes)
Event: 5.723 Thread 0x000002277fc6a800 nmethod 2206 0x000002276e927610 code [0x000002276e9277e0, 0x000002276e927ae8]
Event: 5.723 Thread 0x000002277fc6a800 2207       3       java.lang.String::subSequence (7 bytes)
Event: 5.723 Thread 0x000002277fc6a800 nmethod 2207 0x000002276e927c10 code [0x000002276e927dc0, 0x000002276e927ee8]
Event: 5.723 Thread 0x000002277fc6a800 2205       3       org.gradle.internal.service.DefaultServiceRegistry$OwnServices::getService (309 bytes)
Event: 5.725 Thread 0x000002277fc6a800 nmethod 2205 0x000002276e927f90 code [0x000002276e928500, 0x000002276e92b488]
Event: 5.725 Thread 0x000002277fc6a800 2203       3       org.gradle.internal.service.DefaultServiceRegistry$SingletonService::getService (18 bytes)
Event: 5.726 Thread 0x000002277fc6a800 nmethod 2203 0x000002276e92c310 code [0x000002276e92c4e0, 0x000002276e92c6f8]
Event: 5.726 Thread 0x000002277fc6a800 2204       3       org.gradle.internal.service.DefaultServiceRegistry::access$1300 (6 bytes)
Event: 5.726 Thread 0x000002277fc6a800 nmethod 2204 0x000002276e92c810 code [0x000002276e92c9c0, 0x000002276e92cac8]

GC Heap History (6 events):
Event: 1.146 GC heap before
{Heap before GC invocations=0 (full 0):
 garbage-first heap   total 262144K, used 27648K [0x00000000e0000000, 0x0000000100000000)
  region size 1024K, 24 young (24576K), 0 survivors (0K)
 Metaspace       used 10159K, capacity 10388K, committed 10624K, reserved 395264K
  class space    used 1006K, capacity 1080K, committed 1152K, reserved 385024K
}
Event: 1.156 GC heap after
{Heap after GC invocations=1 (full 0):
 garbage-first heap   total 262144K, used 10700K [0x00000000e0000000, 0x0000000100000000)
  region size 1024K, 3 young (3072K), 3 survivors (3072K)
 Metaspace       used 10159K, capacity 10388K, committed 10624K, reserved 395264K
  class space    used 1006K, capacity 1080K, committed 1152K, reserved 385024K
}
Event: 3.718 GC heap before
{Heap before GC invocations=1 (full 0):
 garbage-first heap   total 262144K, used 103884K [0x00000000e0000000, 0x0000000100000000)
  region size 1024K, 94 young (96256K), 3 survivors (3072K)
 Metaspace       used 20758K, capacity 21205K, committed 21296K, reserved 405504K
  class space    used 2412K, capacity 2562K, committed 2608K, reserved 385024K
}
Event: 3.730 GC heap after
{Heap after GC invocations=2 (full 0):
 garbage-first heap   total 262144K, used 18482K [0x00000000e0000000, 0x0000000100000000)
  region size 1024K, 11 young (11264K), 11 survivors (11264K)
 Metaspace       used 20758K, capacity 21205K, committed 21296K, reserved 405504K
  class space    used 2412K, capacity 2562K, committed 2608K, reserved 385024K
}
Event: 5.424 GC heap before
{Heap before GC invocations=3 (full 0):
 garbage-first heap   total 262144K, used 39986K [0x00000000e0000000, 0x0000000100000000)
  region size 1024K, 32 young (32768K), 11 survivors (11264K)
 Metaspace       used 23060K, capacity 23647K, committed 23856K, reserved 407552K
  class space    used 2760K, capacity 2981K, committed 3120K, reserved 385024K
}
Event: 5.431 GC heap after
{Heap after GC invocations=4 (full 0):
 garbage-first heap   total 262144K, used 19794K [0x00000000e0000000, 0x0000000100000000)
  region size 1024K, 2 young (2048K), 2 survivors (2048K)
 Metaspace       used 23060K, capacity 23647K, committed 23856K, reserved 407552K
  class space    used 2760K, capacity 2981K, committed 3120K, reserved 385024K
}

Deoptimization events (20 events):
Event: 5.381 Thread 0x0000022703e84800 Uncommon trap: trap_request=0xffffff4d fr.pc=0x0000022775a04b60 relative=0x0000000000000a40
Event: 5.381 Thread 0x0000022703e84800 Uncommon trap: reason=unstable_if action=reinterpret pc=0x0000022775a04b60 method=java.io.WinNTFileSystem.resolve(Ljava/lang/String;Ljava/lang/String;)Ljava/lang/String; @ 19 c2
Event: 5.381 Thread 0x0000022703e84800 DEOPT PACKING pc=0x0000022775a04b60 sp=0x00000041a26fd0c0
Event: 5.381 Thread 0x0000022703e84800 DEOPT UNPACKING pc=0x000002276df5a1af sp=0x00000041a26fd058 mode 2
Event: 5.383 Thread 0x0000022703e84800 Uncommon trap: trap_request=0xffffffc6 fr.pc=0x0000022775a5eb24 relative=0x0000000000000084
Event: 5.383 Thread 0x0000022703e84800 Uncommon trap: reason=bimorphic_or_optimized_type_check action=maybe_recompile pc=0x0000022775a5eb24 method=java.util.AbstractList$Itr.hasNext()Z @ 8 c2
Event: 5.383 Thread 0x0000022703e84800 DEOPT PACKING pc=0x0000022775a5eb24 sp=0x00000041a26fc520
Event: 5.383 Thread 0x0000022703e84800 DEOPT UNPACKING pc=0x000002276df5a1af sp=0x00000041a26fc4b8 mode 2
Event: 5.383 Thread 0x0000022703e84800 Uncommon trap: trap_request=0xffffffc6 fr.pc=0x0000022775a5eed4 relative=0x0000000000000114
Event: 5.383 Thread 0x0000022703e84800 Uncommon trap: reason=bimorphic_or_optimized_type_check action=maybe_recompile pc=0x0000022775a5eed4 method=java.util.AbstractList$Itr.next()Ljava/lang/Object; @ 14 c2
Event: 5.383 Thread 0x0000022703e84800 DEOPT PACKING pc=0x0000022775a5eed4 sp=0x00000041a26fc510
Event: 5.383 Thread 0x0000022703e84800 DEOPT UNPACKING pc=0x000002276df5a1af sp=0x00000041a26fc4a8 mode 2
Event: 5.384 Thread 0x0000022703e84800 Uncommon trap: trap_request=0xffffff4d fr.pc=0x0000022775a5b68c relative=0x00000000000005cc
Event: 5.384 Thread 0x0000022703e84800 Uncommon trap: reason=unstable_if action=reinterpret pc=0x0000022775a5b68c method=java.io.File.getName()Ljava/lang/String; @ 16 c2
Event: 5.384 Thread 0x0000022703e84800 DEOPT PACKING pc=0x0000022775a5b68c sp=0x00000041a26fd050
Event: 5.384 Thread 0x0000022703e84800 DEOPT UNPACKING pc=0x000002276df5a1af sp=0x00000041a26fd020 mode 2
Event: 5.384 Thread 0x0000022703e84800 Uncommon trap: trap_request=0xffffff4d fr.pc=0x0000022775a5acac relative=0x00000000000004ec
Event: 5.384 Thread 0x0000022703e84800 Uncommon trap: reason=unstable_if action=reinterpret pc=0x0000022775a5acac method=java.lang.String.substring(I)Ljava/lang/String; @ 34 c2
Event: 5.384 Thread 0x0000022703e84800 DEOPT PACKING pc=0x0000022775a5acac sp=0x00000041a26fcfd0
Event: 5.384 Thread 0x0000022703e84800 DEOPT UNPACKING pc=0x000002276df5a1af sp=0x00000041a26fcfa8 mode 2

Classes redefined (0 events):
No events

Internal exceptions (20 events):
Event: 2.271 Thread 0x0000022765784000 Exception <a 'java/lang/NoSuchMethodError'{0x00000000eba26250}: 'java.lang.Object java.lang.invoke.DirectMethodHandle$Holder.invokeStaticInit(java.lang.Object, int, int, int, int)'> (0x00000000eba26250) thrown at [s\src\hotspot\share\interpreter\linkResolver.cpp, line 773]
Event: 2.692 Thread 0x0000022765784000 Exception <a 'java/lang/NoSuchMethodError'{0x00000000eba80260}: 'java.lang.Object java.lang.invoke.DirectMethodHandle$Holder.invokeStaticInit(java.lang.Object, java.lang.Object, int, int, int, int)'> (0x00000000eba80260) thrown at [s\src\hotspot\share\interpreter\linkResolver.cpp, line 773]
Event: 3.139 Thread 0x0000022765784000 Exception <a 'java/lang/NoSuchMethodError'{0x00000000eb7d2858}: 'void java.lang.invoke.DirectMethodHandle$Holder.invokeSpecial(java.lang.Object, java.lang.Object)'> (0x00000000eb7d2858) thrown at [s\src\hotspot\share\interpreter\linkResolver.cpp, line 773]
Event: 3.146 Thread 0x0000022765784000 Exception <a 'java/io/IOException'{0x00000000eb7ef548}> (0x00000000eb7ef548) thrown at [s\src\hotspot\share\prims\jni.cpp, line 617]
Event: 3.487 Thread 0x0000022703e84800 Exception <a 'java/lang/NoSuchMethodError'{0x00000000eaf8e8e0}: 'long java.lang.invoke.DirectMethodHandle$Holder.invokeInterface(java.lang.Object, java.lang.Object)'> (0x00000000eaf8e8e0) thrown at [s\src\hotspot\share\interpreter\linkResolver.cpp, line 773]
Event: 3.495 Thread 0x0000022703e84800 Exception <a 'java/lang/NoSuchMethodError'{0x00000000eafdea48}: 'java.lang.Object java.lang.invoke.DirectMethodHandle$Holder.invokeVirtual(java.lang.Object, java.lang.Object, java.lang.Object)'> (0x00000000eafdea48) thrown at [s\src\hotspot\share\interpreter\linkResolver.cpp, line 773]
Event: 3.684 Thread 0x0000022703e84800 Exception <a 'java/lang/NoSuchMethodError'{0x00000000ea34c580}: 'java.lang.Object java.lang.invoke.Invokers$Holder.linkToTargetMethod(java.lang.Object, java.lang.Object, java.lang.Object, java.lang.Object, java.lang.Object, java.lang.Object)'> (0x00000000ea34c580) thrown at [s\src\hotspot\share\interpreter\linkResolver.cpp, line 773]
Event: 3.690 Thread 0x0000022703e84800 Exception <a 'java/lang/NoSuchMethodError'{0x00000000ea38ff60}: 'void java.lang.invoke.DirectMethodHandle$Holder.invokeStaticInit(java.lang.Object, java.lang.Object)'> (0x00000000ea38ff60) thrown at [s\src\hotspot\share\interpreter\linkResolver.cpp, line 773]
Event: 3.695 Thread 0x0000022703e84800 Exception <a 'java/lang/NoSuchMethodError'{0x00000000ea3c3c30}: 'java.lang.Object java.lang.invoke.DirectMethodHandle$Holder.invokeSpecial(java.lang.Object, java.lang.Object, java.lang.Object, java.lang.Object, java.lang.Object, java.lang.Object, java.lang.Object, java.lang.Object, int, int)'> (0x00000000ea3c3c30) thrown at [s\src\hotspot\share\interpreter\linkResolver.cpp, line 773]
Event: 3.743 Thread 0x0000022703e84800 Exception <a 'java/lang/NoSuchMethodError'{0x00000000eff31a80}: 'void java.lang.invoke.DirectMethodHandle$Holder.invokeSpecial(java.lang.Object, java.lang.Object, java.lang.Object, java.lang.Object, java.lang.Object, java.lang.Object)'> (0x00000000eff31a80) thrown at [s\src\hotspot\share\interpreter\linkResolver.cpp, line 773]
Event: 3.752 Thread 0x0000022703e84800 Exception <a 'java/lang/NoSuchMethodError'{0x00000000effa00f8}: 'java.lang.Object java.lang.invoke.DirectMethodHandle$Holder.invokeStatic(java.lang.Object, java.lang.Object, java.lang.Object, int, java.lang.Object, java.lang.Object)'> (0x00000000effa00f8) thrown at [s\src\hotspot\share\interpreter\linkResolver.cpp, line 773]
Event: 3.753 Thread 0x0000022703e84800 Exception <a 'java/lang/NoSuchMethodError'{0x00000000effa7560}: 'java.lang.Object java.lang.invoke.Invokers$Holder.linkToTargetMethod(java.lang.Object, java.lang.Object, int, java.lang.Object, java.lang.Object, java.lang.Object)'> (0x00000000effa7560) thrown at [s\src\hotspot\share\interpreter\linkResolver.cpp, line 773]
Event: 3.829 Thread 0x0000022703e84800 Exception <a 'java/lang/NoSuchMethodError'{0x00000000efc5dcb0}: 'void java.lang.invoke.DelegatingMethodHandle$Holder.reinvoke_L(java.lang.Object, java.lang.Object, java.lang.Object, java.lang.Object, java.lang.Object, java.lang.Object, java.lang.Object, java.lang.Object, java.lang.Object, java.lang.Object)'> (0x00000000efc5dcb0) thrown at [s\src\hotspot\share\interpreter\linkResolver.cpp, line 773]
Event: 3.831 Thread 0x0000022703e84800 Exception <a 'java/lang/NoSuchMethodError'{0x00000000efc65bb0}: 'java.lang.Object java.lang.invoke.DirectMethodHandle$Holder.invokeSpecial(java.lang.Object, java.lang.Object, java.lang.Object, java.lang.Object, java.lang.Object, java.lang.Object, java.lang.Object, java.lang.Object, java.lang.Object, java.lang.Object)'> (0x00000000efc65bb0) thrown at [s\src\hotspot\share\interpreter\linkResolver.cpp, line 773]
Event: 3.831 Thread 0x0000022703e84800 Exception <a 'java/lang/NoSuchMethodError'{0x00000000efc6a088}: 'java.lang.Object java.lang.invoke.Invokers$Holder.invoker(java.lang.Object, java.lang.Object, java.lang.Object, java.lang.Object, java.lang.Object, java.lang.Object, java.lang.Object, java.lang.Object, java.lang.Object, java.lang.Object)'> (0x00000000efc6a088) thrown at [s\src\hotspot\share\interpreter\linkResolver.cpp, line 773]
Event: 3.832 Thread 0x0000022703e84800 Exception <a 'java/lang/NoSuchMethodError'{0x00000000efc6ef28}: 'java.lang.Object java.lang.invoke.DirectMethodHandle$Holder.invokeSpecial(java.lang.Object, java.lang.Object, java.lang.Object, java.lang.Object, java.lang.Object, java.lang.Object, java.lang.Object, java.lang.Object, java.lang.Object, java.lang.Object, java.lang.Object)'> (0x00000000efc6ef28) thrown at [s\src\hotspot\share\interpreter\linkResolver.cpp, line 773]
Event: 4.027 Thread 0x0000022703e84800 Exception <a 'java/lang/NoSuchMethodError'{0x00000000ef2e7fe8}: 'void java.lang.invoke.DirectMethodHandle$Holder.invokeStaticInit(java.lang.Object)'> (0x00000000ef2e7fe8) thrown at [s\src\hotspot\share\interpreter\linkResolver.cpp, line 773]
Event: 4.045 Thread 0x0000022703e84800 Exception <a 'java/lang/NoSuchMethodError'{0x00000000ef1bf628}: 'java.lang.Object java.lang.invoke.DirectMethodHandle$Holder.invokeStatic(java.lang.Object, java.lang.Object, java.lang.Object, int)'> (0x00000000ef1bf628) thrown at [s\src\hotspot\share\interpreter\linkResolver.cpp, line 773]
Event: 4.046 Thread 0x0000022703e84800 Exception <a 'java/lang/NoSuchMethodError'{0x00000000ef1c37f0}: 'java.lang.Object java.lang.invoke.DirectMethodHandle$Holder.invokeSpecial(java.lang.Object, java.lang.Object, java.lang.Object, java.lang.Object, int)'> (0x00000000ef1c37f0) thrown at [s\src\hotspot\share\interpreter\linkResolver.cpp, line 773]
Event: 4.046 Thread 0x0000022703e84800 Exception <a 'java/lang/NoSuchMethodError'{0x00000000ef1c71d8}: 'java.lang.Object java.lang.invoke.Invokers$Holder.linkToTargetMethod(java.lang.Object, java.lang.Object, int, java.lang.Object)'> (0x00000000ef1c71d8) thrown at [s\src\hotspot\share\interpreter\linkResolver.cpp, line 773]

Events (20 events):
Event: 5.716 loading class org/gradle/internal/buildoption/FeatureFlagListener done
Event: 5.717 loading class org/gradle/internal/buildoption/FeatureFlag
Event: 5.717 loading class org/gradle/internal/buildoption/FeatureFlag done
Event: 5.718 loading class org/gradle/initialization/BuildOptionBuildOperationProgressEventsEmitter$1
Event: 5.718 loading class org/gradle/initialization/BuildOptionBuildOperationProgressEventsEmitter$1 done
Event: 5.719 loading class org/gradle/internal/configurationcache/options/ConfigurationCacheSettingsFinalizedProgressDetails
Event: 5.719 loading class org/gradle/internal/configurationcache/options/ConfigurationCacheSettingsFinalizedProgressDetails done
Event: 5.719 loading class org/gradle/internal/operations/OperationProgressEvent
Event: 5.719 loading class org/gradle/internal/operations/OperationProgressEvent done
Event: 5.719 loading class org/gradle/internal/operations/notify/BuildOperationNotificationBridge$Progress
Event: 5.719 loading class org/gradle/internal/operations/notify/BuildOperationNotificationBridge$Progress done
Event: 5.720 loading class org/gradle/initialization/BuildOptionBuildOperationProgressEventsEmitter$2
Event: 5.720 loading class org/gradle/initialization/BuildOptionBuildOperationProgressEventsEmitter$2 done
Event: 5.720 loading class org/gradle/operations/configuration/IsolatedProjectsSettingsFinalizedProgressDetails
Event: 5.720 loading class org/gradle/operations/configuration/IsolatedProjectsSettingsFinalizedProgressDetails done
Event: 5.721 loading class org/gradle/api/internal/changedetection/state/CrossBuildFileHashCache$Kind
Event: 5.721 loading class org/gradle/api/internal/changedetection/state/CrossBuildFileHashCache$Kind done
Event: 5.723 loading class org/gradle/internal/hash/HashCode
Event: 5.723 loading class org/gradle/internal/hash/HashCode done
Event: 5.724 Thread 0x000002270403d000 Thread added: 0x000002270403d000


Dynamic libraries:
0x00007ff6a07d0000 - 0x00007ff6a07de000 	C:\Users\Gustavo\.jdks\corretto-11.0.22\bin\java.exe
0x00007fff8cbb0000 - 0x00007fff8cdc7000 	C:\WINDOWS\SYSTEM32\ntdll.dll
0x00007fff8bd70000 - 0x00007fff8be34000 	C:\WINDOWS\System32\KERNEL32.DLL
0x00007fff89fa0000 - 0x00007fff8a347000 	C:\WINDOWS\System32\KERNELBASE.dll
0x00007fff8a7c0000 - 0x00007fff8a8d1000 	C:\WINDOWS\System32\ucrtbase.dll
0x00007fff4c5d0000 - 0x00007fff4c5e7000 	C:\Users\Gustavo\.jdks\corretto-11.0.22\bin\jli.dll
0x00007fff4e380000 - 0x00007fff4e39b000 	C:\Users\Gustavo\.jdks\corretto-11.0.22\bin\VCRUNTIME140.dll
0x00007fff8bbc0000 - 0x00007fff8bd6e000 	C:\WINDOWS\System32\USER32.dll
0x00007fff89ed0000 - 0x00007fff89ef6000 	C:\WINDOWS\System32\win32u.dll
0x00007fff8c5f0000 - 0x00007fff8c619000 	C:\WINDOWS\System32\GDI32.dll
0x00007fff8a620000 - 0x00007fff8a739000 	C:\WINDOWS\System32\gdi32full.dll
0x00007fff8a4c0000 - 0x00007fff8a55a000 	C:\WINDOWS\System32\msvcp_win.dll
0x00007fff6fc40000 - 0x00007fff6fed3000 	C:\WINDOWS\WinSxS\amd64_microsoft.windows.common-controls_6595b64144ccf1df_6.0.22621.3527_none_270e469b73872a76\COMCTL32.dll
0x00007fff8b5b0000 - 0x00007fff8b657000 	C:\WINDOWS\System32\msvcrt.dll
0x00007fff8c950000 - 0x00007fff8c981000 	C:\WINDOWS\System32\IMM32.DLL
0x00007fff53020000 - 0x00007fff5302c000 	C:\Users\Gustavo\.jdks\corretto-11.0.22\bin\vcruntime140_1.dll
0x00007fff09f60000 - 0x00007fff09fed000 	C:\Users\Gustavo\.jdks\corretto-11.0.22\bin\msvcp140.dll
0x00007ffeea630000 - 0x00007ffeeb1f3000 	C:\Users\Gustavo\.jdks\corretto-11.0.22\bin\server\jvm.dll
0x00007fff8c3d0000 - 0x00007fff8c482000 	C:\WINDOWS\System32\ADVAPI32.dll
0x00007fff8c0e0000 - 0x00007fff8c188000 	C:\WINDOWS\System32\sechost.dll
0x00007fff89f00000 - 0x00007fff89f28000 	C:\WINDOWS\System32\bcrypt.dll
0x00007fff8c190000 - 0x00007fff8c2a5000 	C:\WINDOWS\System32\RPCRT4.dll
0x00007fff8a990000 - 0x00007fff8a998000 	C:\WINDOWS\System32\PSAPI.DLL
0x00007fff81d20000 - 0x00007fff81d54000 	C:\WINDOWS\SYSTEM32\WINMM.dll
0x00007fff85030000 - 0x00007fff85039000 	C:\WINDOWS\SYSTEM32\WSOCK32.dll
0x00007fff7ee10000 - 0x00007fff7ee1a000 	C:\WINDOWS\SYSTEM32\VERSION.dll
0x00007fff8bae0000 - 0x00007fff8bb51000 	C:\WINDOWS\System32\WS2_32.dll
0x00007fff88ed0000 - 0x00007fff88ee8000 	C:\WINDOWS\SYSTEM32\kernel.appcore.dll
0x00007fff52e30000 - 0x00007fff52e40000 	C:\Users\Gustavo\.jdks\corretto-11.0.22\bin\verify.dll
0x00007fff87870000 - 0x00007fff87aa3000 	C:\WINDOWS\SYSTEM32\DBGHELP.DLL
0x00007fff8b200000 - 0x00007fff8b588000 	C:\WINDOWS\System32\combase.dll
0x00007fff8c000000 - 0x00007fff8c0d7000 	C:\WINDOWS\System32\OLEAUT32.dll
0x00007fff766d0000 - 0x00007fff76702000 	C:\WINDOWS\SYSTEM32\dbgcore.DLL
0x00007fff8a740000 - 0x00007fff8a7b9000 	C:\WINDOWS\System32\bcryptPrimitives.dll
0x00007fff48ea0000 - 0x00007fff48ec8000 	C:\Users\Gustavo\.jdks\corretto-11.0.22\bin\java.dll
0x00007fff52a30000 - 0x00007fff52a3a000 	C:\Users\Gustavo\.jdks\corretto-11.0.22\bin\jimage.dll
0x00007fff51be0000 - 0x00007fff51bee000 	C:\Users\Gustavo\.jdks\corretto-11.0.22\bin\instrument.dll
0x00007fff48e80000 - 0x00007fff48e98000 	C:\Users\Gustavo\.jdks\corretto-11.0.22\bin\zip.dll
0x00007fff8a9a0000 - 0x00007fff8b1fc000 	C:\WINDOWS\System32\SHELL32.dll
0x00007fff87dc0000 - 0x00007fff886b6000 	C:\WINDOWS\SYSTEM32\windows.storage.dll
0x00007fff87c80000 - 0x00007fff87dbe000 	C:\WINDOWS\SYSTEM32\wintypes.dll
0x00007fff8c850000 - 0x00007fff8c945000 	C:\WINDOWS\System32\SHCORE.dll
0x00007fff8bb60000 - 0x00007fff8bbbe000 	C:\WINDOWS\System32\shlwapi.dll
0x00007fff89e00000 - 0x00007fff89e21000 	C:\WINDOWS\SYSTEM32\profapi.dll
0x00007fff12d80000 - 0x00007fff12d99000 	C:\Users\Gustavo\.jdks\corretto-11.0.22\bin\net.dll
0x00007fff82c60000 - 0x00007fff82d96000 	C:\WINDOWS\SYSTEM32\WINHTTP.dll
0x00007fff89360000 - 0x00007fff893c9000 	C:\WINDOWS\system32\mswsock.dll
0x00007fff12d60000 - 0x00007fff12d72000 	C:\Users\Gustavo\.jdks\corretto-11.0.22\bin\nio.dll
0x00007fff6e770000 - 0x00007fff6e797000 	C:\Users\Gustavo\.gradle\native\c067742578af261105cb4f569cf0c3c89f3d7b1fecec35dd04571415982c5e48\windows-amd64\native-platform.dll
0x00007fff04840000 - 0x00007fff04984000 	C:\Users\Gustavo\.gradle\native\38dada09dfb8b06ba9b0570ebf7e218e3eb74d4ef43ca46872605cf95ebc2f47\windows-amd64\native-platform-file-events.dll
0x00007fff516c0000 - 0x00007fff516c9000 	C:\Users\Gustavo\.jdks\corretto-11.0.22\bin\management.dll
0x00007fff4feb0000 - 0x00007fff4febb000 	C:\Users\Gustavo\.jdks\corretto-11.0.22\bin\management_ext.dll
0x00007fff895c0000 - 0x00007fff895db000 	C:\WINDOWS\SYSTEM32\CRYPTSP.dll
0x00007fff88e30000 - 0x00007fff88e65000 	C:\WINDOWS\system32\rsaenh.dll
0x00007fff89460000 - 0x00007fff89488000 	C:\WINDOWS\SYSTEM32\USERENV.dll
0x00007fff895e0000 - 0x00007fff895ec000 	C:\WINDOWS\SYSTEM32\CRYPTBASE.dll
0x00007fff88960000 - 0x00007fff8898d000 	C:\WINDOWS\SYSTEM32\IPHLPAPI.DLL
0x00007fff8bff0000 - 0x00007fff8bff9000 	C:\WINDOWS\System32\NSI.dll
0x00007fff828d0000 - 0x00007fff828e9000 	C:\WINDOWS\SYSTEM32\dhcpcsvc6.DLL
0x00007fff828b0000 - 0x00007fff828cf000 	C:\WINDOWS\SYSTEM32\dhcpcsvc.DLL
0x00007fff88990000 - 0x00007fff88a89000 	C:\WINDOWS\SYSTEM32\DNSAPI.dll

dbghelp: loaded successfully - version: 4.0.5 - missing functions: none
symbol engine: initialized successfully - sym options: 0x614 - pdb path: .;C:\Users\Gustavo\.jdks\corretto-11.0.22\bin;C:\WINDOWS\SYSTEM32;C:\WINDOWS\WinSxS\amd64_microsoft.windows.common-controls_6595b64144ccf1df_6.0.22621.3527_none_270e469b73872a76;C:\Users\Gustavo\.jdks\corretto-11.0.22\bin\server;C:\Users\Gustavo\.gradle\native\c067742578af261105cb4f569cf0c3c89f3d7b1fecec35dd04571415982c5e48\windows-amd64;C:\Users\Gustavo\.gradle\native\38dada09dfb8b06ba9b0570ebf7e218e3eb74d4ef43ca46872605cf95ebc2f47\windows-amd64

VM Arguments:
jvm_args: --add-opens=java.base/java.util=ALL-UNNAMED --add-opens=java.base/java.lang=ALL-UNNAMED --add-opens=java.base/java.lang.invoke=ALL-UNNAMED --add-opens=java.prefs/java.util.prefs=ALL-UNNAMED --add-opens=java.base/java.nio.charset=ALL-UNNAMED --add-opens=java.base/java.net=ALL-UNNAMED --add-opens=java.base/java.util.concurrent.atomic=ALL-UNNAMED -XX:MaxMetaspaceSize=384m -XX:+HeapDumpOnOutOfMemoryError -Xms256m -Xmx512m -Dfile.encoding=windows-1252 -Duser.country=BR -Duser.language=pt -Duser.variant -javaagent:C:\Users\Gustavo\.gradle\wrapper\dists\gradle-8.4-bin\1w5dpkrfk8irigvoxmyhowfim\gradle-8.4\lib\agents\gradle-instrumentation-agent-8.4.jar 
java_command: org.gradle.launcher.daemon.bootstrap.GradleDaemon 8.4
java_class_path (initial): C:\Users\Gustavo\.gradle\wrapper\dists\gradle-8.4-bin\1w5dpkrfk8irigvoxmyhowfim\gradle-8.4\lib\gradle-launcher-8.4.jar
Launcher Type: SUN_STANDARD

[Global flags]
     intx CICompilerCount                          = 4                                         {product} {ergonomic}
   size_t CompressedClassSpaceSize                 = 394264576                                 {product} {ergonomic}
     uint ConcGCThreads                            = 3                                         {product} {ergonomic}
     uint G1ConcRefinementThreads                  = 10                                        {product} {ergonomic}
   size_t G1HeapRegionSize                         = 1048576                                   {product} {ergonomic}
    uintx GCDrainStackTargetSize                   = 64                                        {product} {ergonomic}
     bool HeapDumpOnOutOfMemoryError               = true                                   {manageable} {command line}
   size_t InitialHeapSize                          = 268435456                                 {product} {command line}
   size_t MarkStackSize                            = 4194304                                   {product} {ergonomic}
   size_t MaxHeapSize                              = 536870912                                 {product} {command line}
   size_t MaxMetaspaceSize                         = 402653184                                 {product} {command line}
   size_t MaxNewSize                               = 321912832                                 {product} {ergonomic}
   size_t MinHeapDeltaBytes                        = 1048576                                   {product} {ergonomic}
    uintx NonNMethodCodeHeapSize                   = 5836300                                {pd product} {ergonomic}
    uintx NonProfiledCodeHeapSize                  = 122910970                              {pd product} {ergonomic}
    uintx ProfiledCodeHeapSize                     = 122910970                              {pd product} {ergonomic}
    uintx ReservedCodeCacheSize                    = 251658240                              {pd product} {ergonomic}
     bool SegmentedCodeCache                       = true                                      {product} {ergonomic}
     bool UseCompressedClassPointers               = true                                 {lp64_product} {ergonomic}
     bool UseCompressedOops                        = true                                 {lp64_product} {ergonomic}
     bool UseG1GC                                  = true                                      {product} {ergonomic}
     bool UseLargePagesIndividualAllocation        = false                                  {pd product} {ergonomic}

Logging:
Log output configuration:
 #0: stdout all=warning uptime,level,tags
 #1: stderr all=off uptime,level,tags

Environment Variables:
PATH=C:\Program Files\Common Files\Oracle\Java\javapath;C:\WINDOWS\system32;C:\WINDOWS;C:\WINDOWS\System32\Wbem;C:\WINDOWS\System32\WindowsPowerShell\v1.0\;C:\WINDOWS\System32\OpenSSH\;C:\Program Files\Git\cmd;C:\Users\Gustavo\AppData\Local\Microsoft\WindowsApps;C:\Users\Gustavo\AppData\Local\Programs\Microsoft VS Code\bin;C:\Users\Gustavo\AppData\Local\GitHubDesktop\bin;
USERNAME=Gustavo
OS=Windows_NT
PROCESSOR_IDENTIFIER=AMD64 Family 23 Model 104 Stepping 1, AuthenticAMD
TMP=C:\Users\Gustavo\AppData\Local\Temp
TEMP=C:\Users\Gustavo\AppData\Local\Temp



---------------  S Y S T E M  ---------------

OS: Windows 11 , 64 bit Build 22621 (10.0.22621.3527)
OS uptime: 3 days 16:19 hours
Hyper-V role detected

CPU:total 12 (initial active 12) (12 cores per cpu, 2 threads per core) family 23 model 104 stepping 1 microcode 0x0, cmov, cx8, fxsr, mmx, sse, sse2, sse3, ssse3, sse4.1, sse4.2, popcnt, avx, avx2, aes, clmul, mmxext, 3dnowpref, lzcnt, sse4a, ht, tsc, tscinvbit, tscinv, bmi1, bmi2, adx, sha, fma

Memory: 4k page, system-wide physical 6005M (327M free)
TotalPageFile size 24437M (AvailPageFile size 0M)
current process WorkingSet (physical memory assigned to process): 223M, peak: 223M
current process commit charge ("private bytes"): 407M, peak: 408M

vm_info: OpenJDK 64-Bit Server VM (11.0.22+7-LTS) for windows-amd64 JRE (11.0.22+7-LTS), built on Jan 10 2024 19:54:00 by "Administrator" with MS VC++ 16.10 / 16.11 (VS2019)

END.
